Mplus VERSION 8.4 (Mac)
MUTHEN & MUTHEN
08/01/2020   2:00 AM

INPUT INSTRUCTIONS


  TITLE: ESEM of ASSIST ETOH_TOB Model

  DATA: FILE = data.etoh_tob.dems.dat;

  !Old location sequence
  !c:\Users\ndmcgee\Desktop\data.etoh.dems.07.dat;

  VARIABLE: NAMES = ATALC3M  ATALCURG ATALCPRB ATALCEXP ATALCWOR
                    ATALCTRY ATTOB3M  ATTOBURG ATTOBPRB ATTOBWOR
                    ATTOBTRY GENDER   AGE      RACE     EDU
                    JOB      MARTL;

            USEVARIABLES ARE ATALC3M  ATALCURG ATALCPRB ATALCEXP ATALCWOR
                      ATALCTRY ATTOB3M  ATTOBURG ATTOBPRB ATTOBWOR
                      ATTOBTRY;

      CATEGORICAL = ATALC3M  ATALCURG ATALCPRB ATALCEXP ATALCWOR
                    ATALCTRY ATTOB3M  ATTOBURG ATTOBPRB ATTOBWOR
                    ATTOBTRY;

      missing are all (-999);

     ANALYSIS:
     	TYPE = GENERAL;
     	ESTIMATOR = WLSMV;
      	ITERATIONS = 10000;
     	CONVERGENCE = 0.00005;
     	DIFFTEST = deriv_02_b.dat;

      MODEL:
      f1 f2 f3   by 	ATALC3M  ATALCURG ATALCPRB ATALCEXP ATALCWOR
            		ATALCTRY ATTOB3M  ATTOBURG ATTOBPRB ATTOBWOR
            		ATTOBTRY (*1);
            		ATTOBPRB WITH ATALCPRB;
            		ATALCURG WITH ATALC3M;



      OUTPUT: STANDARDIZED MODINDICES (ALL);

      SAVEDATA: DIFFTEST IS deriv_03_b.dat;






INPUT READING TERMINATED NORMALLY



ESEM of ASSIST ETOH_TOB Model

SUMMARY OF ANALYSIS

Number of groups                                                 1
Number of observations                                        1433

Number of dependent variables                                   11
Number of independent variables                                  0
Number of continuous latent variables                            3

Observed dependent variables

  Binary and ordered categorical (ordinal)
   ATALC3M     ATALCURG    ATALCPRB    ATALCEXP    ATALCWOR    ATALCTRY
   ATTOB3M     ATTOBURG    ATTOBPRB    ATTOBWOR    ATTOBTRY

Continuous latent variables

  EFA factors
  *1:   F1          F2          F3


Estimator                                                    WLSMV
Rotation                                                    GEOMIN
Row standardization                                    CORRELATION
Type of rotation                                           OBLIQUE
Epsilon value                                               Varies
Maximum number of iterations                                 10000
Convergence criterion                                    0.500D-04
Maximum number of steepest descent iterations                   20
Maximum number of iterations for H1                           2000
Convergence criterion for H1                             0.100D-03
Optimization Specifications for the Exploratory Factor Analysis
Rotation Algorithm
  Number of random starts                                       30
  Maximum number of iterations                               10000
  Derivative convergence criterion                       0.100D-04
Parameterization                                             DELTA
Link                                                        PROBIT

Input data file(s)
  data.etoh_tob.dems.dat

Input data format  FREE


SUMMARY OF DATA

     Number of missing data patterns             1


COVARIANCE COVERAGE OF DATA

Minimum covariance coverage value   0.100


     PROPORTION OF DATA PRESENT


           Covariance Coverage
              ATALC3M       ATALCURG      ATALCPRB      ATALCEXP      ATALCWOR
              ________      ________      ________      ________      ________
 ATALC3M        1.000
 ATALCURG       1.000         1.000
 ATALCPRB       1.000         1.000         1.000
 ATALCEXP       1.000         1.000         1.000         1.000
 ATALCWOR       1.000         1.000         1.000         1.000         1.000
 ATALCTRY       1.000         1.000         1.000         1.000         1.000
 ATTOB3M        1.000         1.000         1.000         1.000         1.000
 ATTOBURG       1.000         1.000         1.000         1.000         1.000
 ATTOBPRB       1.000         1.000         1.000         1.000         1.000
 ATTOBWOR       1.000         1.000         1.000         1.000         1.000
 ATTOBTRY       1.000         1.000         1.000         1.000         1.000


           Covariance Coverage
              ATALCTRY      ATTOB3M       ATTOBURG      ATTOBPRB      ATTOBWOR
              ________      ________      ________      ________      ________
 ATALCTRY       1.000
 ATTOB3M        1.000         1.000
 ATTOBURG       1.000         1.000         1.000
 ATTOBPRB       1.000         1.000         1.000         1.000
 ATTOBWOR       1.000         1.000         1.000         1.000         1.000
 ATTOBTRY       1.000         1.000         1.000         1.000         1.000


           Covariance Coverage
              ATTOBTRY
              ________
 ATTOBTRY       1.000


UNIVARIATE PROPORTIONS AND COUNTS FOR CATEGORICAL VARIABLES

    ATALC3M
      Category 1    0.392          562.000
      Category 2    0.190          272.000
      Category 3    0.184          263.000
      Category 4    0.162          232.000
      Category 5    0.073          104.000
    ATALCURG
      Category 1    0.695          996.000
      Category 2    0.084          121.000
      Category 3    0.066           95.000
      Category 4    0.084          120.000
      Category 5    0.070          101.000
    ATALCPRB
      Category 1    0.911         1305.000
      Category 2    0.024           34.000
      Category 3    0.028           40.000
      Category 4    0.020           29.000
      Category 5    0.017           25.000
    ATALCEXP
      Category 1    0.924         1324.000
      Category 2    0.034           49.000
      Category 3    0.015           21.000
      Category 4    0.015           21.000
      Category 5    0.013           18.000
    ATALCWOR
      Category 1    0.736         1054.000
      Category 2    0.178          255.000
      Category 3    0.087          124.000
    ATALCTRY
      Category 1    0.787         1128.000
      Category 2    0.138          198.000
      Category 3    0.075          107.000
    ATTOB3M
      Category 1    0.433          621.000
      Category 2    0.064           92.000
      Category 3    0.040           57.000
      Category 4    0.052           74.000
      Category 5    0.411          589.000
    ATTOBURG
      Category 1    0.518          742.000
      Category 2    0.039           56.000
      Category 3    0.022           31.000
      Category 4    0.057           82.000
      Category 5    0.364          522.000
    ATTOBPRB
      Category 1    0.826         1184.000
      Category 2    0.041           59.000
      Category 3    0.033           47.000
      Category 4    0.022           32.000
      Category 5    0.077          111.000
    ATTOBWOR
      Category 1    0.543          778.000
      Category 2    0.206          295.000
      Category 3    0.251          360.000
    ATTOBTRY
      Category 1    0.496          711.000
      Category 2    0.280          401.000
      Category 3    0.224          321.000



THE MODEL ESTIMATION TERMINATED NORMALLY

     THE CHI-SQUARE DIFFERENCE TEST COULD NOT BE COMPUTED BECAUSE THE H0 MODEL
     IS NOT NESTED IN THE H1 MODEL. THE H1 MODEL HAS 67 PARAMETERS.
     THE H0 MODEL HAS 68 PARAMETERS.



MODEL FIT INFORMATION

Number of Free Parameters                       68

Chi-Square Test of Model Fit

          Value                            101.522*
          Degrees of Freedom                    23
          P-Value                           0.0000

*   The chi-square value for MLM, MLMV, MLR, ULSMV, WLSM and WLSMV cannot be used
    for chi-square difference testing in the regular way.  MLM, MLR and WLSM
    chi-square difference testing is described on the Mplus website.  MLMV, WLSMV,
    and ULSMV difference testing is done using the DIFFTEST option.

RMSEA (Root Mean Square Error Of Approximation)

          Estimate                           0.049
          90 Percent C.I.                    0.039  0.059
          Probability RMSEA <= .05           0.560

CFI/TLI

          CFI                                0.999
          TLI                                0.997

Chi-Square Test of Model Fit for the Baseline Model

          Value                          56187.035
          Degrees of Freedom                    55
          P-Value                           0.0000

SRMR (Standardized Root Mean Square Residual)

          Value                              0.023

Optimum Function Value for Weighted Least-Squares Estimator

          Value                     0.12464160D-01



MODEL RESULTS

                                                    Two-Tailed
                    Estimate       S.E.  Est./S.E.    P-Value

 F1       BY
    ATALC3M            0.749      0.044     17.085      0.000
    ATALCURG           0.760      0.031     24.355      0.000
    ATALCPRB           0.871      0.028     30.733      0.000
    ATALCEXP           0.903      0.026     34.260      0.000
    ATALCWOR           0.615      0.043     14.365      0.000
    ATALCTRY           0.646      0.044     14.807      0.000
    ATTOB3M            0.000      0.009     -0.022      0.983
    ATTOBURG          -0.002      0.015     -0.140      0.889
    ATTOBPRB           0.099      0.044      2.229      0.026
    ATTOBWOR          -0.067      0.041     -1.615      0.106
    ATTOBTRY           0.020      0.007      2.736      0.006

 F2       BY
    ATALC3M           -0.015      0.004     -3.495      0.000
    ATALCURG           0.112      0.029      3.893      0.000
    ATALCPRB           0.099      0.051      1.942      0.052
    ATALCEXP           0.137      0.049      2.786      0.005
    ATALCWOR           0.026      0.023      1.155      0.248
    ATALCTRY          -0.033      0.022     -1.542      0.123
    ATTOB3M            1.004      0.017     58.713      0.000
    ATTOBURG           0.983      0.014     69.408      0.000
    ATTOBPRB           0.703      0.032     21.753      0.000
    ATTOBWOR           0.636      0.029     21.881      0.000
    ATTOBTRY           0.631      0.028     22.214      0.000

 F3       BY
    ATALC3M           -0.400      0.054     -7.412      0.000
    ATALCURG          -0.157      0.048     -3.262      0.001
    ATALCPRB          -0.010      0.016     -0.639      0.523
    ATALCEXP           0.022      0.025      0.871      0.384
    ATALCWOR           0.510      0.039     13.190      0.000
    ATALCTRY           0.586      0.041     14.232      0.000
    ATTOB3M           -0.067      0.031     -2.173      0.030
    ATTOBURG          -0.019      0.015     -1.216      0.224
    ATTOBPRB           0.111      0.047      2.335      0.020
    ATTOBWOR           0.425      0.036     11.954      0.000
    ATTOBTRY           0.430      0.035     12.313      0.000

 F2       WITH
    F1                 0.296      0.035      8.471      0.000

 F3       WITH
    F1                 0.045      0.081      0.551      0.582
    F2                 0.154      0.052      2.960      0.003

 ATTOBPRB WITH
    ATALCPRB           0.262      0.035      7.488      0.000

 ATALCURG WITH
    ATALC3M            0.186      0.042      4.412      0.000

 Thresholds
    ATALC3M$1         -0.274      0.034     -8.153      0.000
    ATALC3M$2          0.207      0.033      6.204      0.000
    ATALC3M$3          0.724      0.036     19.860      0.000
    ATALC3M$4          1.457      0.050     29.345      0.000
    ATALCURG$1         0.510      0.035     14.694      0.000
    ATALCURG$2         0.770      0.037     20.857      0.000
    ATALCURG$3         1.018      0.040     25.353      0.000
    ATALCURG$4         1.472      0.050     29.389      0.000
    ATALCPRB$1         1.345      0.047     28.826      0.000
    ATALCPRB$2         1.509      0.051     29.471      0.000
    ATALCPRB$3         1.778      0.061     29.017      0.000
    ATALCPRB$4         2.110      0.080     26.291      0.000
    ATALCEXP$1         1.432      0.049     29.259      0.000
    ATALCEXP$2         1.729      0.059     29.230      0.000
    ATALCEXP$3         1.923      0.069     28.078      0.000
    ATALCEXP$4         2.240      0.091     24.736      0.000
    ATALCWOR$1         0.630      0.036     17.682      0.000
    ATALCWOR$2         1.362      0.047     28.930      0.000
    ATALCTRY$1         0.797      0.037     21.400      0.000
    ATALCTRY$2         1.442      0.049     29.295      0.000
    ATTOB3M$1         -0.168      0.033     -5.043      0.000
    ATTOB3M$2         -0.006      0.033     -0.185      0.853
    ATTOB3M$3          0.094      0.033      2.826      0.005
    ATTOB3M$4          0.225      0.033      6.731      0.000
    ATTOBURG$1         0.045      0.033      1.347      0.178
    ATTOBURG$2         0.143      0.033      4.305      0.000
    ATTOBURG$3         0.198      0.033      5.940      0.000
    ATTOBURG$4         0.347      0.034     10.255      0.000
    ATTOBPRB$1         0.939      0.039     24.084      0.000
    ATTOBPRB$2         1.114      0.042     26.672      0.000
    ATTOBPRB$3         1.283      0.045     28.389      0.000
    ATTOBPRB$4         1.422      0.049     29.221      0.000
    ATTOBWOR$1         0.108      0.033      3.249      0.001
    ATTOBWOR$2         0.671      0.036     18.649      0.000
    ATTOBTRY$1        -0.010      0.033     -0.291      0.771
    ATTOBTRY$2         0.759      0.037     20.609      0.000

 Variances
    F1                 1.000      0.000    999.000    999.000
    F2                 1.000      0.000    999.000    999.000
    F3                 1.000      0.000    999.000    999.000


STANDARDIZED MODEL RESULTS


STDYX Standardization

                                                    Two-Tailed
                    Estimate       S.E.  Est./S.E.    P-Value

 F1       BY
    ATALC3M            0.749      0.044     17.085      0.000
    ATALCURG           0.760      0.031     24.355      0.000
    ATALCPRB           0.871      0.028     30.733      0.000
    ATALCEXP           0.903      0.026     34.260      0.000
    ATALCWOR           0.615      0.043     14.365      0.000
    ATALCTRY           0.646      0.044     14.807      0.000
    ATTOB3M            0.000      0.009     -0.022      0.983
    ATTOBURG          -0.002      0.015     -0.140      0.889
    ATTOBPRB           0.099      0.044      2.229      0.026
    ATTOBWOR          -0.067      0.041     -1.615      0.106
    ATTOBTRY           0.020      0.007      2.736      0.006

 F2       BY
    ATALC3M           -0.015      0.004     -3.495      0.000
    ATALCURG           0.112      0.029      3.893      0.000
    ATALCPRB           0.099      0.051      1.942      0.052
    ATALCEXP           0.137      0.049      2.786      0.005
    ATALCWOR           0.026      0.023      1.155      0.248
    ATALCTRY          -0.033      0.022     -1.542      0.123
    ATTOB3M            1.004      0.017     58.713      0.000
    ATTOBURG           0.983      0.014     69.408      0.000
    ATTOBPRB           0.703      0.032     21.753      0.000
    ATTOBWOR           0.636      0.029     21.881      0.000
    ATTOBTRY           0.631      0.028     22.214      0.000

 F3       BY
    ATALC3M           -0.400      0.054     -7.412      0.000
    ATALCURG          -0.157      0.048     -3.262      0.001
    ATALCPRB          -0.010      0.016     -0.639      0.523
    ATALCEXP           0.022      0.025      0.871      0.384
    ATALCWOR           0.510      0.039     13.190      0.000
    ATALCTRY           0.586      0.041     14.232      0.000
    ATTOB3M           -0.067      0.031     -2.173      0.030
    ATTOBURG          -0.019      0.015     -1.216      0.224
    ATTOBPRB           0.111      0.047      2.335      0.020
    ATTOBWOR           0.425      0.036     11.954      0.000
    ATTOBTRY           0.430      0.035     12.313      0.000

 F2       WITH
    F1                 0.296      0.035      8.471      0.000

 F3       WITH
    F1                 0.045      0.081      0.551      0.582
    F2                 0.154      0.052      2.960      0.003

 ATTOBPRB WITH
    ATALCPRB           0.953      0.130      7.315      0.000

 ATALCURG WITH
    ATALC3M            0.563      0.059      9.563      0.000

 Thresholds
    ATALC3M$1         -0.274      0.034     -8.153      0.000
    ATALC3M$2          0.207      0.033      6.204      0.000
    ATALC3M$3          0.724      0.036     19.860      0.000
    ATALC3M$4          1.457      0.050     29.345      0.000
    ATALCURG$1         0.510      0.035     14.694      0.000
    ATALCURG$2         0.770      0.037     20.857      0.000
    ATALCURG$3         1.018      0.040     25.353      0.000
    ATALCURG$4         1.472      0.050     29.389      0.000
    ATALCPRB$1         1.345      0.047     28.826      0.000
    ATALCPRB$2         1.509      0.051     29.471      0.000
    ATALCPRB$3         1.778      0.061     29.017      0.000
    ATALCPRB$4         2.110      0.080     26.291      0.000
    ATALCEXP$1         1.432      0.049     29.259      0.000
    ATALCEXP$2         1.729      0.059     29.230      0.000
    ATALCEXP$3         1.923      0.069     28.078      0.000
    ATALCEXP$4         2.240      0.091     24.736      0.000
    ATALCWOR$1         0.630      0.036     17.682      0.000
    ATALCWOR$2         1.362      0.047     28.930      0.000
    ATALCTRY$1         0.797      0.037     21.400      0.000
    ATALCTRY$2         1.442      0.049     29.295      0.000
    ATTOB3M$1         -0.168      0.033     -5.043      0.000
    ATTOB3M$2         -0.006      0.033     -0.185      0.853
    ATTOB3M$3          0.094      0.033      2.826      0.005
    ATTOB3M$4          0.225      0.033      6.731      0.000
    ATTOBURG$1         0.045      0.033      1.347      0.178
    ATTOBURG$2         0.143      0.033      4.305      0.000
    ATTOBURG$3         0.198      0.033      5.940      0.000
    ATTOBURG$4         0.347      0.034     10.255      0.000
    ATTOBPRB$1         0.939      0.039     24.084      0.000
    ATTOBPRB$2         1.114      0.042     26.672      0.000
    ATTOBPRB$3         1.283      0.045     28.389      0.000
    ATTOBPRB$4         1.422      0.049     29.221      0.000
    ATTOBWOR$1         0.108      0.033      3.249      0.001
    ATTOBWOR$2         0.671      0.036     18.649      0.000
    ATTOBTRY$1        -0.010      0.033     -0.291      0.771
    ATTOBTRY$2         0.759      0.037     20.609      0.000

 Variances
    F1                 1.000      0.000    999.000    999.000
    F2                 1.000      0.000    999.000    999.000
    F3                 1.000      0.000    999.000    999.000


STDY Standardization

                                                    Two-Tailed
                    Estimate       S.E.  Est./S.E.    P-Value

 F1       BY
    ATALC3M            0.749      0.044     17.085      0.000
    ATALCURG           0.760      0.031     24.355      0.000
    ATALCPRB           0.871      0.028     30.733      0.000
    ATALCEXP           0.903      0.026     34.260      0.000
    ATALCWOR           0.615      0.043     14.365      0.000
    ATALCTRY           0.646      0.044     14.807      0.000
    ATTOB3M            0.000      0.009     -0.022      0.983
    ATTOBURG          -0.002      0.015     -0.140      0.889
    ATTOBPRB           0.099      0.044      2.229      0.026
    ATTOBWOR          -0.067      0.041     -1.615      0.106
    ATTOBTRY           0.020      0.007      2.736      0.006

 F2       BY
    ATALC3M           -0.015      0.004     -3.495      0.000
    ATALCURG           0.112      0.029      3.893      0.000
    ATALCPRB           0.099      0.051      1.942      0.052
    ATALCEXP           0.137      0.049      2.786      0.005
    ATALCWOR           0.026      0.023      1.155      0.248
    ATALCTRY          -0.033      0.022     -1.542      0.123
    ATTOB3M            1.004      0.017     58.713      0.000
    ATTOBURG           0.983      0.014     69.408      0.000
    ATTOBPRB           0.703      0.032     21.753      0.000
    ATTOBWOR           0.636      0.029     21.881      0.000
    ATTOBTRY           0.631      0.028     22.214      0.000

 F3       BY
    ATALC3M           -0.400      0.054     -7.412      0.000
    ATALCURG          -0.157      0.048     -3.262      0.001
    ATALCPRB          -0.010      0.016     -0.639      0.523
    ATALCEXP           0.022      0.025      0.871      0.384
    ATALCWOR           0.510      0.039     13.190      0.000
    ATALCTRY           0.586      0.041     14.232      0.000
    ATTOB3M           -0.067      0.031     -2.173      0.030
    ATTOBURG          -0.019      0.015     -1.216      0.224
    ATTOBPRB           0.111      0.047      2.335      0.020
    ATTOBWOR           0.425      0.036     11.954      0.000
    ATTOBTRY           0.430      0.035     12.313      0.000

 F2       WITH
    F1                 0.296      0.035      8.471      0.000

 F3       WITH
    F1                 0.045      0.081      0.551      0.582
    F2                 0.154      0.052      2.960      0.003

 ATTOBPRB WITH
    ATALCPRB           0.953      0.130      7.315      0.000

 ATALCURG WITH
    ATALC3M            0.563      0.059      9.563      0.000

 Thresholds
    ATALC3M$1         -0.274      0.034     -8.153      0.000
    ATALC3M$2          0.207      0.033      6.204      0.000
    ATALC3M$3          0.724      0.036     19.860      0.000
    ATALC3M$4          1.457      0.050     29.345      0.000
    ATALCURG$1         0.510      0.035     14.694      0.000
    ATALCURG$2         0.770      0.037     20.857      0.000
    ATALCURG$3         1.018      0.040     25.353      0.000
    ATALCURG$4         1.472      0.050     29.389      0.000
    ATALCPRB$1         1.345      0.047     28.826      0.000
    ATALCPRB$2         1.509      0.051     29.471      0.000
    ATALCPRB$3         1.778      0.061     29.017      0.000
    ATALCPRB$4         2.110      0.080     26.291      0.000
    ATALCEXP$1         1.432      0.049     29.259      0.000
    ATALCEXP$2         1.729      0.059     29.230      0.000
    ATALCEXP$3         1.923      0.069     28.078      0.000
    ATALCEXP$4         2.240      0.091     24.736      0.000
    ATALCWOR$1         0.630      0.036     17.682      0.000
    ATALCWOR$2         1.362      0.047     28.930      0.000
    ATALCTRY$1         0.797      0.037     21.400      0.000
    ATALCTRY$2         1.442      0.049     29.295      0.000
    ATTOB3M$1         -0.168      0.033     -5.043      0.000
    ATTOB3M$2         -0.006      0.033     -0.185      0.853
    ATTOB3M$3          0.094      0.033      2.826      0.005
    ATTOB3M$4          0.225      0.033      6.731      0.000
    ATTOBURG$1         0.045      0.033      1.347      0.178
    ATTOBURG$2         0.143      0.033      4.305      0.000
    ATTOBURG$3         0.198      0.033      5.940      0.000
    ATTOBURG$4         0.347      0.034     10.255      0.000
    ATTOBPRB$1         0.939      0.039     24.084      0.000
    ATTOBPRB$2         1.114      0.042     26.672      0.000
    ATTOBPRB$3         1.283      0.045     28.389      0.000
    ATTOBPRB$4         1.422      0.049     29.221      0.000
    ATTOBWOR$1         0.108      0.033      3.249      0.001
    ATTOBWOR$2         0.671      0.036     18.649      0.000
    ATTOBTRY$1        -0.010      0.033     -0.291      0.771
    ATTOBTRY$2         0.759      0.037     20.609      0.000

 Variances
    F1                 1.000      0.000    999.000    999.000
    F2                 1.000      0.000    999.000    999.000
    F3                 1.000      0.000    999.000    999.000


STD Standardization

                                                    Two-Tailed
                    Estimate       S.E.  Est./S.E.    P-Value

 F1       BY
    ATALC3M            0.749      0.044     17.085      0.000
    ATALCURG           0.760      0.031     24.355      0.000
    ATALCPRB           0.871      0.028     30.733      0.000
    ATALCEXP           0.903      0.026     34.260      0.000
    ATALCWOR           0.615      0.043     14.365      0.000
    ATALCTRY           0.646      0.044     14.807      0.000
    ATTOB3M            0.000      0.009     -0.022      0.983
    ATTOBURG          -0.002      0.015     -0.140      0.889
    ATTOBPRB           0.099      0.044      2.229      0.026
    ATTOBWOR          -0.067      0.041     -1.615      0.106
    ATTOBTRY           0.020      0.007      2.736      0.006

 F2       BY
    ATALC3M           -0.015      0.004     -3.495      0.000
    ATALCURG           0.112      0.029      3.893      0.000
    ATALCPRB           0.099      0.051      1.942      0.052
    ATALCEXP           0.137      0.049      2.786      0.005
    ATALCWOR           0.026      0.023      1.155      0.248
    ATALCTRY          -0.033      0.022     -1.542      0.123
    ATTOB3M            1.004      0.017     58.713      0.000
    ATTOBURG           0.983      0.014     69.408      0.000
    ATTOBPRB           0.703      0.032     21.753      0.000
    ATTOBWOR           0.636      0.029     21.881      0.000
    ATTOBTRY           0.631      0.028     22.214      0.000

 F3       BY
    ATALC3M           -0.400      0.054     -7.412      0.000
    ATALCURG          -0.157      0.048     -3.262      0.001
    ATALCPRB          -0.010      0.016     -0.639      0.523
    ATALCEXP           0.022      0.025      0.871      0.384
    ATALCWOR           0.510      0.039     13.190      0.000
    ATALCTRY           0.586      0.041     14.232      0.000
    ATTOB3M           -0.067      0.031     -2.173      0.030
    ATTOBURG          -0.019      0.015     -1.216      0.224
    ATTOBPRB           0.111      0.047      2.335      0.020
    ATTOBWOR           0.425      0.036     11.954      0.000
    ATTOBTRY           0.430      0.035     12.313      0.000

 F2       WITH
    F1                 0.296      0.035      8.471      0.000

 F3       WITH
    F1                 0.045      0.081      0.551      0.582
    F2                 0.154      0.052      2.960      0.003

 ATTOBPRB WITH
    ATALCPRB           0.262      0.035      7.488      0.000

 ATALCURG WITH
    ATALC3M            0.186      0.042      4.412      0.000

 Thresholds
    ATALC3M$1         -0.274      0.034     -8.153      0.000
    ATALC3M$2          0.207      0.033      6.204      0.000
    ATALC3M$3          0.724      0.036     19.860      0.000
    ATALC3M$4          1.457      0.050     29.345      0.000
    ATALCURG$1         0.510      0.035     14.694      0.000
    ATALCURG$2         0.770      0.037     20.857      0.000
    ATALCURG$3         1.018      0.040     25.353      0.000
    ATALCURG$4         1.472      0.050     29.389      0.000
    ATALCPRB$1         1.345      0.047     28.826      0.000
    ATALCPRB$2         1.509      0.051     29.471      0.000
    ATALCPRB$3         1.778      0.061     29.017      0.000
    ATALCPRB$4         2.110      0.080     26.291      0.000
    ATALCEXP$1         1.432      0.049     29.259      0.000
    ATALCEXP$2         1.729      0.059     29.230      0.000
    ATALCEXP$3         1.923      0.069     28.078      0.000
    ATALCEXP$4         2.240      0.091     24.736      0.000
    ATALCWOR$1         0.630      0.036     17.682      0.000
    ATALCWOR$2         1.362      0.047     28.930      0.000
    ATALCTRY$1         0.797      0.037     21.400      0.000
    ATALCTRY$2         1.442      0.049     29.295      0.000
    ATTOB3M$1         -0.168      0.033     -5.043      0.000
    ATTOB3M$2         -0.006      0.033     -0.185      0.853
    ATTOB3M$3          0.094      0.033      2.826      0.005
    ATTOB3M$4          0.225      0.033      6.731      0.000
    ATTOBURG$1         0.045      0.033      1.347      0.178
    ATTOBURG$2         0.143      0.033      4.305      0.000
    ATTOBURG$3         0.198      0.033      5.940      0.000
    ATTOBURG$4         0.347      0.034     10.255      0.000
    ATTOBPRB$1         0.939      0.039     24.084      0.000
    ATTOBPRB$2         1.114      0.042     26.672      0.000
    ATTOBPRB$3         1.283      0.045     28.389      0.000
    ATTOBPRB$4         1.422      0.049     29.221      0.000
    ATTOBWOR$1         0.108      0.033      3.249      0.001
    ATTOBWOR$2         0.671      0.036     18.649      0.000
    ATTOBTRY$1        -0.010      0.033     -0.291      0.771
    ATTOBTRY$2         0.759      0.037     20.609      0.000

 Variances
    F1                 1.000      0.000    999.000    999.000
    F2                 1.000      0.000    999.000    999.000
    F3                 1.000      0.000    999.000    999.000


R-SQUARE

    Observed                                        Two-Tailed   Residual
    Variable        Estimate       S.E.  Est./S.E.    P-Value    Variance

    ATALC3M            0.689      0.065     10.568      0.000      0.311
    ATALCURG           0.649      0.044     14.872      0.000      0.351
    ATALCPRB           0.819      0.036     22.559      0.000      0.181
    ATALCEXP           0.911      0.036     25.008      0.000      0.089
    ATALCWOR           0.681      0.037     18.303      0.000      0.319
    ATALCTRY           0.776      0.045     17.354      0.000      0.224
    ATTOB3M            0.991      0.027     36.640      0.000      0.009
    ATTOBURG           0.960      0.025     39.077      0.000      0.040
    ATTOBPRB           0.583      0.034     17.054      0.000      0.417
    ATTOBWOR           0.645      0.029     22.042      0.000      0.355
    ATTOBTRY           0.676      0.030     22.772      0.000      0.324


QUALITY OF NUMERICAL RESULTS

     Condition Number for the Information Matrix              0.549E-04
       (ratio of smallest to largest eigenvalue)


MODEL MODIFICATION INDICES

Minimum M.I. value for printing the modification index    10.000

                                   M.I.     E.P.C.  Std E.P.C.  StdYX E.P.C.

ON Statements

ATALCEXP ON ATTOBPRB              22.352     0.177      0.177        0.177
ATALCWOR ON ATTOBWOR              32.247     0.174      0.174        0.174
ATALCWOR ON ATTOBTRY              23.538    -0.153     -0.153       -0.153
ATALCTRY ON ATALC3M               10.159    -0.109     -0.109       -0.109
ATALCTRY ON ATTOBWOR              43.005    -0.230     -0.230       -0.230
ATTOBPRB ON ATALCEXP              25.060     0.186      0.186        0.186
ATTOBWOR ON ATALCWOR              32.242     0.174      0.174        0.174
ATTOBWOR ON ATALCTRY              43.011    -0.230     -0.230       -0.230
ATTOBTRY ON ATALCWOR              23.543    -0.153     -0.153       -0.153

WITH Statements

ATTOBPRB WITH ATALCEXP            25.063     0.186      0.186        0.963
ATTOBWOR WITH ATALCWOR            32.244     0.174      0.174        0.516
ATTOBWOR WITH ATALCTRY            43.009    -0.230     -0.230       -0.816
ATTOBTRY WITH ATALCWOR            23.540    -0.153     -0.153       -0.477


SAVEDATA INFORMATION


  Difference testing

  Save file
    deriv_03_b.dat
  Save format      Free

     Beginning Time:  02:00:57
        Ending Time:  02:00:57
       Elapsed Time:  00:00:00



MUTHEN & MUTHEN
3463 Stoner Ave.
Los Angeles, CA  90066

Tel: (310) 391-9971
Fax: (310) 391-8971
Web: www.StatModel.com
Support: Support@StatModel.com

Copyright (c) 1998-2019 Muthen & Muthen
