Mplus VERSION 8.4 (Mac)
MUTHEN & MUTHEN
07/27/2020   2:03 AM

INPUT INSTRUCTIONS


  TITLE: ESEM of ASSIST OPS Model

  DATA: FILE = data.ops.dems.04.dat;

  !Old location sequence
  !c:\Users\ndmcgee\Desktop\data.etoh.dems.07.dat;

  VARIABLE: NAMES = ATOPS3M  ATOPSURG ATOPSPRB ATOPSEXP
                    ATOPSWOR ATOPSTRY ATDRGINJ ATINJFRQ;

      CATEGORICAL = ATOPS3M  ATOPSURG ATOPSPRB ATOPSEXP
                    ATOPSWOR ATOPSTRY ATDRGINJ ATINJFRQ;

      missing are all (-999);

     ANALYSIS:
     	TYPE = GENERAL;
     	ESTIMATOR = WLSMV;
      	ITERATIONS = 10000;
     	CONVERGENCE = 0.00005;

      MODEL:
      f1 f2  by ATOPS3M  ATOPSURG ATOPSPRB ATOPSEXP
               ATOPSWOR ATOPSTRY ATDRGINJ ATINJFRQ (*1);
               ATINJFRQ WITH ATDRGINJ;
               ATOPSURG WITH ATOPS3M;


      OUTPUT: STANDARDIZED MODINDICES (ALL);



INPUT READING TERMINATED NORMALLY



ESEM of ASSIST OPS Model

SUMMARY OF ANALYSIS

Number of groups                                                 1
Number of observations                                         409

Number of dependent variables                                    8
Number of independent variables                                  0
Number of continuous latent variables                            2

Observed dependent variables

  Binary and ordered categorical (ordinal)
   ATOPS3M     ATOPSURG    ATOPSPRB    ATOPSEXP    ATOPSWOR    ATOPSTRY
   ATDRGINJ    ATINJFRQ

Continuous latent variables

  EFA factors
  *1:   F1          F2


Estimator                                                    WLSMV
Rotation                                                    GEOMIN
Row standardization                                    CORRELATION
Type of rotation                                           OBLIQUE
Epsilon value                                               Varies
Maximum number of iterations                                 10000
Convergence criterion                                    0.500D-04
Maximum number of steepest descent iterations                   20
Maximum number of iterations for H1                           2000
Convergence criterion for H1                             0.100D-03
Optimization Specifications for the Exploratory Factor Analysis
Rotation Algorithm
  Number of random starts                                       30
  Maximum number of iterations                               10000
  Derivative convergence criterion                       0.100D-04
Parameterization                                             DELTA
Link                                                        PROBIT

Input data file(s)
  data.ops.dems.04.dat

Input data format  FREE


SUMMARY OF DATA

     Number of missing data patterns             1


COVARIANCE COVERAGE OF DATA

Minimum covariance coverage value   0.100


     PROPORTION OF DATA PRESENT


           Covariance Coverage
              ATOPS3M       ATOPSURG      ATOPSPRB      ATOPSEXP      ATOPSWOR
              ________      ________      ________      ________      ________
 ATOPS3M        1.000
 ATOPSURG       1.000         1.000
 ATOPSPRB       1.000         1.000         1.000
 ATOPSEXP       1.000         1.000         1.000         1.000
 ATOPSWOR       1.000         1.000         1.000         1.000         1.000
 ATOPSTRY       1.000         1.000         1.000         1.000         1.000
 ATDRGINJ       1.000         1.000         1.000         1.000         1.000
 ATINJFRQ       1.000         1.000         1.000         1.000         1.000


           Covariance Coverage
              ATOPSTRY      ATDRGINJ      ATINJFRQ
              ________      ________      ________
 ATOPSTRY       1.000
 ATDRGINJ       1.000         1.000
 ATINJFRQ       1.000         1.000         1.000


UNIVARIATE PROPORTIONS AND COUNTS FOR CATEGORICAL VARIABLES

    ATOPS3M
      Category 1    0.736          301.000
      Category 2    0.083           34.000
      Category 3    0.054           22.000
      Category 4    0.044           18.000
      Category 5    0.083           34.000
    ATOPSURG
      Category 1    0.795          325.000
      Category 2    0.032           13.000
      Category 3    0.034           14.000
      Category 4    0.039           16.000
      Category 5    0.100           41.000
    ATOPSPRB
      Category 1    0.875          358.000
      Category 2    0.034           14.000
      Category 3    0.020            8.000
      Category 4    0.027           11.000
      Category 5    0.044           18.000
    ATOPSEXP
      Category 1    0.873          357.000
      Category 2    0.039           16.000
      Category 3    0.017            7.000
      Category 4    0.024           10.000
      Category 5    0.046           19.000
    ATOPSWOR
      Category 1    0.565          231.000
      Category 2    0.303          124.000
      Category 3    0.132           54.000
    ATOPSTRY
      Category 1    0.577          236.000
      Category 2    0.279          114.000
      Category 3    0.144           59.000
    ATDRGINJ
      Category 1    0.685          280.000
      Category 2    0.264          108.000
      Category 3    0.051           21.000
    ATINJFRQ
      Category 1    0.758          310.000
      Category 2    0.012            5.000
      Category 3    0.020            8.000
      Category 4    0.210           86.000



THE MODEL ESTIMATION TERMINATED NORMALLY



MODEL FIT INFORMATION

Number of Free Parameters                       42

Chi-Square Test of Model Fit

          Value                             10.941*
          Degrees of Freedom                    11
          P-Value                           0.4482

*   The chi-square value for MLM, MLMV, MLR, ULSMV, WLSM and WLSMV cannot be used
    for chi-square difference testing in the regular way.  MLM, MLR and WLSM
    chi-square difference testing is described on the Mplus website.  MLMV, WLSMV,
    and ULSMV difference testing is done using the DIFFTEST option.

RMSEA (Root Mean Square Error Of Approximation)

          Estimate                           0.000
          90 Percent C.I.                    0.000  0.052
          Probability RMSEA <= .05           0.940

CFI/TLI

          CFI                                1.000
          TLI                                1.000

Chi-Square Test of Model Fit for the Baseline Model

          Value                          18167.237
          Degrees of Freedom                    28
          P-Value                           0.0000

SRMR (Standardized Root Mean Square Residual)

          Value                              0.011

Optimum Function Value for Weighted Least-Squares Estimator

          Value                     0.24416996D-02



MODEL RESULTS

                                                    Two-Tailed
                    Estimate       S.E.  Est./S.E.    P-Value

 F1       BY
    ATOPS3M            1.001      0.064     15.722      0.000
    ATOPSURG           0.962      0.037     26.082      0.000
    ATOPSPRB           0.961      0.011     85.289      0.000
    ATOPSEXP           0.970      0.015     64.038      0.000
    ATOPSWOR           0.635      0.084      7.535      0.000
    ATOPSTRY           0.723      0.066     10.930      0.000
    ATDRGINJ           0.179      0.048      3.713      0.000
    ATINJFRQ          -0.007      0.010     -0.754      0.451

 F2       BY
    ATOPS3M           -0.256      0.084     -3.061      0.002
    ATOPSURG          -0.119      0.062     -1.923      0.054
    ATOPSPRB           0.005      0.007      0.614      0.539
    ATOPSEXP           0.037      0.028      1.304      0.192
    ATOPSWOR           0.509      0.066      7.704      0.000
    ATOPSTRY           0.406      0.056      7.211      0.000
    ATDRGINJ           0.465      0.076      6.093      0.000
    ATINJFRQ           0.634      0.102      6.197      0.000

 F2       WITH
    F1                 0.290      0.141      2.060      0.039

 ATINJFRQ WITH
    ATDRGINJ           0.540      0.084      6.466      0.000

 ATOPSURG WITH
    ATOPS3M            0.085      0.045      1.878      0.060

 Thresholds
    ATOPS3M$1          0.631      0.067      9.463      0.000
    ATOPS3M$2          0.912      0.072     12.610      0.000
    ATOPS3M$3          1.140      0.079     14.416      0.000
    ATOPS3M$4          1.384      0.089     15.518      0.000
    ATOPSURG$1         0.823      0.070     11.713      0.000
    ATOPSURG$2         0.940      0.073     12.873      0.000
    ATOPSURG$3         1.083      0.077     14.035      0.000
    ATOPSURG$4         1.280      0.084     15.156      0.000
    ATOPSPRB$1         1.152      0.079     14.490      0.000
    ATOPSPRB$2         1.338      0.087     15.377      0.000
    ATOPSPRB$3         1.469      0.094     15.696      0.000
    ATOPSPRB$4         1.706      0.109     15.660      0.000
    ATOPSEXP$1         1.140      0.079     14.416      0.000
    ATOPSEXP$2         1.353      0.088     15.426      0.000
    ATOPSEXP$3         1.469      0.094     15.696      0.000
    ATOPSEXP$4         1.680      0.107     15.700      0.000
    ATOPSWOR$1         0.163      0.062      2.620      0.009
    ATOPSWOR$2         1.117      0.078     14.267      0.000
    ATOPSTRY$1         0.194      0.062      3.113      0.002
    ATOPSTRY$2         1.061      0.076     13.877      0.000
    ATDRGINJ$1         0.481      0.065      7.434      0.000
    ATDRGINJ$2         1.632      0.104     15.753      0.000
    ATINJFRQ$1         0.700      0.068     10.318      0.000
    ATINJFRQ$2         0.739      0.069     10.788      0.000
    ATINJFRQ$3         0.805      0.070     11.530      0.000

 Variances
    F1                 1.000      0.000    999.000    999.000
    F2                 1.000      0.000    999.000    999.000


STANDARDIZED MODEL RESULTS


STDYX Standardization

                                                    Two-Tailed
                    Estimate       S.E.  Est./S.E.    P-Value

 F1       BY
    ATOPS3M            1.001      0.064     15.722      0.000
    ATOPSURG           0.962      0.037     26.082      0.000
    ATOPSPRB           0.961      0.011     85.289      0.000
    ATOPSEXP           0.970      0.015     64.038      0.000
    ATOPSWOR           0.635      0.084      7.535      0.000
    ATOPSTRY           0.723      0.066     10.930      0.000
    ATDRGINJ           0.179      0.048      3.713      0.000
    ATINJFRQ          -0.007      0.010     -0.754      0.451

 F2       BY
    ATOPS3M           -0.256      0.084     -3.061      0.002
    ATOPSURG          -0.119      0.062     -1.923      0.054
    ATOPSPRB           0.005      0.007      0.614      0.539
    ATOPSEXP           0.037      0.028      1.304      0.192
    ATOPSWOR           0.509      0.066      7.704      0.000
    ATOPSTRY           0.406      0.056      7.211      0.000
    ATDRGINJ           0.465      0.076      6.093      0.000
    ATINJFRQ           0.634      0.102      6.197      0.000

 F2       WITH
    F1                 0.290      0.141      2.060      0.039

 ATINJFRQ WITH
    ATDRGINJ           0.832      0.028     29.857      0.000

 ATOPSURG WITH
    ATOPS3M            0.841      0.084      9.981      0.000

 Thresholds
    ATOPS3M$1          0.631      0.067      9.463      0.000
    ATOPS3M$2          0.912      0.072     12.610      0.000
    ATOPS3M$3          1.140      0.079     14.416      0.000
    ATOPS3M$4          1.384      0.089     15.518      0.000
    ATOPSURG$1         0.823      0.070     11.713      0.000
    ATOPSURG$2         0.940      0.073     12.873      0.000
    ATOPSURG$3         1.083      0.077     14.035      0.000
    ATOPSURG$4         1.280      0.084     15.156      0.000
    ATOPSPRB$1         1.152      0.079     14.490      0.000
    ATOPSPRB$2         1.338      0.087     15.377      0.000
    ATOPSPRB$3         1.469      0.094     15.696      0.000
    ATOPSPRB$4         1.706      0.109     15.660      0.000
    ATOPSEXP$1         1.140      0.079     14.416      0.000
    ATOPSEXP$2         1.353      0.088     15.426      0.000
    ATOPSEXP$3         1.469      0.094     15.696      0.000
    ATOPSEXP$4         1.680      0.107     15.700      0.000
    ATOPSWOR$1         0.163      0.062      2.620      0.009
    ATOPSWOR$2         1.117      0.078     14.267      0.000
    ATOPSTRY$1         0.194      0.062      3.113      0.002
    ATOPSTRY$2         1.061      0.076     13.877      0.000
    ATDRGINJ$1         0.481      0.065      7.434      0.000
    ATDRGINJ$2         1.632      0.104     15.753      0.000
    ATINJFRQ$1         0.700      0.068     10.318      0.000
    ATINJFRQ$2         0.739      0.069     10.788      0.000
    ATINJFRQ$3         0.805      0.070     11.530      0.000

 Variances
    F1                 1.000      0.000    999.000    999.000
    F2                 1.000      0.000    999.000    999.000


STDY Standardization

                                                    Two-Tailed
                    Estimate       S.E.  Est./S.E.    P-Value

 F1       BY
    ATOPS3M            1.001      0.064     15.722      0.000
    ATOPSURG           0.962      0.037     26.082      0.000
    ATOPSPRB           0.961      0.011     85.289      0.000
    ATOPSEXP           0.970      0.015     64.038      0.000
    ATOPSWOR           0.635      0.084      7.535      0.000
    ATOPSTRY           0.723      0.066     10.930      0.000
    ATDRGINJ           0.179      0.048      3.713      0.000
    ATINJFRQ          -0.007      0.010     -0.754      0.451

 F2       BY
    ATOPS3M           -0.256      0.084     -3.061      0.002
    ATOPSURG          -0.119      0.062     -1.923      0.054
    ATOPSPRB           0.005      0.007      0.614      0.539
    ATOPSEXP           0.037      0.028      1.304      0.192
    ATOPSWOR           0.509      0.066      7.704      0.000
    ATOPSTRY           0.406      0.056      7.211      0.000
    ATDRGINJ           0.465      0.076      6.093      0.000
    ATINJFRQ           0.634      0.102      6.197      0.000

 F2       WITH
    F1                 0.290      0.141      2.060      0.039

 ATINJFRQ WITH
    ATDRGINJ           0.832      0.028     29.857      0.000

 ATOPSURG WITH
    ATOPS3M            0.841      0.084      9.981      0.000

 Thresholds
    ATOPS3M$1          0.631      0.067      9.463      0.000
    ATOPS3M$2          0.912      0.072     12.610      0.000
    ATOPS3M$3          1.140      0.079     14.416      0.000
    ATOPS3M$4          1.384      0.089     15.518      0.000
    ATOPSURG$1         0.823      0.070     11.713      0.000
    ATOPSURG$2         0.940      0.073     12.873      0.000
    ATOPSURG$3         1.083      0.077     14.035      0.000
    ATOPSURG$4         1.280      0.084     15.156      0.000
    ATOPSPRB$1         1.152      0.079     14.490      0.000
    ATOPSPRB$2         1.338      0.087     15.377      0.000
    ATOPSPRB$3         1.469      0.094     15.696      0.000
    ATOPSPRB$4         1.706      0.109     15.660      0.000
    ATOPSEXP$1         1.140      0.079     14.416      0.000
    ATOPSEXP$2         1.353      0.088     15.426      0.000
    ATOPSEXP$3         1.469      0.094     15.696      0.000
    ATOPSEXP$4         1.680      0.107     15.700      0.000
    ATOPSWOR$1         0.163      0.062      2.620      0.009
    ATOPSWOR$2         1.117      0.078     14.267      0.000
    ATOPSTRY$1         0.194      0.062      3.113      0.002
    ATOPSTRY$2         1.061      0.076     13.877      0.000
    ATDRGINJ$1         0.481      0.065      7.434      0.000
    ATDRGINJ$2         1.632      0.104     15.753      0.000
    ATINJFRQ$1         0.700      0.068     10.318      0.000
    ATINJFRQ$2         0.739      0.069     10.788      0.000
    ATINJFRQ$3         0.805      0.070     11.530      0.000

 Variances
    F1                 1.000      0.000    999.000    999.000
    F2                 1.000      0.000    999.000    999.000


STD Standardization

                                                    Two-Tailed
                    Estimate       S.E.  Est./S.E.    P-Value

 F1       BY
    ATOPS3M            1.001      0.064     15.722      0.000
    ATOPSURG           0.962      0.037     26.082      0.000
    ATOPSPRB           0.961      0.011     85.289      0.000
    ATOPSEXP           0.970      0.015     64.038      0.000
    ATOPSWOR           0.635      0.084      7.535      0.000
    ATOPSTRY           0.723      0.066     10.930      0.000
    ATDRGINJ           0.179      0.048      3.713      0.000
    ATINJFRQ          -0.007      0.010     -0.754      0.451

 F2       BY
    ATOPS3M           -0.256      0.084     -3.061      0.002
    ATOPSURG          -0.119      0.062     -1.923      0.054
    ATOPSPRB           0.005      0.007      0.614      0.539
    ATOPSEXP           0.037      0.028      1.304      0.192
    ATOPSWOR           0.509      0.066      7.704      0.000
    ATOPSTRY           0.406      0.056      7.211      0.000
    ATDRGINJ           0.465      0.076      6.093      0.000
    ATINJFRQ           0.634      0.102      6.197      0.000

 F2       WITH
    F1                 0.290      0.141      2.060      0.039

 ATINJFRQ WITH
    ATDRGINJ           0.540      0.084      6.466      0.000

 ATOPSURG WITH
    ATOPS3M            0.085      0.045      1.878      0.060

 Thresholds
    ATOPS3M$1          0.631      0.067      9.463      0.000
    ATOPS3M$2          0.912      0.072     12.610      0.000
    ATOPS3M$3          1.140      0.079     14.416      0.000
    ATOPS3M$4          1.384      0.089     15.518      0.000
    ATOPSURG$1         0.823      0.070     11.713      0.000
    ATOPSURG$2         0.940      0.073     12.873      0.000
    ATOPSURG$3         1.083      0.077     14.035      0.000
    ATOPSURG$4         1.280      0.084     15.156      0.000
    ATOPSPRB$1         1.152      0.079     14.490      0.000
    ATOPSPRB$2         1.338      0.087     15.377      0.000
    ATOPSPRB$3         1.469      0.094     15.696      0.000
    ATOPSPRB$4         1.706      0.109     15.660      0.000
    ATOPSEXP$1         1.140      0.079     14.416      0.000
    ATOPSEXP$2         1.353      0.088     15.426      0.000
    ATOPSEXP$3         1.469      0.094     15.696      0.000
    ATOPSEXP$4         1.680      0.107     15.700      0.000
    ATOPSWOR$1         0.163      0.062      2.620      0.009
    ATOPSWOR$2         1.117      0.078     14.267      0.000
    ATOPSTRY$1         0.194      0.062      3.113      0.002
    ATOPSTRY$2         1.061      0.076     13.877      0.000
    ATDRGINJ$1         0.481      0.065      7.434      0.000
    ATDRGINJ$2         1.632      0.104     15.753      0.000
    ATINJFRQ$1         0.700      0.068     10.318      0.000
    ATINJFRQ$2         0.739      0.069     10.788      0.000
    ATINJFRQ$3         0.805      0.070     11.530      0.000

 Variances
    F1                 1.000      0.000    999.000    999.000
    F2                 1.000      0.000    999.000    999.000


R-SQUARE

    Observed                                        Two-Tailed   Residual
    Variable        Estimate       S.E.  Est./S.E.    P-Value    Variance

    ATOPS3M            0.920      0.069     13.350      0.000      0.080
    ATOPSURG           0.873      0.045     19.541      0.000      0.127
    ATOPSPRB           0.925      0.022     42.899      0.000      0.075
    ATOPSEXP           0.963      0.023     42.197      0.000      0.037
    ATOPSWOR           0.850      0.048     17.619      0.000      0.150
    ATOPSTRY           0.857      0.042     20.586      0.000      0.143
    ATDRGINJ           0.297      0.071      4.182      0.000      0.703
    ATINJFRQ           0.399      0.129      3.094      0.002      0.601


QUALITY OF NUMERICAL RESULTS

     Condition Number for the Information Matrix              0.581E-03
       (ratio of smallest to largest eigenvalue)


MODEL MODIFICATION INDICES

Minimum M.I. value for printing the modification index    10.000

                                   M.I.     E.P.C.  Std E.P.C.  StdYX E.P.C.

No modification indices above the minimum value.



     Beginning Time:  02:03:25
        Ending Time:  02:03:25
       Elapsed Time:  00:00:00



MUTHEN & MUTHEN
3463 Stoner Ave.
Los Angeles, CA  90066

Tel: (310) 391-9971
Fax: (310) 391-8971
Web: www.StatModel.com
Support: Support@StatModel.com

Copyright (c) 1998-2019 Muthen & Muthen
