Mplus VERSION 8.4 (Mac)
MUTHEN & MUTHEN
08/01/2020   3:31 AM

INPUT INSTRUCTIONS


  TITLE: ESEM of ASSIST ETOH_TOB Model

  DATA: FILE = data.etoh_tob_thc.dems.dat;

  !Old location sequence
  !c:\Users\ndmcgee\Desktop\data.etoh.dems.07.dat;

  VARIABLE: NAMES =  ATTHC3M ATTHCURG ATTHCPRB
                     ATTHCEXP ATTHCWOR ATTHCTRY
  	         ATALC3M  ATALCURG ATALCPRB
  	         ATALCEXP ATALCWOR ATALCTRY
  	         ATTOB3M  ATTOBURG ATTOBPRB
  	         ATTOBWOR ATTOBTRY GENDER
  	         AGE      RACE     EDU
                     JOB      MARTL;



            USEVARIABLES ARE 	ATTHC3M ATTHCURG ATTHCPRB
                             	ATTHCEXP ATTHCWOR ATTHCTRY
  	         		ATALC3M  ATALCURG ATALCPRB
  	         		ATALCEXP ATALCWOR ATALCTRY
  	         		ATTOB3M  ATTOBURG ATTOBPRB
  	         		ATTOBWOR ATTOBTRY;

      CATEGORICAL = ATTHC3M ATTHCURG ATTHCPRB
                             	ATTHCEXP ATTHCWOR ATTHCTRY
  	         		ATALC3M  ATALCURG ATALCPRB
  	         		ATALCEXP ATALCWOR ATALCTRY
  	         		ATTOB3M  ATTOBURG ATTOBPRB
  	         		ATTOBWOR ATTOBTRY;

      missing are all (-999);

     ANALYSIS:
     	TYPE = GENERAL;
     	ESTIMATOR = WLSMV;
      	ITERATIONS = 10000;
     	CONVERGENCE = 0.00005;
     	DIFFTEST = deriv_etoh_tob_thc_03.dat;

      MODEL:
      	   f1 f2 f3 by 	ATTHC3M ATTHCURG ATTHCPRB
                             	ATTHCEXP ATTHCWOR ATTHCTRY
  	         		ATALC3M  ATALCURG ATALCPRB
  	         		ATALCEXP ATALCWOR ATALCTRY
  	         		ATTOB3M  ATTOBURG ATTOBPRB
  	         		ATTOBWOR ATTOBTRY (*1);
            		



      OUTPUT: STANDARDIZED MODINDICES (ALL);

      SAVEDATA: DIFFTEST IS deriv_etoh_tob_thc_03_b.dat;






INPUT READING TERMINATED NORMALLY



ESEM of ASSIST ETOH_TOB Model

SUMMARY OF ANALYSIS

Number of groups                                                 1
Number of observations                                        1121

Number of dependent variables                                   17
Number of independent variables                                  0
Number of continuous latent variables                            3

Observed dependent variables

  Binary and ordered categorical (ordinal)
   ATTHC3M     ATTHCURG    ATTHCPRB    ATTHCEXP    ATTHCWOR    ATTHCTRY
   ATALC3M     ATALCURG    ATALCPRB    ATALCEXP    ATALCWOR    ATALCTRY
   ATTOB3M     ATTOBURG    ATTOBPRB    ATTOBWOR    ATTOBTRY

Continuous latent variables

  EFA factors
  *1:   F1          F2          F3


Estimator                                                    WLSMV
Rotation                                                    GEOMIN
Row standardization                                    CORRELATION
Type of rotation                                           OBLIQUE
Epsilon value                                               Varies
Maximum number of iterations                                 10000
Convergence criterion                                    0.500D-04
Maximum number of steepest descent iterations                   20
Maximum number of iterations for H1                           2000
Convergence criterion for H1                             0.100D-03
Optimization Specifications for the Exploratory Factor Analysis
Rotation Algorithm
  Number of random starts                                       30
  Maximum number of iterations                               10000
  Derivative convergence criterion                       0.100D-04
Parameterization                                             DELTA
Link                                                        PROBIT

Input data file(s)
  data.etoh_tob_thc.dems.dat

Input data format  FREE


SUMMARY OF DATA

     Number of missing data patterns             1


COVARIANCE COVERAGE OF DATA

Minimum covariance coverage value   0.100


     PROPORTION OF DATA PRESENT


           Covariance Coverage
              ATTHC3M       ATTHCURG      ATTHCPRB      ATTHCEXP      ATTHCWOR
              ________      ________      ________      ________      ________
 ATTHC3M        1.000
 ATTHCURG       1.000         1.000
 ATTHCPRB       1.000         1.000         1.000
 ATTHCEXP       1.000         1.000         1.000         1.000
 ATTHCWOR       1.000         1.000         1.000         1.000         1.000
 ATTHCTRY       1.000         1.000         1.000         1.000         1.000
 ATALC3M        1.000         1.000         1.000         1.000         1.000
 ATALCURG       1.000         1.000         1.000         1.000         1.000
 ATALCPRB       1.000         1.000         1.000         1.000         1.000
 ATALCEXP       1.000         1.000         1.000         1.000         1.000
 ATALCWOR       1.000         1.000         1.000         1.000         1.000
 ATALCTRY       1.000         1.000         1.000         1.000         1.000
 ATTOB3M        1.000         1.000         1.000         1.000         1.000
 ATTOBURG       1.000         1.000         1.000         1.000         1.000
 ATTOBPRB       1.000         1.000         1.000         1.000         1.000
 ATTOBWOR       1.000         1.000         1.000         1.000         1.000
 ATTOBTRY       1.000         1.000         1.000         1.000         1.000


           Covariance Coverage
              ATTHCTRY      ATALC3M       ATALCURG      ATALCPRB      ATALCEXP
              ________      ________      ________      ________      ________
 ATTHCTRY       1.000
 ATALC3M        1.000         1.000
 ATALCURG       1.000         1.000         1.000
 ATALCPRB       1.000         1.000         1.000         1.000
 ATALCEXP       1.000         1.000         1.000         1.000         1.000
 ATALCWOR       1.000         1.000         1.000         1.000         1.000
 ATALCTRY       1.000         1.000         1.000         1.000         1.000
 ATTOB3M        1.000         1.000         1.000         1.000         1.000
 ATTOBURG       1.000         1.000         1.000         1.000         1.000
 ATTOBPRB       1.000         1.000         1.000         1.000         1.000
 ATTOBWOR       1.000         1.000         1.000         1.000         1.000
 ATTOBTRY       1.000         1.000         1.000         1.000         1.000


           Covariance Coverage
              ATALCWOR      ATALCTRY      ATTOB3M       ATTOBURG      ATTOBPRB
              ________      ________      ________      ________      ________
 ATALCWOR       1.000
 ATALCTRY       1.000         1.000
 ATTOB3M        1.000         1.000         1.000
 ATTOBURG       1.000         1.000         1.000         1.000
 ATTOBPRB       1.000         1.000         1.000         1.000         1.000
 ATTOBWOR       1.000         1.000         1.000         1.000         1.000
 ATTOBTRY       1.000         1.000         1.000         1.000         1.000


           Covariance Coverage
              ATTOBWOR      ATTOBTRY
              ________      ________
 ATTOBWOR       1.000
 ATTOBTRY       1.000         1.000


UNIVARIATE PROPORTIONS AND COUNTS FOR CATEGORICAL VARIABLES

    ATTHC3M
      Category 1    0.718          805.000
      Category 2    0.073           82.000
      Category 3    0.051           57.000
      Category 4    0.062           69.000
      Category 5    0.096          108.000
    ATTHCURG
      Category 1    0.786          881.000
      Category 2    0.044           49.000
      Category 3    0.035           39.000
      Category 4    0.046           52.000
      Category 5    0.089          100.000
    ATTHCPRB
      Category 1    0.941         1055.000
      Category 2    0.016           18.000
      Category 3    0.014           16.000
      Category 4    0.012           14.000
      Category 5    0.016           18.000
    ATTHCEXP
      Category 1    0.948         1063.000
      Category 2    0.020           22.000
      Category 3    0.010           11.000
      Category 4    0.012           13.000
      Category 5    0.011           12.000
    ATTHCWOR
      Category 1    0.798          894.000
      Category 2    0.155          174.000
      Category 3    0.047           53.000
    ATTHCTRY
      Category 1    0.815          914.000
      Category 2    0.132          148.000
      Category 3    0.053           59.000
    ATALC3M
      Category 1    0.383          429.000
      Category 2    0.178          199.000
      Category 3    0.183          205.000
      Category 4    0.175          196.000
      Category 5    0.082           92.000
    ATALCURG
      Category 1    0.666          747.000
      Category 2    0.091          102.000
      Category 3    0.071           80.000
      Category 4    0.096          108.000
      Category 5    0.075           84.000
    ATALCPRB
      Category 1    0.900         1009.000
      Category 2    0.024           27.000
      Category 3    0.033           37.000
      Category 4    0.021           23.000
      Category 5    0.022           25.000
    ATALCEXP
      Category 1    0.913         1024.000
      Category 2    0.037           41.000
      Category 3    0.018           20.000
      Category 4    0.017           19.000
      Category 5    0.015           17.000
    ATALCWOR
      Category 1    0.700          785.000
      Category 2    0.201          225.000
      Category 3    0.099          111.000
    ATALCTRY
      Category 1    0.753          844.000
      Category 2    0.161          181.000
      Category 3    0.086           96.000
    ATTOB3M
      Category 1    0.390          437.000
      Category 2    0.070           78.000
      Category 3    0.039           44.000
      Category 4    0.057           64.000
      Category 5    0.444          498.000
    ATTOBURG
      Category 1    0.475          532.000
      Category 2    0.041           46.000
      Category 3    0.022           25.000
      Category 4    0.066           74.000
      Category 5    0.396          444.000
    ATTOBPRB
      Category 1    0.806          904.000
      Category 2    0.043           48.000
      Category 3    0.037           41.000
      Category 4    0.025           28.000
      Category 5    0.089          100.000
    ATTOBWOR
      Category 1    0.492          551.000
      Category 2    0.236          265.000
      Category 3    0.272          305.000
    ATTOBTRY
      Category 1    0.448          502.000
      Category 2    0.300          336.000
      Category 3    0.252          283.000



THE MODEL ESTIMATION TERMINATED NORMALLY

     THE CHI-SQUARE DIFFERENCE TEST COULD NOT BE COMPUTED BECAUSE THE H0 MODEL
     IS NOT NESTED IN THE H1 MODEL. THE H1 MODEL HAS 104 PARAMETERS.
     THE H0 MODEL HAS 104 PARAMETERS.



MODEL FIT INFORMATION

Number of Free Parameters                      104

Chi-Square Test of Model Fit

          Value                           1539.524*
          Degrees of Freedom                    88
          P-Value                           0.0000

*   The chi-square value for MLM, MLMV, MLR, ULSMV, WLSM and WLSMV cannot be used
    for chi-square difference testing in the regular way.  MLM, MLR and WLSM
    chi-square difference testing is described on the Mplus website.  MLMV, WLSMV,
    and ULSMV difference testing is done using the DIFFTEST option.

RMSEA (Root Mean Square Error Of Approximation)

          Estimate                           0.121
          90 Percent C.I.                    0.116  0.127
          Probability RMSEA <= .05           0.000

CFI/TLI

          CFI                                0.977
          TLI                                0.964

Chi-Square Test of Model Fit for the Baseline Model

          Value                          62812.533
          Degrees of Freedom                   136
          P-Value                           0.0000

SRMR (Standardized Root Mean Square Residual)

          Value                              0.090

Optimum Function Value for Weighted Least-Squares Estimator

          Value                     0.44550399D+00



MODEL RESULTS

                                                    Two-Tailed
                    Estimate       S.E.  Est./S.E.    P-Value

 F1       BY
    ATTHC3M            1.117      0.047     23.961      0.000
    ATTHCURG           1.090      0.045     24.137      0.000
    ATTHCPRB           0.826      0.053     15.634      0.000
    ATTHCEXP           0.813      0.047     17.133      0.000
    ATTHCWOR           0.650      0.054     12.139      0.000
    ATTHCTRY           0.655      0.056     11.724      0.000
    ATALC3M           -0.048      0.060     -0.797      0.425
    ATALCURG          -0.103      0.060     -1.708      0.088
    ATALCPRB           0.004      0.012      0.346      0.729
    ATALCEXP           0.029      0.041      0.713      0.476
    ATALCWOR           0.080      0.050      1.580      0.114
    ATALCTRY           0.045      0.050      0.886      0.376
    ATTOB3M           -0.198      0.062     -3.176      0.001
    ATTOBURG          -0.207      0.064     -3.248      0.001
    ATTOBPRB           0.089      0.061      1.472      0.141
    ATTOBWOR           0.001      0.017      0.039      0.969
    ATTOBTRY          -0.019      0.045     -0.420      0.674

 F2       BY
    ATTHC3M            0.008      0.011      0.703      0.482
    ATTHCURG          -0.001      0.011     -0.081      0.935
    ATTHCPRB           0.078      0.060      1.290      0.197
    ATTHCEXP           0.156      0.064      2.458      0.014
    ATTHCWOR          -0.292      0.051     -5.743      0.000
    ATTHCTRY          -0.158      0.051     -3.085      0.002
    ATALC3M            0.939      0.033     28.144      0.000
    ATALCURG           0.948      0.030     31.117      0.000
    ATALCPRB           0.792      0.032     25.087      0.000
    ATALCEXP           0.815      0.035     23.511      0.000
    ATALCWOR           0.397      0.040     10.036      0.000
    ATALCTRY           0.398      0.042      9.581      0.000
    ATTOB3M            0.018      0.016      1.155      0.248
    ATTOBURG          -0.005      0.009     -0.566      0.571
    ATTOBPRB           0.073      0.048      1.526      0.127
    ATTOBWOR          -0.229      0.042     -5.432      0.000
    ATTOBTRY          -0.135      0.043     -3.158      0.002

 F3       BY
    ATTHC3M           -0.350      0.081     -4.318      0.000
    ATTHCURG          -0.276      0.079     -3.503      0.000
    ATTHCPRB           0.054      0.065      0.826      0.409
    ATTHCEXP          -0.017      0.016     -1.071      0.284
    ATTHCWOR           0.139      0.067      2.077      0.038
    ATTHCTRY           0.195      0.064      3.056      0.002
    ATALC3M           -0.206      0.041     -5.067      0.000
    ATALCURG           0.020      0.017      1.162      0.245
    ATALCPRB           0.234      0.048      4.866      0.000
    ATALCEXP           0.240      0.052      4.618      0.000
    ATALCWOR           0.359      0.043      8.298      0.000
    ATALCTRY           0.379      0.044      8.703      0.000
    ATTOB3M            1.058      0.033     31.663      0.000
    ATTOBURG           1.083      0.035     30.917      0.000
    ATTOBPRB           0.681      0.040     16.936      0.000
    ATTOBWOR           0.759      0.026     29.552      0.000
    ATTOBTRY           0.778      0.029     26.583      0.000

 F2       WITH
    F1                 0.428      0.056      7.606      0.000

 F3       WITH
    F1                 0.510      0.062      8.185      0.000
    F2                 0.313      0.045      7.021      0.000

 Thresholds
    ATTHC3M$1          0.577      0.040     14.507      0.000
    ATTHC3M$2          0.811      0.042     19.183      0.000
    ATTHC3M$3          1.003      0.045     22.217      0.000
    ATTHC3M$4          1.303      0.052     25.243      0.000
    ATTHCURG$1         0.792      0.042     18.850      0.000
    ATTHCURG$2         0.953      0.044     21.499      0.000
    ATTHCURG$3         1.100      0.047     23.434      0.000
    ATTHCURG$4         1.346      0.053     25.499      0.000
    ATTHCPRB$1         1.564      0.060     26.115      0.000
    ATTHCPRB$2         1.719      0.066     25.887      0.000
    ATTHCPRB$3         1.903      0.076     24.976      0.000
    ATTHCPRB$4         2.143      0.094     22.919      0.000
    ATTHCEXP$1         1.628      0.062     26.084      0.000
    ATTHCEXP$2         1.851      0.073     25.299      0.000
    ATTHCEXP$3         2.008      0.083     24.177      0.000
    ATTHCEXP$4         2.301      0.109     21.170      0.000
    ATTHCWOR$1         0.833      0.043     19.569      0.000
    ATTHCWOR$2         1.672      0.064     26.011      0.000
    ATTHCTRY$1         0.898      0.043     20.654      0.000
    ATTHCTRY$2         1.620      0.062     26.093      0.000
    ATALC3M$1         -0.298      0.038     -7.844      0.000
    ATALC3M$2          0.152      0.038      4.031      0.000
    ATALC3M$3          0.653      0.040     16.128      0.000
    ATALC3M$4          1.391      0.054     25.722      0.000
    ATALCURG$1         0.430      0.039     11.104      0.000
    ATALCURG$2         0.698      0.041     17.045      0.000
    ATALCURG$3         0.949      0.044     21.447      0.000
    ATALCURG$4         1.440      0.056     25.904      0.000
    ATALCPRB$1         1.282      0.051     25.105      0.000
    ATALCPRB$2         1.434      0.055     25.884      0.000
    ATALCPRB$3         1.719      0.066     25.887      0.000
    ATALCPRB$4         2.008      0.083     24.177      0.000
    ATALCEXP$1         1.362      0.053     25.587      0.000
    ATALCEXP$2         1.645      0.063     26.060      0.000
    ATALCEXP$3         1.851      0.073     25.299      0.000
    ATALCEXP$4         2.166      0.095     22.683      0.000
    ATALCWOR$1         0.525      0.039     13.339      0.000
    ATALCWOR$2         1.287      0.051     25.140      0.000
    ATALCTRY$1         0.684      0.041     16.759      0.000
    ATALCTRY$2         1.368      0.053     25.615      0.000
    ATTOB3M$1         -0.280      0.038     -7.368      0.000
    ATTOB3M$2         -0.102      0.038     -2.718      0.007
    ATTOB3M$3         -0.003      0.037     -0.090      0.929
    ATTOB3M$4          0.140      0.038      3.732      0.000
    ATTOBURG$1        -0.064      0.037     -1.702      0.089
    ATTOBURG$2         0.039      0.037      1.045      0.296
    ATTOBURG$3         0.095      0.037      2.538      0.011
    ATTOBURG$4         0.264      0.038      6.951      0.000
    ATTOBPRB$1         0.865      0.043     20.115      0.000
    ATTOBPRB$2         1.033      0.046     22.617      0.000
    ATTOBPRB$3         1.205      0.049     24.490      0.000
    ATTOBPRB$4         1.346      0.053     25.499      0.000
    ATTOBWOR$1        -0.021      0.037     -0.567      0.570
    ATTOBWOR$2         0.607      0.040     15.146      0.000
    ATTOBTRY$1        -0.131      0.038     -3.494      0.000
    ATTOBTRY$2         0.667      0.041     16.415      0.000

 Variances
    F1                 1.000      0.000    999.000    999.000
    F2                 1.000      0.000    999.000    999.000
    F3                 1.000      0.000    999.000    999.000


STANDARDIZED MODEL RESULTS


STDYX Standardization

                                                    Two-Tailed
                    Estimate       S.E.  Est./S.E.    P-Value

 F1       BY
    ATTHC3M            1.117      0.047     23.961      0.000
    ATTHCURG           1.090      0.045     24.137      0.000
    ATTHCPRB           0.826      0.053     15.634      0.000
    ATTHCEXP           0.813      0.047     17.133      0.000
    ATTHCWOR           0.650      0.054     12.139      0.000
    ATTHCTRY           0.655      0.056     11.724      0.000
    ATALC3M           -0.048      0.060     -0.797      0.425
    ATALCURG          -0.103      0.060     -1.708      0.088
    ATALCPRB           0.004      0.012      0.346      0.729
    ATALCEXP           0.029      0.041      0.713      0.476
    ATALCWOR           0.080      0.050      1.580      0.114
    ATALCTRY           0.045      0.050      0.886      0.376
    ATTOB3M           -0.198      0.062     -3.176      0.001
    ATTOBURG          -0.207      0.064     -3.248      0.001
    ATTOBPRB           0.089      0.061      1.472      0.141
    ATTOBWOR           0.001      0.017      0.039      0.969
    ATTOBTRY          -0.019      0.045     -0.420      0.674

 F2       BY
    ATTHC3M            0.008      0.011      0.703      0.482
    ATTHCURG          -0.001      0.011     -0.081      0.935
    ATTHCPRB           0.078      0.060      1.290      0.197
    ATTHCEXP           0.156      0.064      2.458      0.014
    ATTHCWOR          -0.292      0.051     -5.743      0.000
    ATTHCTRY          -0.158      0.051     -3.085      0.002
    ATALC3M            0.939      0.033     28.144      0.000
    ATALCURG           0.948      0.030     31.117      0.000
    ATALCPRB           0.792      0.032     25.087      0.000
    ATALCEXP           0.815      0.035     23.511      0.000
    ATALCWOR           0.397      0.040     10.036      0.000
    ATALCTRY           0.398      0.042      9.581      0.000
    ATTOB3M            0.018      0.016      1.155      0.248
    ATTOBURG          -0.005      0.009     -0.566      0.571
    ATTOBPRB           0.073      0.048      1.526      0.127
    ATTOBWOR          -0.229      0.042     -5.432      0.000
    ATTOBTRY          -0.135      0.043     -3.158      0.002

 F3       BY
    ATTHC3M           -0.350      0.081     -4.318      0.000
    ATTHCURG          -0.276      0.079     -3.503      0.000
    ATTHCPRB           0.054      0.065      0.826      0.409
    ATTHCEXP          -0.017      0.016     -1.071      0.284
    ATTHCWOR           0.139      0.067      2.077      0.038
    ATTHCTRY           0.195      0.064      3.056      0.002
    ATALC3M           -0.206      0.041     -5.067      0.000
    ATALCURG           0.020      0.017      1.162      0.245
    ATALCPRB           0.234      0.048      4.866      0.000
    ATALCEXP           0.240      0.052      4.618      0.000
    ATALCWOR           0.359      0.043      8.298      0.000
    ATALCTRY           0.379      0.044      8.703      0.000
    ATTOB3M            1.058      0.033     31.663      0.000
    ATTOBURG           1.083      0.035     30.917      0.000
    ATTOBPRB           0.681      0.040     16.936      0.000
    ATTOBWOR           0.759      0.026     29.552      0.000
    ATTOBTRY           0.778      0.029     26.583      0.000

 F2       WITH
    F1                 0.428      0.056      7.606      0.000

 F3       WITH
    F1                 0.510      0.062      8.185      0.000
    F2                 0.313      0.045      7.021      0.000

 Thresholds
    ATTHC3M$1          0.577      0.040     14.507      0.000
    ATTHC3M$2          0.811      0.042     19.183      0.000
    ATTHC3M$3          1.003      0.045     22.217      0.000
    ATTHC3M$4          1.303      0.052     25.243      0.000
    ATTHCURG$1         0.792      0.042     18.850      0.000
    ATTHCURG$2         0.953      0.044     21.499      0.000
    ATTHCURG$3         1.100      0.047     23.434      0.000
    ATTHCURG$4         1.346      0.053     25.499      0.000
    ATTHCPRB$1         1.564      0.060     26.115      0.000
    ATTHCPRB$2         1.719      0.066     25.887      0.000
    ATTHCPRB$3         1.903      0.076     24.976      0.000
    ATTHCPRB$4         2.143      0.094     22.919      0.000
    ATTHCEXP$1         1.628      0.062     26.084      0.000
    ATTHCEXP$2         1.851      0.073     25.299      0.000
    ATTHCEXP$3         2.008      0.083     24.177      0.000
    ATTHCEXP$4         2.301      0.109     21.170      0.000
    ATTHCWOR$1         0.833      0.043     19.569      0.000
    ATTHCWOR$2         1.672      0.064     26.011      0.000
    ATTHCTRY$1         0.898      0.043     20.654      0.000
    ATTHCTRY$2         1.620      0.062     26.093      0.000
    ATALC3M$1         -0.298      0.038     -7.844      0.000
    ATALC3M$2          0.152      0.038      4.031      0.000
    ATALC3M$3          0.653      0.040     16.128      0.000
    ATALC3M$4          1.391      0.054     25.722      0.000
    ATALCURG$1         0.430      0.039     11.104      0.000
    ATALCURG$2         0.698      0.041     17.045      0.000
    ATALCURG$3         0.949      0.044     21.447      0.000
    ATALCURG$4         1.440      0.056     25.904      0.000
    ATALCPRB$1         1.282      0.051     25.105      0.000
    ATALCPRB$2         1.434      0.055     25.884      0.000
    ATALCPRB$3         1.719      0.066     25.887      0.000
    ATALCPRB$4         2.008      0.083     24.177      0.000
    ATALCEXP$1         1.362      0.053     25.587      0.000
    ATALCEXP$2         1.645      0.063     26.060      0.000
    ATALCEXP$3         1.851      0.073     25.299      0.000
    ATALCEXP$4         2.166      0.095     22.683      0.000
    ATALCWOR$1         0.525      0.039     13.339      0.000
    ATALCWOR$2         1.287      0.051     25.140      0.000
    ATALCTRY$1         0.684      0.041     16.759      0.000
    ATALCTRY$2         1.368      0.053     25.615      0.000
    ATTOB3M$1         -0.280      0.038     -7.368      0.000
    ATTOB3M$2         -0.102      0.038     -2.718      0.007
    ATTOB3M$3         -0.003      0.037     -0.090      0.929
    ATTOB3M$4          0.140      0.038      3.732      0.000
    ATTOBURG$1        -0.064      0.037     -1.702      0.089
    ATTOBURG$2         0.039      0.037      1.045      0.296
    ATTOBURG$3         0.095      0.037      2.538      0.011
    ATTOBURG$4         0.264      0.038      6.951      0.000
    ATTOBPRB$1         0.865      0.043     20.115      0.000
    ATTOBPRB$2         1.033      0.046     22.617      0.000
    ATTOBPRB$3         1.205      0.049     24.490      0.000
    ATTOBPRB$4         1.346      0.053     25.499      0.000
    ATTOBWOR$1        -0.021      0.037     -0.567      0.570
    ATTOBWOR$2         0.607      0.040     15.146      0.000
    ATTOBTRY$1        -0.131      0.038     -3.494      0.000
    ATTOBTRY$2         0.667      0.041     16.415      0.000

 Variances
    F1                 1.000      0.000    999.000    999.000
    F2                 1.000      0.000    999.000    999.000
    F3                 1.000      0.000    999.000    999.000


STDY Standardization

                                                    Two-Tailed
                    Estimate       S.E.  Est./S.E.    P-Value

 F1       BY
    ATTHC3M            1.117      0.047     23.961      0.000
    ATTHCURG           1.090      0.045     24.137      0.000
    ATTHCPRB           0.826      0.053     15.634      0.000
    ATTHCEXP           0.813      0.047     17.133      0.000
    ATTHCWOR           0.650      0.054     12.139      0.000
    ATTHCTRY           0.655      0.056     11.724      0.000
    ATALC3M           -0.048      0.060     -0.797      0.425
    ATALCURG          -0.103      0.060     -1.708      0.088
    ATALCPRB           0.004      0.012      0.346      0.729
    ATALCEXP           0.029      0.041      0.713      0.476
    ATALCWOR           0.080      0.050      1.580      0.114
    ATALCTRY           0.045      0.050      0.886      0.376
    ATTOB3M           -0.198      0.062     -3.176      0.001
    ATTOBURG          -0.207      0.064     -3.248      0.001
    ATTOBPRB           0.089      0.061      1.472      0.141
    ATTOBWOR           0.001      0.017      0.039      0.969
    ATTOBTRY          -0.019      0.045     -0.420      0.674

 F2       BY
    ATTHC3M            0.008      0.011      0.703      0.482
    ATTHCURG          -0.001      0.011     -0.081      0.935
    ATTHCPRB           0.078      0.060      1.290      0.197
    ATTHCEXP           0.156      0.064      2.458      0.014
    ATTHCWOR          -0.292      0.051     -5.743      0.000
    ATTHCTRY          -0.158      0.051     -3.085      0.002
    ATALC3M            0.939      0.033     28.144      0.000
    ATALCURG           0.948      0.030     31.117      0.000
    ATALCPRB           0.792      0.032     25.087      0.000
    ATALCEXP           0.815      0.035     23.511      0.000
    ATALCWOR           0.397      0.040     10.036      0.000
    ATALCTRY           0.398      0.042      9.581      0.000
    ATTOB3M            0.018      0.016      1.155      0.248
    ATTOBURG          -0.005      0.009     -0.566      0.571
    ATTOBPRB           0.073      0.048      1.526      0.127
    ATTOBWOR          -0.229      0.042     -5.432      0.000
    ATTOBTRY          -0.135      0.043     -3.158      0.002

 F3       BY
    ATTHC3M           -0.350      0.081     -4.318      0.000
    ATTHCURG          -0.276      0.079     -3.503      0.000
    ATTHCPRB           0.054      0.065      0.826      0.409
    ATTHCEXP          -0.017      0.016     -1.071      0.284
    ATTHCWOR           0.139      0.067      2.077      0.038
    ATTHCTRY           0.195      0.064      3.056      0.002
    ATALC3M           -0.206      0.041     -5.067      0.000
    ATALCURG           0.020      0.017      1.162      0.245
    ATALCPRB           0.234      0.048      4.866      0.000
    ATALCEXP           0.240      0.052      4.618      0.000
    ATALCWOR           0.359      0.043      8.298      0.000
    ATALCTRY           0.379      0.044      8.703      0.000
    ATTOB3M            1.058      0.033     31.663      0.000
    ATTOBURG           1.083      0.035     30.917      0.000
    ATTOBPRB           0.681      0.040     16.936      0.000
    ATTOBWOR           0.759      0.026     29.552      0.000
    ATTOBTRY           0.778      0.029     26.583      0.000

 F2       WITH
    F1                 0.428      0.056      7.606      0.000

 F3       WITH
    F1                 0.510      0.062      8.185      0.000
    F2                 0.313      0.045      7.021      0.000

 Thresholds
    ATTHC3M$1          0.577      0.040     14.507      0.000
    ATTHC3M$2          0.811      0.042     19.183      0.000
    ATTHC3M$3          1.003      0.045     22.217      0.000
    ATTHC3M$4          1.303      0.052     25.243      0.000
    ATTHCURG$1         0.792      0.042     18.850      0.000
    ATTHCURG$2         0.953      0.044     21.499      0.000
    ATTHCURG$3         1.100      0.047     23.434      0.000
    ATTHCURG$4         1.346      0.053     25.499      0.000
    ATTHCPRB$1         1.564      0.060     26.115      0.000
    ATTHCPRB$2         1.719      0.066     25.887      0.000
    ATTHCPRB$3         1.903      0.076     24.976      0.000
    ATTHCPRB$4         2.143      0.094     22.919      0.000
    ATTHCEXP$1         1.628      0.062     26.084      0.000
    ATTHCEXP$2         1.851      0.073     25.299      0.000
    ATTHCEXP$3         2.008      0.083     24.177      0.000
    ATTHCEXP$4         2.301      0.109     21.170      0.000
    ATTHCWOR$1         0.833      0.043     19.569      0.000
    ATTHCWOR$2         1.672      0.064     26.011      0.000
    ATTHCTRY$1         0.898      0.043     20.654      0.000
    ATTHCTRY$2         1.620      0.062     26.093      0.000
    ATALC3M$1         -0.298      0.038     -7.844      0.000
    ATALC3M$2          0.152      0.038      4.031      0.000
    ATALC3M$3          0.653      0.040     16.128      0.000
    ATALC3M$4          1.391      0.054     25.722      0.000
    ATALCURG$1         0.430      0.039     11.104      0.000
    ATALCURG$2         0.698      0.041     17.045      0.000
    ATALCURG$3         0.949      0.044     21.447      0.000
    ATALCURG$4         1.440      0.056     25.904      0.000
    ATALCPRB$1         1.282      0.051     25.105      0.000
    ATALCPRB$2         1.434      0.055     25.884      0.000
    ATALCPRB$3         1.719      0.066     25.887      0.000
    ATALCPRB$4         2.008      0.083     24.177      0.000
    ATALCEXP$1         1.362      0.053     25.587      0.000
    ATALCEXP$2         1.645      0.063     26.060      0.000
    ATALCEXP$3         1.851      0.073     25.299      0.000
    ATALCEXP$4         2.166      0.095     22.683      0.000
    ATALCWOR$1         0.525      0.039     13.339      0.000
    ATALCWOR$2         1.287      0.051     25.140      0.000
    ATALCTRY$1         0.684      0.041     16.759      0.000
    ATALCTRY$2         1.368      0.053     25.615      0.000
    ATTOB3M$1         -0.280      0.038     -7.368      0.000
    ATTOB3M$2         -0.102      0.038     -2.718      0.007
    ATTOB3M$3         -0.003      0.037     -0.090      0.929
    ATTOB3M$4          0.140      0.038      3.732      0.000
    ATTOBURG$1        -0.064      0.037     -1.702      0.089
    ATTOBURG$2         0.039      0.037      1.045      0.296
    ATTOBURG$3         0.095      0.037      2.538      0.011
    ATTOBURG$4         0.264      0.038      6.951      0.000
    ATTOBPRB$1         0.865      0.043     20.115      0.000
    ATTOBPRB$2         1.033      0.046     22.617      0.000
    ATTOBPRB$3         1.205      0.049     24.490      0.000
    ATTOBPRB$4         1.346      0.053     25.499      0.000
    ATTOBWOR$1        -0.021      0.037     -0.567      0.570
    ATTOBWOR$2         0.607      0.040     15.146      0.000
    ATTOBTRY$1        -0.131      0.038     -3.494      0.000
    ATTOBTRY$2         0.667      0.041     16.415      0.000

 Variances
    F1                 1.000      0.000    999.000    999.000
    F2                 1.000      0.000    999.000    999.000
    F3                 1.000      0.000    999.000    999.000


STD Standardization

                                                    Two-Tailed
                    Estimate       S.E.  Est./S.E.    P-Value

 F1       BY
    ATTHC3M            1.117      0.047     23.961      0.000
    ATTHCURG           1.090      0.045     24.137      0.000
    ATTHCPRB           0.826      0.053     15.634      0.000
    ATTHCEXP           0.813      0.047     17.133      0.000
    ATTHCWOR           0.650      0.054     12.139      0.000
    ATTHCTRY           0.655      0.056     11.724      0.000
    ATALC3M           -0.048      0.060     -0.797      0.425
    ATALCURG          -0.103      0.060     -1.708      0.088
    ATALCPRB           0.004      0.012      0.346      0.729
    ATALCEXP           0.029      0.041      0.713      0.476
    ATALCWOR           0.080      0.050      1.580      0.114
    ATALCTRY           0.045      0.050      0.886      0.376
    ATTOB3M           -0.198      0.062     -3.176      0.001
    ATTOBURG          -0.207      0.064     -3.248      0.001
    ATTOBPRB           0.089      0.061      1.472      0.141
    ATTOBWOR           0.001      0.017      0.039      0.969
    ATTOBTRY          -0.019      0.045     -0.420      0.674

 F2       BY
    ATTHC3M            0.008      0.011      0.703      0.482
    ATTHCURG          -0.001      0.011     -0.081      0.935
    ATTHCPRB           0.078      0.060      1.290      0.197
    ATTHCEXP           0.156      0.064      2.458      0.014
    ATTHCWOR          -0.292      0.051     -5.743      0.000
    ATTHCTRY          -0.158      0.051     -3.085      0.002
    ATALC3M            0.939      0.033     28.144      0.000
    ATALCURG           0.948      0.030     31.117      0.000
    ATALCPRB           0.792      0.032     25.087      0.000
    ATALCEXP           0.815      0.035     23.511      0.000
    ATALCWOR           0.397      0.040     10.036      0.000
    ATALCTRY           0.398      0.042      9.581      0.000
    ATTOB3M            0.018      0.016      1.155      0.248
    ATTOBURG          -0.005      0.009     -0.566      0.571
    ATTOBPRB           0.073      0.048      1.526      0.127
    ATTOBWOR          -0.229      0.042     -5.432      0.000
    ATTOBTRY          -0.135      0.043     -3.158      0.002

 F3       BY
    ATTHC3M           -0.350      0.081     -4.318      0.000
    ATTHCURG          -0.276      0.079     -3.503      0.000
    ATTHCPRB           0.054      0.065      0.826      0.409
    ATTHCEXP          -0.017      0.016     -1.071      0.284
    ATTHCWOR           0.139      0.067      2.077      0.038
    ATTHCTRY           0.195      0.064      3.056      0.002
    ATALC3M           -0.206      0.041     -5.067      0.000
    ATALCURG           0.020      0.017      1.162      0.245
    ATALCPRB           0.234      0.048      4.866      0.000
    ATALCEXP           0.240      0.052      4.618      0.000
    ATALCWOR           0.359      0.043      8.298      0.000
    ATALCTRY           0.379      0.044      8.703      0.000
    ATTOB3M            1.058      0.033     31.663      0.000
    ATTOBURG           1.083      0.035     30.917      0.000
    ATTOBPRB           0.681      0.040     16.936      0.000
    ATTOBWOR           0.759      0.026     29.552      0.000
    ATTOBTRY           0.778      0.029     26.583      0.000

 F2       WITH
    F1                 0.428      0.056      7.606      0.000

 F3       WITH
    F1                 0.510      0.062      8.185      0.000
    F2                 0.313      0.045      7.021      0.000

 Thresholds
    ATTHC3M$1          0.577      0.040     14.507      0.000
    ATTHC3M$2          0.811      0.042     19.183      0.000
    ATTHC3M$3          1.003      0.045     22.217      0.000
    ATTHC3M$4          1.303      0.052     25.243      0.000
    ATTHCURG$1         0.792      0.042     18.850      0.000
    ATTHCURG$2         0.953      0.044     21.499      0.000
    ATTHCURG$3         1.100      0.047     23.434      0.000
    ATTHCURG$4         1.346      0.053     25.499      0.000
    ATTHCPRB$1         1.564      0.060     26.115      0.000
    ATTHCPRB$2         1.719      0.066     25.887      0.000
    ATTHCPRB$3         1.903      0.076     24.976      0.000
    ATTHCPRB$4         2.143      0.094     22.919      0.000
    ATTHCEXP$1         1.628      0.062     26.084      0.000
    ATTHCEXP$2         1.851      0.073     25.299      0.000
    ATTHCEXP$3         2.008      0.083     24.177      0.000
    ATTHCEXP$4         2.301      0.109     21.170      0.000
    ATTHCWOR$1         0.833      0.043     19.569      0.000
    ATTHCWOR$2         1.672      0.064     26.011      0.000
    ATTHCTRY$1         0.898      0.043     20.654      0.000
    ATTHCTRY$2         1.620      0.062     26.093      0.000
    ATALC3M$1         -0.298      0.038     -7.844      0.000
    ATALC3M$2          0.152      0.038      4.031      0.000
    ATALC3M$3          0.653      0.040     16.128      0.000
    ATALC3M$4          1.391      0.054     25.722      0.000
    ATALCURG$1         0.430      0.039     11.104      0.000
    ATALCURG$2         0.698      0.041     17.045      0.000
    ATALCURG$3         0.949      0.044     21.447      0.000
    ATALCURG$4         1.440      0.056     25.904      0.000
    ATALCPRB$1         1.282      0.051     25.105      0.000
    ATALCPRB$2         1.434      0.055     25.884      0.000
    ATALCPRB$3         1.719      0.066     25.887      0.000
    ATALCPRB$4         2.008      0.083     24.177      0.000
    ATALCEXP$1         1.362      0.053     25.587      0.000
    ATALCEXP$2         1.645      0.063     26.060      0.000
    ATALCEXP$3         1.851      0.073     25.299      0.000
    ATALCEXP$4         2.166      0.095     22.683      0.000
    ATALCWOR$1         0.525      0.039     13.339      0.000
    ATALCWOR$2         1.287      0.051     25.140      0.000
    ATALCTRY$1         0.684      0.041     16.759      0.000
    ATALCTRY$2         1.368      0.053     25.615      0.000
    ATTOB3M$1         -0.280      0.038     -7.368      0.000
    ATTOB3M$2         -0.102      0.038     -2.718      0.007
    ATTOB3M$3         -0.003      0.037     -0.090      0.929
    ATTOB3M$4          0.140      0.038      3.732      0.000
    ATTOBURG$1        -0.064      0.037     -1.702      0.089
    ATTOBURG$2         0.039      0.037      1.045      0.296
    ATTOBURG$3         0.095      0.037      2.538      0.011
    ATTOBURG$4         0.264      0.038      6.951      0.000
    ATTOBPRB$1         0.865      0.043     20.115      0.000
    ATTOBPRB$2         1.033      0.046     22.617      0.000
    ATTOBPRB$3         1.205      0.049     24.490      0.000
    ATTOBPRB$4         1.346      0.053     25.499      0.000
    ATTOBWOR$1        -0.021      0.037     -0.567      0.570
    ATTOBWOR$2         0.607      0.040     15.146      0.000
    ATTOBTRY$1        -0.131      0.038     -3.494      0.000
    ATTOBTRY$2         0.667      0.041     16.415      0.000

 Variances
    F1                 1.000      0.000    999.000    999.000
    F2                 1.000      0.000    999.000    999.000
    F3                 1.000      0.000    999.000    999.000


R-SQUARE

    Observed                                        Two-Tailed   Residual
    Variable        Estimate       S.E.  Est./S.E.    P-Value    Variance

    ATTHC3M            0.977      0.029     33.878      0.000      0.023
    ATTHCURG           0.956      0.028     34.180      0.000      0.044
    ATTHCPRB           0.795      0.043     18.504      0.000      0.205
    ATTHCEXP           0.780      0.045     17.470      0.000      0.220
    ATTHCWOR           0.431      0.040     10.710      0.000      0.569
    ATTHCTRY           0.514      0.040     12.902      0.000      0.486
    ATALC3M            0.777      0.034     22.830      0.000      0.223
    ATALCURG           0.836      0.031     27.131      0.000      0.164
    ATALCPRB           0.801      0.037     21.687      0.000      0.199
    ATALCEXP           0.872      0.037     23.621      0.000      0.128
    ATALCWOR           0.438      0.033     13.390      0.000      0.562
    ATALCTRY           0.432      0.033     13.092      0.000      0.568
    ATTOB3M            0.955      0.024     40.115      0.000      0.045
    ATTOBURG           0.984      0.024     40.706      0.000      0.016
    ATTOBPRB           0.576      0.034     16.823      0.000      0.424
    ATTOBWOR           0.520      0.030     17.064      0.000      0.480
    ATTOBTRY           0.545      0.031     17.684      0.000      0.455


QUALITY OF NUMERICAL RESULTS

     Condition Number for the Information Matrix              0.231E-05
       (ratio of smallest to largest eigenvalue)


MODEL MODIFICATION INDICES

Minimum M.I. value for printing the modification index    10.000

                                   M.I.     E.P.C.  Std E.P.C.  StdYX E.P.C.

ON Statements

ATTHC3M  ON ATTHCURG             182.259     0.650      0.650        0.650
ATTHC3M  ON ATTHCWOR              37.164    -0.275     -0.275       -0.275
ATTHC3M  ON ATTHCTRY              39.001    -0.279     -0.279       -0.279
ATTHC3M  ON ATALC3M               19.900     0.207      0.207        0.207
ATTHC3M  ON ATALCWOR              27.805    -0.242     -0.242       -0.242
ATTHC3M  ON ATALCTRY              44.744    -0.315     -0.315       -0.315
ATTHC3M  ON ATTOB3M               72.911     0.431      0.431        0.431
ATTHC3M  ON ATTOBURG              36.503     0.312      0.312        0.312
ATTHCURG ON ATTHC3M              182.251     0.650      0.650        0.650
ATTHCURG ON ATTHCWOR              20.618    -0.207     -0.207       -0.207
ATTHCURG ON ATTHCTRY              28.348    -0.240     -0.240       -0.240
ATTHCURG ON ATALCWOR              21.442    -0.217     -0.217       -0.217
ATTHCURG ON ATALCTRY              36.651    -0.294     -0.294       -0.294
ATTHCURG ON ATTOB3M               42.039     0.335      0.335        0.335
ATTHCURG ON ATTOBURG              48.204     0.363      0.363        0.363
ATTHCPRB ON ATTHCEXP              14.016     0.135      0.135        0.135
ATTHCPRB ON ATALCWOR              13.991    -0.195     -0.195       -0.195
ATTHCPRB ON ATALCTRY              10.387    -0.178     -0.178       -0.178
ATTHCPRB ON ATTOBPRB              27.430     0.251      0.251        0.251
ATTHCEXP ON ATTHCPRB              14.012     0.135      0.135        0.135
ATTHCEXP ON ATALCWOR              10.992    -0.183     -0.183       -0.183
ATTHCWOR ON ATTHC3M               37.167    -0.275     -0.275       -0.275
ATTHCWOR ON ATTHCURG              20.620    -0.207     -0.207       -0.207
ATTHCWOR ON ATTHCTRY              99.844     0.333      0.333        0.333
ATTHCWOR ON ATALCWOR             122.077     0.391      0.391        0.391
ATTHCWOR ON ATTOB3M               57.586    -0.362     -0.362       -0.362
ATTHCWOR ON ATTOBURG              32.258    -0.276     -0.276       -0.276
ATTHCWOR ON ATTOBWOR              26.238     0.212      0.212        0.212
ATTHCTRY ON ATTHC3M               39.001    -0.279     -0.279       -0.279
ATTHCTRY ON ATTHCURG              28.346    -0.240     -0.240       -0.240
ATTHCTRY ON ATTHCWOR              99.846     0.333      0.333        0.333
ATTHCTRY ON ATALCTRY             112.701     0.373      0.373        0.373
ATTHCTRY ON ATTOB3M               35.700    -0.290     -0.290       -0.290
ATTHCTRY ON ATTOBURG              20.895    -0.225     -0.225       -0.225
ATALC3M  ON ATTHC3M               19.896     0.207      0.207        0.207
ATALC3M  ON ATALCURG              68.042     0.324      0.324        0.324
ATALC3M  ON ATALCWOR              36.570    -0.201     -0.201       -0.201
ATALC3M  ON ATALCTRY              76.880    -0.299     -0.299       -0.299
ATALC3M  ON ATTOB3M               24.967     0.214      0.214        0.214
ATALC3M  ON ATTOBURG              14.083     0.164      0.164        0.164
ATALCURG ON ATALC3M               68.042     0.324      0.324        0.324
ATALCURG ON ATALCPRB              15.448    -0.152     -0.152       -0.152
ATALCURG ON ATALCEXP              12.046    -0.139     -0.139       -0.139
ATALCURG ON ATTOBURG              10.262     0.146      0.146        0.146
ATALCPRB ON ATALCURG              15.449    -0.152     -0.152       -0.152
ATALCPRB ON ATTOB3M               11.061    -0.187     -0.187       -0.187
ATALCPRB ON ATTOBURG              14.101    -0.210     -0.210       -0.210
ATALCPRB ON ATTOBPRB              23.591     0.214      0.214        0.214
ATALCEXP ON ATALCURG              12.045    -0.139     -0.139       -0.139
ATALCEXP ON ATALCTRY              10.174     0.115      0.115        0.115
ATALCWOR ON ATTHC3M               27.809    -0.242     -0.242       -0.242
ATALCWOR ON ATTHCURG              21.440    -0.217     -0.217       -0.217
ATALCWOR ON ATTHCPRB              13.995    -0.195     -0.195       -0.195
ATALCWOR ON ATTHCEXP              10.992    -0.183     -0.183       -0.183
ATALCWOR ON ATTHCWOR             122.073     0.391      0.391        0.391
ATALCWOR ON ATALC3M               36.567    -0.201     -0.201       -0.201
ATALCWOR ON ATALCTRY             298.044     0.418      0.418        0.418
ATALCWOR ON ATTOB3M               81.992    -0.378     -0.378       -0.378
ATALCWOR ON ATTOBURG              68.297    -0.348     -0.348       -0.348
ATALCWOR ON ATTOBPRB              21.300    -0.194     -0.194       -0.194
ATALCWOR ON ATTOBWOR              19.250     0.153      0.153        0.153
ATALCTRY ON ATTHC3M               44.750    -0.315     -0.315       -0.315
ATALCTRY ON ATTHCURG              36.649    -0.294     -0.294       -0.294
ATALCTRY ON ATTHCPRB              10.389    -0.178     -0.178       -0.178
ATALCTRY ON ATTHCTRY             112.700     0.373      0.373        0.373
ATALCTRY ON ATALC3M               76.883    -0.299     -0.299       -0.299
ATALCTRY ON ATALCEXP              10.172     0.115      0.115        0.115
ATALCTRY ON ATALCWOR             298.044     0.418      0.418        0.418
ATALCTRY ON ATTOB3M               93.155    -0.427     -0.427       -0.427
ATALCTRY ON ATTOBURG              76.250    -0.390     -0.390       -0.390
ATALCTRY ON ATTOBPRB              17.183    -0.177     -0.177       -0.177
ATALCTRY ON ATTOBTRY              11.055     0.118      0.118        0.118
ATTOB3M  ON ATTHC3M               72.909     0.431      0.431        0.431
ATTOB3M  ON ATTHCURG              42.047     0.335      0.335        0.335
ATTOB3M  ON ATTHCWOR              57.573    -0.362     -0.362       -0.362
ATTOB3M  ON ATTHCTRY              35.685    -0.290     -0.290       -0.290
ATTOB3M  ON ATALC3M               24.968     0.214      0.214        0.214
ATTOB3M  ON ATALCPRB              11.047    -0.187     -0.187       -0.187
ATTOB3M  ON ATALCWOR              81.961    -0.378     -0.378       -0.378
ATTOB3M  ON ATALCTRY              93.126    -0.427     -0.427       -0.427
ATTOB3M  ON ATTOBURG             279.425     0.595      0.595        0.595
ATTOB3M  ON ATTOBWOR              14.698    -0.131     -0.131       -0.131
ATTOB3M  ON ATTOBTRY              15.154    -0.131     -0.131       -0.131
ATTOBURG ON ATTHC3M               36.498     0.312      0.312        0.312
ATTOBURG ON ATTHCURG              48.208     0.363      0.363        0.363
ATTOBURG ON ATTHCWOR              32.250    -0.276     -0.276       -0.276
ATTOBURG ON ATTHCTRY              20.885    -0.225     -0.225       -0.225
ATTOBURG ON ATALC3M               14.082     0.164      0.164        0.164
ATTOBURG ON ATALCURG              10.265     0.146      0.146        0.146
ATTOBURG ON ATALCPRB              14.088    -0.210     -0.210       -0.210
ATTOBURG ON ATALCWOR              68.272    -0.348     -0.348       -0.348
ATTOBURG ON ATALCTRY              76.229    -0.389     -0.389       -0.389
ATTOBURG ON ATTOB3M              279.418     0.595      0.595        0.595
ATTOBURG ON ATTOBWOR              19.077    -0.150     -0.150       -0.150
ATTOBURG ON ATTOBTRY              15.184    -0.129     -0.129       -0.129
ATTOBPRB ON ATTHCPRB              27.427     0.251      0.251        0.251
ATTOBPRB ON ATALCPRB              23.593     0.214      0.214        0.214
ATTOBPRB ON ATALCWOR              21.298    -0.194     -0.194       -0.194
ATTOBPRB ON ATALCTRY              17.183    -0.177     -0.177       -0.177
ATTOBWOR ON ATTHCWOR              26.237     0.212      0.212        0.212
ATTOBWOR ON ATALCWOR              19.253     0.153      0.153        0.153
ATTOBWOR ON ATTOB3M               14.711    -0.131     -0.131       -0.131
ATTOBWOR ON ATTOBURG              19.091    -0.150     -0.150       -0.150
ATTOBWOR ON ATTOBTRY              52.769     0.191      0.191        0.191
ATTOBTRY ON ATALCTRY              11.055     0.118      0.118        0.118
ATTOBTRY ON ATTOB3M               15.167    -0.131     -0.131       -0.131
ATTOBTRY ON ATTOBURG              15.195    -0.129     -0.129       -0.129
ATTOBTRY ON ATTOBWOR              52.769     0.191      0.191        0.191

WITH Statements

ATTHCURG WITH ATTHC3M            182.258     0.650      0.650       20.465
ATTHCEXP WITH ATTHCPRB            14.014     0.135      0.135        0.634
ATTHCWOR WITH ATTHC3M             37.164    -0.275     -0.275       -2.394
ATTHCWOR WITH ATTHCURG            20.618    -0.207     -0.207       -1.317
ATTHCTRY WITH ATTHC3M             39.002    -0.279     -0.279       -2.631
ATTHCTRY WITH ATTHCURG            28.347    -0.240     -0.240       -1.651
ATTHCTRY WITH ATTHCWOR            99.845     0.333      0.333        0.634
ATALC3M  WITH ATTHC3M             19.898     0.207      0.207        2.880
ATALCURG WITH ATALC3M             68.045     0.324      0.324        1.692
ATALCPRB WITH ATALCURG            15.446    -0.152     -0.152       -0.843
ATALCEXP WITH ATALCURG            12.045    -0.139     -0.139       -0.958
ATALCWOR WITH ATTHC3M             27.807    -0.242     -0.242       -2.126
ATALCWOR WITH ATTHCURG            21.438    -0.217     -0.217       -1.387
ATALCWOR WITH ATTHCPRB            13.993    -0.195     -0.195       -0.576
ATALCWOR WITH ATTHCEXP            10.990    -0.183     -0.183       -0.519
ATALCWOR WITH ATTHCWOR           122.078     0.391      0.391        0.691
ATALCWOR WITH ATALC3M             36.569    -0.201     -0.201       -0.567
ATALCTRY WITH ATTHC3M             44.747    -0.315     -0.315       -2.752
ATALCTRY WITH ATTHCURG            36.646    -0.294     -0.294       -1.867
ATALCTRY WITH ATTHCPRB            10.388    -0.178     -0.178       -0.521
ATALCTRY WITH ATTHCTRY           112.701     0.373      0.373        0.710
ATALCTRY WITH ATALC3M             76.878    -0.299     -0.299       -0.839
ATALCTRY WITH ATALCEXP            10.174     0.115      0.115        0.427
ATALCTRY WITH ATALCWOR           298.048     0.418      0.418        0.739
ATTOB3M  WITH ATTHC3M             72.906     0.431      0.431       13.338
ATTOB3M  WITH ATTHCURG            42.042     0.335      0.335        7.555
ATTOB3M  WITH ATTHCWOR            57.587    -0.362     -0.362       -2.260
ATTOB3M  WITH ATTHCTRY            35.699    -0.290     -0.290       -1.956
ATTOB3M  WITH ATALC3M             24.968     0.214      0.214        2.130
ATTOB3M  WITH ATALCPRB            11.058    -0.187     -0.187       -1.969
ATTOB3M  WITH ATALCWOR            81.984    -0.378     -0.378       -2.374
ATTOB3M  WITH ATALCTRY            93.153    -0.427     -0.427       -2.664
ATTOBURG WITH ATTHC3M             36.499     0.312      0.312       16.223
ATTOBURG WITH ATTHCURG            48.207     0.363      0.363       13.753
ATTOBURG WITH ATTHCWOR            32.259    -0.276     -0.276       -2.902
ATTOBURG WITH ATTHCTRY            20.894    -0.225     -0.225       -2.555
ATTOBURG WITH ATALC3M             14.083     0.164      0.164        2.743
ATTOBURG WITH ATALCURG            10.263     0.146      0.146        2.849
ATTOBURG WITH ATALCPRB            14.097    -0.210     -0.210       -3.725
ATTOBURG WITH ATALCWOR            68.289    -0.348     -0.348       -3.674
ATTOBURG WITH ATALCTRY            76.248    -0.390     -0.390       -4.092
ATTOBURG WITH ATTOB3M            279.352     0.595      0.595       22.160
ATTOBPRB WITH ATTHCPRB            27.429     0.251      0.251        0.853
ATTOBPRB WITH ATALCPRB            23.595     0.214      0.214        0.738
ATTOBPRB WITH ATALCWOR            21.296    -0.194     -0.194       -0.397
ATTOBPRB WITH ATALCTRY            17.182    -0.177     -0.177       -0.361
ATTOBWOR WITH ATTHCWOR            26.238     0.212      0.212        0.405
ATTOBWOR WITH ATALCWOR            19.253     0.153      0.153        0.294
ATTOBWOR WITH ATTOB3M             14.709    -0.131     -0.131       -0.887
ATTOBWOR WITH ATTOBURG            19.089    -0.150     -0.150       -1.715
ATTOBTRY WITH ATALCTRY            11.055     0.118      0.118        0.231
ATTOBTRY WITH ATTOB3M             15.166    -0.131     -0.131       -0.911
ATTOBTRY WITH ATTOBURG            15.194    -0.129     -0.129       -1.518
ATTOBTRY WITH ATTOBWOR            52.770     0.191      0.191        0.408


SAVEDATA INFORMATION


  Difference testing

  Save file
    deriv_etoh_tob_thc_03_b.dat
  Save format      Free

     Beginning Time:  03:31:45
        Ending Time:  03:31:46
       Elapsed Time:  00:00:01



MUTHEN & MUTHEN
3463 Stoner Ave.
Los Angeles, CA  90066

Tel: (310) 391-9971
Fax: (310) 391-8971
Web: www.StatModel.com
Support: Support@StatModel.com

Copyright (c) 1998-2019 Muthen & Muthen
