Mplus VERSION 8.4 (Mac)
MUTHEN & MUTHEN
08/01/2020   3:34 AM

INPUT INSTRUCTIONS


  TITLE: ESEM of ASSIST ETOH_TOB Model

  DATA: FILE = data.etoh_tob_thc.dems.dat;

  !Old location sequence
  !c:\Users\ndmcgee\Desktop\data.etoh.dems.07.dat;

  VARIABLE: NAMES =  ATTHC3M ATTHCURG ATTHCPRB
                     ATTHCEXP ATTHCWOR ATTHCTRY
  	         ATALC3M  ATALCURG ATALCPRB
  	         ATALCEXP ATALCWOR ATALCTRY
  	         ATTOB3M  ATTOBURG ATTOBPRB
  	         ATTOBWOR ATTOBTRY GENDER
  	         AGE      RACE     EDU
                     JOB      MARTL;



            USEVARIABLES ARE 	ATTHC3M ATTHCURG ATTHCPRB
                             	ATTHCEXP ATTHCWOR ATTHCTRY
  	         		ATALC3M  ATALCURG ATALCPRB
  	         		ATALCEXP ATALCWOR ATALCTRY
  	         		ATTOB3M  ATTOBURG ATTOBPRB
  	         		ATTOBWOR ATTOBTRY;

      CATEGORICAL = ATTHC3M ATTHCURG ATTHCPRB
                             	ATTHCEXP ATTHCWOR ATTHCTRY
  	         		ATALC3M  ATALCURG ATALCPRB
  	         		ATALCEXP ATALCWOR ATALCTRY
  	         		ATTOB3M  ATTOBURG ATTOBPRB
  	         		ATTOBWOR ATTOBTRY;

      missing are all (-999);

     ANALYSIS:
     	TYPE = GENERAL;
     	ESTIMATOR = WLSMV;
      	ITERATIONS = 10000;
     	CONVERGENCE = 0.00005;
     	DIFFTEST = deriv_etoh_tob_thc_03_b.dat;

      MODEL:
      	   f1 f2 f3 by 	ATTHC3M ATTHCURG ATTHCPRB
                             	ATTHCEXP ATTHCWOR ATTHCTRY
  	         		ATALC3M  ATALCURG ATALCPRB
  	         		ATALCEXP ATALCWOR ATALCTRY
  	         		ATTOB3M  ATTOBURG ATTOBPRB
  	         		ATTOBWOR ATTOBTRY (*1);
  	         		ATALCTRY WITH ATALCWOR;
  	         		ATTOBURG WITH ATTOB3M;
            		



      OUTPUT: STANDARDIZED MODINDICES (ALL);

      SAVEDATA: DIFFTEST IS deriv_etoh_tob_thc_03_c.dat;






INPUT READING TERMINATED NORMALLY



ESEM of ASSIST ETOH_TOB Model

SUMMARY OF ANALYSIS

Number of groups                                                 1
Number of observations                                        1121

Number of dependent variables                                   17
Number of independent variables                                  0
Number of continuous latent variables                            3

Observed dependent variables

  Binary and ordered categorical (ordinal)
   ATTHC3M     ATTHCURG    ATTHCPRB    ATTHCEXP    ATTHCWOR    ATTHCTRY
   ATALC3M     ATALCURG    ATALCPRB    ATALCEXP    ATALCWOR    ATALCTRY
   ATTOB3M     ATTOBURG    ATTOBPRB    ATTOBWOR    ATTOBTRY

Continuous latent variables

  EFA factors
  *1:   F1          F2          F3


Estimator                                                    WLSMV
Rotation                                                    GEOMIN
Row standardization                                    CORRELATION
Type of rotation                                           OBLIQUE
Epsilon value                                               Varies
Maximum number of iterations                                 10000
Convergence criterion                                    0.500D-04
Maximum number of steepest descent iterations                   20
Maximum number of iterations for H1                           2000
Convergence criterion for H1                             0.100D-03
Optimization Specifications for the Exploratory Factor Analysis
Rotation Algorithm
  Number of random starts                                       30
  Maximum number of iterations                               10000
  Derivative convergence criterion                       0.100D-04
Parameterization                                             DELTA
Link                                                        PROBIT

Input data file(s)
  data.etoh_tob_thc.dems.dat

Input data format  FREE


SUMMARY OF DATA

     Number of missing data patterns             1


COVARIANCE COVERAGE OF DATA

Minimum covariance coverage value   0.100


     PROPORTION OF DATA PRESENT


           Covariance Coverage
              ATTHC3M       ATTHCURG      ATTHCPRB      ATTHCEXP      ATTHCWOR
              ________      ________      ________      ________      ________
 ATTHC3M        1.000
 ATTHCURG       1.000         1.000
 ATTHCPRB       1.000         1.000         1.000
 ATTHCEXP       1.000         1.000         1.000         1.000
 ATTHCWOR       1.000         1.000         1.000         1.000         1.000
 ATTHCTRY       1.000         1.000         1.000         1.000         1.000
 ATALC3M        1.000         1.000         1.000         1.000         1.000
 ATALCURG       1.000         1.000         1.000         1.000         1.000
 ATALCPRB       1.000         1.000         1.000         1.000         1.000
 ATALCEXP       1.000         1.000         1.000         1.000         1.000
 ATALCWOR       1.000         1.000         1.000         1.000         1.000
 ATALCTRY       1.000         1.000         1.000         1.000         1.000
 ATTOB3M        1.000         1.000         1.000         1.000         1.000
 ATTOBURG       1.000         1.000         1.000         1.000         1.000
 ATTOBPRB       1.000         1.000         1.000         1.000         1.000
 ATTOBWOR       1.000         1.000         1.000         1.000         1.000
 ATTOBTRY       1.000         1.000         1.000         1.000         1.000


           Covariance Coverage
              ATTHCTRY      ATALC3M       ATALCURG      ATALCPRB      ATALCEXP
              ________      ________      ________      ________      ________
 ATTHCTRY       1.000
 ATALC3M        1.000         1.000
 ATALCURG       1.000         1.000         1.000
 ATALCPRB       1.000         1.000         1.000         1.000
 ATALCEXP       1.000         1.000         1.000         1.000         1.000
 ATALCWOR       1.000         1.000         1.000         1.000         1.000
 ATALCTRY       1.000         1.000         1.000         1.000         1.000
 ATTOB3M        1.000         1.000         1.000         1.000         1.000
 ATTOBURG       1.000         1.000         1.000         1.000         1.000
 ATTOBPRB       1.000         1.000         1.000         1.000         1.000
 ATTOBWOR       1.000         1.000         1.000         1.000         1.000
 ATTOBTRY       1.000         1.000         1.000         1.000         1.000


           Covariance Coverage
              ATALCWOR      ATALCTRY      ATTOB3M       ATTOBURG      ATTOBPRB
              ________      ________      ________      ________      ________
 ATALCWOR       1.000
 ATALCTRY       1.000         1.000
 ATTOB3M        1.000         1.000         1.000
 ATTOBURG       1.000         1.000         1.000         1.000
 ATTOBPRB       1.000         1.000         1.000         1.000         1.000
 ATTOBWOR       1.000         1.000         1.000         1.000         1.000
 ATTOBTRY       1.000         1.000         1.000         1.000         1.000


           Covariance Coverage
              ATTOBWOR      ATTOBTRY
              ________      ________
 ATTOBWOR       1.000
 ATTOBTRY       1.000         1.000


UNIVARIATE PROPORTIONS AND COUNTS FOR CATEGORICAL VARIABLES

    ATTHC3M
      Category 1    0.718          805.000
      Category 2    0.073           82.000
      Category 3    0.051           57.000
      Category 4    0.062           69.000
      Category 5    0.096          108.000
    ATTHCURG
      Category 1    0.786          881.000
      Category 2    0.044           49.000
      Category 3    0.035           39.000
      Category 4    0.046           52.000
      Category 5    0.089          100.000
    ATTHCPRB
      Category 1    0.941         1055.000
      Category 2    0.016           18.000
      Category 3    0.014           16.000
      Category 4    0.012           14.000
      Category 5    0.016           18.000
    ATTHCEXP
      Category 1    0.948         1063.000
      Category 2    0.020           22.000
      Category 3    0.010           11.000
      Category 4    0.012           13.000
      Category 5    0.011           12.000
    ATTHCWOR
      Category 1    0.798          894.000
      Category 2    0.155          174.000
      Category 3    0.047           53.000
    ATTHCTRY
      Category 1    0.815          914.000
      Category 2    0.132          148.000
      Category 3    0.053           59.000
    ATALC3M
      Category 1    0.383          429.000
      Category 2    0.178          199.000
      Category 3    0.183          205.000
      Category 4    0.175          196.000
      Category 5    0.082           92.000
    ATALCURG
      Category 1    0.666          747.000
      Category 2    0.091          102.000
      Category 3    0.071           80.000
      Category 4    0.096          108.000
      Category 5    0.075           84.000
    ATALCPRB
      Category 1    0.900         1009.000
      Category 2    0.024           27.000
      Category 3    0.033           37.000
      Category 4    0.021           23.000
      Category 5    0.022           25.000
    ATALCEXP
      Category 1    0.913         1024.000
      Category 2    0.037           41.000
      Category 3    0.018           20.000
      Category 4    0.017           19.000
      Category 5    0.015           17.000
    ATALCWOR
      Category 1    0.700          785.000
      Category 2    0.201          225.000
      Category 3    0.099          111.000
    ATALCTRY
      Category 1    0.753          844.000
      Category 2    0.161          181.000
      Category 3    0.086           96.000
    ATTOB3M
      Category 1    0.390          437.000
      Category 2    0.070           78.000
      Category 3    0.039           44.000
      Category 4    0.057           64.000
      Category 5    0.444          498.000
    ATTOBURG
      Category 1    0.475          532.000
      Category 2    0.041           46.000
      Category 3    0.022           25.000
      Category 4    0.066           74.000
      Category 5    0.396          444.000
    ATTOBPRB
      Category 1    0.806          904.000
      Category 2    0.043           48.000
      Category 3    0.037           41.000
      Category 4    0.025           28.000
      Category 5    0.089          100.000
    ATTOBWOR
      Category 1    0.492          551.000
      Category 2    0.236          265.000
      Category 3    0.272          305.000
    ATTOBTRY
      Category 1    0.448          502.000
      Category 2    0.300          336.000
      Category 3    0.252          283.000



THE MODEL ESTIMATION TERMINATED NORMALLY

     THE CHI-SQUARE DIFFERENCE TEST COULD NOT BE COMPUTED BECAUSE THE H0 MODEL
     IS NOT NESTED IN THE H1 MODEL. THE H1 MODEL HAS 105 PARAMETERS.
     THE H0 MODEL HAS 106 PARAMETERS.



MODEL FIT INFORMATION

Number of Free Parameters                      106

Chi-Square Test of Model Fit

          Value                           1067.955*
          Degrees of Freedom                    86
          P-Value                           0.0000

*   The chi-square value for MLM, MLMV, MLR, ULSMV, WLSM and WLSMV cannot be used
    for chi-square difference testing in the regular way.  MLM, MLR and WLSM
    chi-square difference testing is described on the Mplus website.  MLMV, WLSMV,
    and ULSMV difference testing is done using the DIFFTEST option.

RMSEA (Root Mean Square Error Of Approximation)

          Estimate                           0.101
          90 Percent C.I.                    0.096  0.106
          Probability RMSEA <= .05           0.000

CFI/TLI

          CFI                                0.984
          TLI                                0.975

Chi-Square Test of Model Fit for the Baseline Model

          Value                          62812.533
          Degrees of Freedom                   136
          P-Value                           0.0000

SRMR (Standardized Root Mean Square Residual)

          Value                              0.076

Optimum Function Value for Weighted Least-Squares Estimator

          Value                     0.28817031D+00



MODEL RESULTS

                                                    Two-Tailed
                    Estimate       S.E.  Est./S.E.    P-Value

 F1       BY
    ATTHC3M            1.111      0.040     27.597      0.000
    ATTHCURG           1.066      0.039     26.985      0.000
    ATTHCPRB           0.821      0.049     16.630      0.000
    ATTHCEXP           0.807      0.046     17.447      0.000
    ATTHCWOR           0.613      0.053     11.551      0.000
    ATTHCTRY           0.625      0.056     11.240      0.000
    ATALC3M           -0.013      0.033     -0.399      0.690
    ATALCURG          -0.066      0.041     -1.599      0.110
    ATALCPRB          -0.006      0.029     -0.211      0.833
    ATALCEXP           0.023      0.040      0.583      0.560
    ATALCWOR           0.077      0.050      1.546      0.122
    ATALCTRY           0.029      0.049      0.596      0.551
    ATTOB3M           -0.001      0.024     -0.043      0.966
    ATTOBURG          -0.016      0.026     -0.604      0.546
    ATTOBPRB           0.096      0.056      1.717      0.086
    ATTOBWOR          -0.030      0.054     -0.554      0.579
    ATTOBTRY          -0.055      0.052     -1.076      0.282

 F2       BY
    ATTHC3M           -0.001      0.009     -0.071      0.943
    ATTHCURG           0.009      0.014      0.657      0.511
    ATTHCPRB           0.122      0.064      1.921      0.055
    ATTHCEXP           0.188      0.066      2.870      0.004
    ATTHCWOR          -0.267      0.056     -4.788      0.000
    ATTHCTRY          -0.120      0.056     -2.169      0.030
    ATALC3M            0.919      0.028     33.300      0.000
    ATALCURG           0.931      0.024     39.323      0.000
    ATALCPRB           0.824      0.031     26.994      0.000
    ATALCEXP           0.848      0.034     24.870      0.000
    ATALCWOR           0.372      0.040      9.397      0.000
    ATALCTRY           0.372      0.040      9.323      0.000
    ATTOB3M            0.165      0.049      3.336      0.001
    ATTOBURG           0.138      0.052      2.657      0.008
    ATTOBPRB           0.200      0.061      3.258      0.001
    ATTOBWOR          -0.097      0.058     -1.678      0.093
    ATTOBTRY           0.008      0.022      0.392      0.695

 F3       BY
    ATTHC3M           -0.398      0.073     -5.461      0.000
    ATTHCURG          -0.311      0.070     -4.435      0.000
    ATTHCPRB           0.049      0.059      0.829      0.407
    ATTHCEXP          -0.018      0.012     -1.451      0.147
    ATTHCWOR           0.196      0.062      3.136      0.002
    ATTHCTRY           0.243      0.060      4.054      0.000
    ATALC3M           -0.242      0.036     -6.790      0.000
    ATALCURG           0.005      0.011      0.483      0.629
    ATALCPRB           0.265      0.046      5.816      0.000
    ATALCEXP           0.272      0.049      5.493      0.000
    ATALCWOR           0.333      0.043      7.800      0.000
    ATALCTRY           0.362      0.043      8.476      0.000
    ATTOB3M            0.689      0.031     21.900      0.000
    ATTOBURG           0.737      0.030     24.952      0.000
    ATTOBPRB           0.689      0.040     17.147      0.000
    ATTOBWOR           0.809      0.033     24.881      0.000
    ATTOBTRY           0.838      0.033     25.632      0.000

 F2       WITH
    F1                 0.389      0.046      8.477      0.000

 F3       WITH
    F1                 0.448      0.063      7.155      0.000
    F2                 0.167      0.054      3.068      0.002

 ATALCTRY WITH
    ATALCWOR           0.373      0.029     12.925      0.000

 ATTOBURG WITH
    ATTOB3M            0.413      0.037     11.152      0.000

 Thresholds
    ATTHC3M$1          0.577      0.040     14.507      0.000
    ATTHC3M$2          0.811      0.042     19.183      0.000
    ATTHC3M$3          1.003      0.045     22.217      0.000
    ATTHC3M$4          1.303      0.052     25.243      0.000
    ATTHCURG$1         0.792      0.042     18.850      0.000
    ATTHCURG$2         0.953      0.044     21.499      0.000
    ATTHCURG$3         1.100      0.047     23.434      0.000
    ATTHCURG$4         1.346      0.053     25.499      0.000
    ATTHCPRB$1         1.564      0.060     26.115      0.000
    ATTHCPRB$2         1.719      0.066     25.887      0.000
    ATTHCPRB$3         1.903      0.076     24.976      0.000
    ATTHCPRB$4         2.143      0.094     22.919      0.000
    ATTHCEXP$1         1.628      0.062     26.084      0.000
    ATTHCEXP$2         1.851      0.073     25.299      0.000
    ATTHCEXP$3         2.008      0.083     24.177      0.000
    ATTHCEXP$4         2.301      0.109     21.170      0.000
    ATTHCWOR$1         0.833      0.043     19.569      0.000
    ATTHCWOR$2         1.672      0.064     26.011      0.000
    ATTHCTRY$1         0.898      0.043     20.654      0.000
    ATTHCTRY$2         1.620      0.062     26.093      0.000
    ATALC3M$1         -0.298      0.038     -7.844      0.000
    ATALC3M$2          0.152      0.038      4.031      0.000
    ATALC3M$3          0.653      0.040     16.128      0.000
    ATALC3M$4          1.391      0.054     25.722      0.000
    ATALCURG$1         0.430      0.039     11.104      0.000
    ATALCURG$2         0.698      0.041     17.045      0.000
    ATALCURG$3         0.949      0.044     21.447      0.000
    ATALCURG$4         1.440      0.056     25.904      0.000
    ATALCPRB$1         1.282      0.051     25.105      0.000
    ATALCPRB$2         1.434      0.055     25.884      0.000
    ATALCPRB$3         1.719      0.066     25.887      0.000
    ATALCPRB$4         2.008      0.083     24.177      0.000
    ATALCEXP$1         1.362      0.053     25.587      0.000
    ATALCEXP$2         1.645      0.063     26.060      0.000
    ATALCEXP$3         1.851      0.073     25.299      0.000
    ATALCEXP$4         2.166      0.095     22.683      0.000
    ATALCWOR$1         0.525      0.039     13.339      0.000
    ATALCWOR$2         1.287      0.051     25.140      0.000
    ATALCTRY$1         0.684      0.041     16.759      0.000
    ATALCTRY$2         1.368      0.053     25.615      0.000
    ATTOB3M$1         -0.280      0.038     -7.368      0.000
    ATTOB3M$2         -0.102      0.038     -2.718      0.007
    ATTOB3M$3         -0.003      0.037     -0.090      0.929
    ATTOB3M$4          0.140      0.038      3.732      0.000
    ATTOBURG$1        -0.064      0.037     -1.702      0.089
    ATTOBURG$2         0.039      0.037      1.045      0.296
    ATTOBURG$3         0.095      0.037      2.538      0.011
    ATTOBURG$4         0.264      0.038      6.951      0.000
    ATTOBPRB$1         0.865      0.043     20.115      0.000
    ATTOBPRB$2         1.033      0.046     22.617      0.000
    ATTOBPRB$3         1.205      0.049     24.490      0.000
    ATTOBPRB$4         1.346      0.053     25.499      0.000
    ATTOBWOR$1        -0.021      0.037     -0.567      0.570
    ATTOBWOR$2         0.607      0.040     15.146      0.000
    ATTOBTRY$1        -0.131      0.038     -3.494      0.000
    ATTOBTRY$2         0.667      0.041     16.415      0.000

 Variances
    F1                 1.000      0.000    999.000    999.000
    F2                 1.000      0.000    999.000    999.000
    F3                 1.000      0.000    999.000    999.000


STANDARDIZED MODEL RESULTS


STDYX Standardization

                                                    Two-Tailed
                    Estimate       S.E.  Est./S.E.    P-Value

 F1       BY
    ATTHC3M            1.111      0.040     27.597      0.000
    ATTHCURG           1.066      0.039     26.985      0.000
    ATTHCPRB           0.821      0.049     16.630      0.000
    ATTHCEXP           0.807      0.046     17.447      0.000
    ATTHCWOR           0.613      0.053     11.551      0.000
    ATTHCTRY           0.625      0.056     11.240      0.000
    ATALC3M           -0.013      0.033     -0.399      0.690
    ATALCURG          -0.066      0.041     -1.599      0.110
    ATALCPRB          -0.006      0.029     -0.211      0.833
    ATALCEXP           0.023      0.040      0.583      0.560
    ATALCWOR           0.077      0.050      1.546      0.122
    ATALCTRY           0.029      0.049      0.596      0.551
    ATTOB3M           -0.001      0.024     -0.043      0.966
    ATTOBURG          -0.016      0.026     -0.604      0.546
    ATTOBPRB           0.096      0.056      1.717      0.086
    ATTOBWOR          -0.030      0.054     -0.554      0.579
    ATTOBTRY          -0.055      0.052     -1.076      0.282

 F2       BY
    ATTHC3M           -0.001      0.009     -0.071      0.943
    ATTHCURG           0.009      0.014      0.657      0.511
    ATTHCPRB           0.122      0.064      1.921      0.055
    ATTHCEXP           0.188      0.066      2.870      0.004
    ATTHCWOR          -0.267      0.056     -4.788      0.000
    ATTHCTRY          -0.120      0.056     -2.169      0.030
    ATALC3M            0.919      0.028     33.300      0.000
    ATALCURG           0.931      0.024     39.323      0.000
    ATALCPRB           0.824      0.031     26.994      0.000
    ATALCEXP           0.848      0.034     24.870      0.000
    ATALCWOR           0.372      0.040      9.397      0.000
    ATALCTRY           0.372      0.040      9.323      0.000
    ATTOB3M            0.165      0.049      3.336      0.001
    ATTOBURG           0.138      0.052      2.657      0.008
    ATTOBPRB           0.200      0.061      3.258      0.001
    ATTOBWOR          -0.097      0.058     -1.678      0.093
    ATTOBTRY           0.008      0.022      0.392      0.695

 F3       BY
    ATTHC3M           -0.398      0.073     -5.461      0.000
    ATTHCURG          -0.311      0.070     -4.435      0.000
    ATTHCPRB           0.049      0.059      0.829      0.407
    ATTHCEXP          -0.018      0.012     -1.451      0.147
    ATTHCWOR           0.196      0.062      3.136      0.002
    ATTHCTRY           0.243      0.060      4.054      0.000
    ATALC3M           -0.242      0.036     -6.790      0.000
    ATALCURG           0.005      0.011      0.483      0.629
    ATALCPRB           0.265      0.046      5.816      0.000
    ATALCEXP           0.272      0.049      5.493      0.000
    ATALCWOR           0.333      0.043      7.800      0.000
    ATALCTRY           0.362      0.043      8.476      0.000
    ATTOB3M            0.689      0.031     21.900      0.000
    ATTOBURG           0.737      0.030     24.952      0.000
    ATTOBPRB           0.689      0.040     17.147      0.000
    ATTOBWOR           0.809      0.033     24.881      0.000
    ATTOBTRY           0.838      0.033     25.632      0.000

 F2       WITH
    F1                 0.389      0.046      8.477      0.000

 F3       WITH
    F1                 0.448      0.063      7.155      0.000
    F2                 0.167      0.054      3.068      0.002

 ATALCTRY WITH
    ATALCWOR           0.564      0.033     16.891      0.000

 ATTOBURG WITH
    ATTOB3M            0.943      0.009    100.990      0.000

 Thresholds
    ATTHC3M$1          0.577      0.040     14.507      0.000
    ATTHC3M$2          0.811      0.042     19.183      0.000
    ATTHC3M$3          1.003      0.045     22.217      0.000
    ATTHC3M$4          1.303      0.052     25.243      0.000
    ATTHCURG$1         0.792      0.042     18.850      0.000
    ATTHCURG$2         0.953      0.044     21.499      0.000
    ATTHCURG$3         1.100      0.047     23.434      0.000
    ATTHCURG$4         1.346      0.053     25.499      0.000
    ATTHCPRB$1         1.564      0.060     26.115      0.000
    ATTHCPRB$2         1.719      0.066     25.887      0.000
    ATTHCPRB$3         1.903      0.076     24.976      0.000
    ATTHCPRB$4         2.143      0.094     22.919      0.000
    ATTHCEXP$1         1.628      0.062     26.084      0.000
    ATTHCEXP$2         1.851      0.073     25.299      0.000
    ATTHCEXP$3         2.008      0.083     24.177      0.000
    ATTHCEXP$4         2.301      0.109     21.170      0.000
    ATTHCWOR$1         0.833      0.043     19.569      0.000
    ATTHCWOR$2         1.672      0.064     26.011      0.000
    ATTHCTRY$1         0.898      0.043     20.654      0.000
    ATTHCTRY$2         1.620      0.062     26.093      0.000
    ATALC3M$1         -0.298      0.038     -7.844      0.000
    ATALC3M$2          0.152      0.038      4.031      0.000
    ATALC3M$3          0.653      0.040     16.128      0.000
    ATALC3M$4          1.391      0.054     25.722      0.000
    ATALCURG$1         0.430      0.039     11.104      0.000
    ATALCURG$2         0.698      0.041     17.045      0.000
    ATALCURG$3         0.949      0.044     21.447      0.000
    ATALCURG$4         1.440      0.056     25.904      0.000
    ATALCPRB$1         1.282      0.051     25.105      0.000
    ATALCPRB$2         1.434      0.055     25.884      0.000
    ATALCPRB$3         1.719      0.066     25.887      0.000
    ATALCPRB$4         2.008      0.083     24.177      0.000
    ATALCEXP$1         1.362      0.053     25.587      0.000
    ATALCEXP$2         1.645      0.063     26.060      0.000
    ATALCEXP$3         1.851      0.073     25.299      0.000
    ATALCEXP$4         2.166      0.095     22.683      0.000
    ATALCWOR$1         0.525      0.039     13.339      0.000
    ATALCWOR$2         1.287      0.051     25.140      0.000
    ATALCTRY$1         0.684      0.041     16.759      0.000
    ATALCTRY$2         1.368      0.053     25.615      0.000
    ATTOB3M$1         -0.280      0.038     -7.368      0.000
    ATTOB3M$2         -0.102      0.038     -2.718      0.007
    ATTOB3M$3         -0.003      0.037     -0.090      0.929
    ATTOB3M$4          0.140      0.038      3.732      0.000
    ATTOBURG$1        -0.064      0.037     -1.702      0.089
    ATTOBURG$2         0.039      0.037      1.045      0.296
    ATTOBURG$3         0.095      0.037      2.538      0.011
    ATTOBURG$4         0.264      0.038      6.951      0.000
    ATTOBPRB$1         0.865      0.043     20.115      0.000
    ATTOBPRB$2         1.033      0.046     22.617      0.000
    ATTOBPRB$3         1.205      0.049     24.490      0.000
    ATTOBPRB$4         1.346      0.053     25.499      0.000
    ATTOBWOR$1        -0.021      0.037     -0.567      0.570
    ATTOBWOR$2         0.607      0.040     15.146      0.000
    ATTOBTRY$1        -0.131      0.038     -3.494      0.000
    ATTOBTRY$2         0.667      0.041     16.415      0.000

 Variances
    F1                 1.000      0.000    999.000    999.000
    F2                 1.000      0.000    999.000    999.000
    F3                 1.000      0.000    999.000    999.000


STDY Standardization

                                                    Two-Tailed
                    Estimate       S.E.  Est./S.E.    P-Value

 F1       BY
    ATTHC3M            1.111      0.040     27.597      0.000
    ATTHCURG           1.066      0.039     26.985      0.000
    ATTHCPRB           0.821      0.049     16.630      0.000
    ATTHCEXP           0.807      0.046     17.447      0.000
    ATTHCWOR           0.613      0.053     11.551      0.000
    ATTHCTRY           0.625      0.056     11.240      0.000
    ATALC3M           -0.013      0.033     -0.399      0.690
    ATALCURG          -0.066      0.041     -1.599      0.110
    ATALCPRB          -0.006      0.029     -0.211      0.833
    ATALCEXP           0.023      0.040      0.583      0.560
    ATALCWOR           0.077      0.050      1.546      0.122
    ATALCTRY           0.029      0.049      0.596      0.551
    ATTOB3M           -0.001      0.024     -0.043      0.966
    ATTOBURG          -0.016      0.026     -0.604      0.546
    ATTOBPRB           0.096      0.056      1.717      0.086
    ATTOBWOR          -0.030      0.054     -0.554      0.579
    ATTOBTRY          -0.055      0.052     -1.076      0.282

 F2       BY
    ATTHC3M           -0.001      0.009     -0.071      0.943
    ATTHCURG           0.009      0.014      0.657      0.511
    ATTHCPRB           0.122      0.064      1.921      0.055
    ATTHCEXP           0.188      0.066      2.870      0.004
    ATTHCWOR          -0.267      0.056     -4.788      0.000
    ATTHCTRY          -0.120      0.056     -2.169      0.030
    ATALC3M            0.919      0.028     33.300      0.000
    ATALCURG           0.931      0.024     39.323      0.000
    ATALCPRB           0.824      0.031     26.994      0.000
    ATALCEXP           0.848      0.034     24.870      0.000
    ATALCWOR           0.372      0.040      9.397      0.000
    ATALCTRY           0.372      0.040      9.323      0.000
    ATTOB3M            0.165      0.049      3.336      0.001
    ATTOBURG           0.138      0.052      2.657      0.008
    ATTOBPRB           0.200      0.061      3.258      0.001
    ATTOBWOR          -0.097      0.058     -1.678      0.093
    ATTOBTRY           0.008      0.022      0.392      0.695

 F3       BY
    ATTHC3M           -0.398      0.073     -5.461      0.000
    ATTHCURG          -0.311      0.070     -4.435      0.000
    ATTHCPRB           0.049      0.059      0.829      0.407
    ATTHCEXP          -0.018      0.012     -1.451      0.147
    ATTHCWOR           0.196      0.062      3.136      0.002
    ATTHCTRY           0.243      0.060      4.054      0.000
    ATALC3M           -0.242      0.036     -6.790      0.000
    ATALCURG           0.005      0.011      0.483      0.629
    ATALCPRB           0.265      0.046      5.816      0.000
    ATALCEXP           0.272      0.049      5.493      0.000
    ATALCWOR           0.333      0.043      7.800      0.000
    ATALCTRY           0.362      0.043      8.476      0.000
    ATTOB3M            0.689      0.031     21.900      0.000
    ATTOBURG           0.737      0.030     24.952      0.000
    ATTOBPRB           0.689      0.040     17.147      0.000
    ATTOBWOR           0.809      0.033     24.881      0.000
    ATTOBTRY           0.838      0.033     25.632      0.000

 F2       WITH
    F1                 0.389      0.046      8.477      0.000

 F3       WITH
    F1                 0.448      0.063      7.155      0.000
    F2                 0.167      0.054      3.068      0.002

 ATALCTRY WITH
    ATALCWOR           0.564      0.033     16.891      0.000

 ATTOBURG WITH
    ATTOB3M            0.943      0.009    100.990      0.000

 Thresholds
    ATTHC3M$1          0.577      0.040     14.507      0.000
    ATTHC3M$2          0.811      0.042     19.183      0.000
    ATTHC3M$3          1.003      0.045     22.217      0.000
    ATTHC3M$4          1.303      0.052     25.243      0.000
    ATTHCURG$1         0.792      0.042     18.850      0.000
    ATTHCURG$2         0.953      0.044     21.499      0.000
    ATTHCURG$3         1.100      0.047     23.434      0.000
    ATTHCURG$4         1.346      0.053     25.499      0.000
    ATTHCPRB$1         1.564      0.060     26.115      0.000
    ATTHCPRB$2         1.719      0.066     25.887      0.000
    ATTHCPRB$3         1.903      0.076     24.976      0.000
    ATTHCPRB$4         2.143      0.094     22.919      0.000
    ATTHCEXP$1         1.628      0.062     26.084      0.000
    ATTHCEXP$2         1.851      0.073     25.299      0.000
    ATTHCEXP$3         2.008      0.083     24.177      0.000
    ATTHCEXP$4         2.301      0.109     21.170      0.000
    ATTHCWOR$1         0.833      0.043     19.569      0.000
    ATTHCWOR$2         1.672      0.064     26.011      0.000
    ATTHCTRY$1         0.898      0.043     20.654      0.000
    ATTHCTRY$2         1.620      0.062     26.093      0.000
    ATALC3M$1         -0.298      0.038     -7.844      0.000
    ATALC3M$2          0.152      0.038      4.031      0.000
    ATALC3M$3          0.653      0.040     16.128      0.000
    ATALC3M$4          1.391      0.054     25.722      0.000
    ATALCURG$1         0.430      0.039     11.104      0.000
    ATALCURG$2         0.698      0.041     17.045      0.000
    ATALCURG$3         0.949      0.044     21.447      0.000
    ATALCURG$4         1.440      0.056     25.904      0.000
    ATALCPRB$1         1.282      0.051     25.105      0.000
    ATALCPRB$2         1.434      0.055     25.884      0.000
    ATALCPRB$3         1.719      0.066     25.887      0.000
    ATALCPRB$4         2.008      0.083     24.177      0.000
    ATALCEXP$1         1.362      0.053     25.587      0.000
    ATALCEXP$2         1.645      0.063     26.060      0.000
    ATALCEXP$3         1.851      0.073     25.299      0.000
    ATALCEXP$4         2.166      0.095     22.683      0.000
    ATALCWOR$1         0.525      0.039     13.339      0.000
    ATALCWOR$2         1.287      0.051     25.140      0.000
    ATALCTRY$1         0.684      0.041     16.759      0.000
    ATALCTRY$2         1.368      0.053     25.615      0.000
    ATTOB3M$1         -0.280      0.038     -7.368      0.000
    ATTOB3M$2         -0.102      0.038     -2.718      0.007
    ATTOB3M$3         -0.003      0.037     -0.090      0.929
    ATTOB3M$4          0.140      0.038      3.732      0.000
    ATTOBURG$1        -0.064      0.037     -1.702      0.089
    ATTOBURG$2         0.039      0.037      1.045      0.296
    ATTOBURG$3         0.095      0.037      2.538      0.011
    ATTOBURG$4         0.264      0.038      6.951      0.000
    ATTOBPRB$1         0.865      0.043     20.115      0.000
    ATTOBPRB$2         1.033      0.046     22.617      0.000
    ATTOBPRB$3         1.205      0.049     24.490      0.000
    ATTOBPRB$4         1.346      0.053     25.499      0.000
    ATTOBWOR$1        -0.021      0.037     -0.567      0.570
    ATTOBWOR$2         0.607      0.040     15.146      0.000
    ATTOBTRY$1        -0.131      0.038     -3.494      0.000
    ATTOBTRY$2         0.667      0.041     16.415      0.000

 Variances
    F1                 1.000      0.000    999.000    999.000
    F2                 1.000      0.000    999.000    999.000
    F3                 1.000      0.000    999.000    999.000


STD Standardization

                                                    Two-Tailed
                    Estimate       S.E.  Est./S.E.    P-Value

 F1       BY
    ATTHC3M            1.111      0.040     27.597      0.000
    ATTHCURG           1.066      0.039     26.985      0.000
    ATTHCPRB           0.821      0.049     16.630      0.000
    ATTHCEXP           0.807      0.046     17.447      0.000
    ATTHCWOR           0.613      0.053     11.551      0.000
    ATTHCTRY           0.625      0.056     11.240      0.000
    ATALC3M           -0.013      0.033     -0.399      0.690
    ATALCURG          -0.066      0.041     -1.599      0.110
    ATALCPRB          -0.006      0.029     -0.211      0.833
    ATALCEXP           0.023      0.040      0.583      0.560
    ATALCWOR           0.077      0.050      1.546      0.122
    ATALCTRY           0.029      0.049      0.596      0.551
    ATTOB3M           -0.001      0.024     -0.043      0.966
    ATTOBURG          -0.016      0.026     -0.604      0.546
    ATTOBPRB           0.096      0.056      1.717      0.086
    ATTOBWOR          -0.030      0.054     -0.554      0.579
    ATTOBTRY          -0.055      0.052     -1.076      0.282

 F2       BY
    ATTHC3M           -0.001      0.009     -0.071      0.943
    ATTHCURG           0.009      0.014      0.657      0.511
    ATTHCPRB           0.122      0.064      1.921      0.055
    ATTHCEXP           0.188      0.066      2.870      0.004
    ATTHCWOR          -0.267      0.056     -4.788      0.000
    ATTHCTRY          -0.120      0.056     -2.169      0.030
    ATALC3M            0.919      0.028     33.300      0.000
    ATALCURG           0.931      0.024     39.323      0.000
    ATALCPRB           0.824      0.031     26.994      0.000
    ATALCEXP           0.848      0.034     24.870      0.000
    ATALCWOR           0.372      0.040      9.397      0.000
    ATALCTRY           0.372      0.040      9.323      0.000
    ATTOB3M            0.165      0.049      3.336      0.001
    ATTOBURG           0.138      0.052      2.657      0.008
    ATTOBPRB           0.200      0.061      3.258      0.001
    ATTOBWOR          -0.097      0.058     -1.678      0.093
    ATTOBTRY           0.008      0.022      0.392      0.695

 F3       BY
    ATTHC3M           -0.398      0.073     -5.461      0.000
    ATTHCURG          -0.311      0.070     -4.435      0.000
    ATTHCPRB           0.049      0.059      0.829      0.407
    ATTHCEXP          -0.018      0.012     -1.451      0.147
    ATTHCWOR           0.196      0.062      3.136      0.002
    ATTHCTRY           0.243      0.060      4.054      0.000
    ATALC3M           -0.242      0.036     -6.790      0.000
    ATALCURG           0.005      0.011      0.483      0.629
    ATALCPRB           0.265      0.046      5.816      0.000
    ATALCEXP           0.272      0.049      5.493      0.000
    ATALCWOR           0.333      0.043      7.800      0.000
    ATALCTRY           0.362      0.043      8.476      0.000
    ATTOB3M            0.689      0.031     21.900      0.000
    ATTOBURG           0.737      0.030     24.952      0.000
    ATTOBPRB           0.689      0.040     17.147      0.000
    ATTOBWOR           0.809      0.033     24.881      0.000
    ATTOBTRY           0.838      0.033     25.632      0.000

 F2       WITH
    F1                 0.389      0.046      8.477      0.000

 F3       WITH
    F1                 0.448      0.063      7.155      0.000
    F2                 0.167      0.054      3.068      0.002

 ATALCTRY WITH
    ATALCWOR           0.373      0.029     12.925      0.000

 ATTOBURG WITH
    ATTOB3M            0.413      0.037     11.152      0.000

 Thresholds
    ATTHC3M$1          0.577      0.040     14.507      0.000
    ATTHC3M$2          0.811      0.042     19.183      0.000
    ATTHC3M$3          1.003      0.045     22.217      0.000
    ATTHC3M$4          1.303      0.052     25.243      0.000
    ATTHCURG$1         0.792      0.042     18.850      0.000
    ATTHCURG$2         0.953      0.044     21.499      0.000
    ATTHCURG$3         1.100      0.047     23.434      0.000
    ATTHCURG$4         1.346      0.053     25.499      0.000
    ATTHCPRB$1         1.564      0.060     26.115      0.000
    ATTHCPRB$2         1.719      0.066     25.887      0.000
    ATTHCPRB$3         1.903      0.076     24.976      0.000
    ATTHCPRB$4         2.143      0.094     22.919      0.000
    ATTHCEXP$1         1.628      0.062     26.084      0.000
    ATTHCEXP$2         1.851      0.073     25.299      0.000
    ATTHCEXP$3         2.008      0.083     24.177      0.000
    ATTHCEXP$4         2.301      0.109     21.170      0.000
    ATTHCWOR$1         0.833      0.043     19.569      0.000
    ATTHCWOR$2         1.672      0.064     26.011      0.000
    ATTHCTRY$1         0.898      0.043     20.654      0.000
    ATTHCTRY$2         1.620      0.062     26.093      0.000
    ATALC3M$1         -0.298      0.038     -7.844      0.000
    ATALC3M$2          0.152      0.038      4.031      0.000
    ATALC3M$3          0.653      0.040     16.128      0.000
    ATALC3M$4          1.391      0.054     25.722      0.000
    ATALCURG$1         0.430      0.039     11.104      0.000
    ATALCURG$2         0.698      0.041     17.045      0.000
    ATALCURG$3         0.949      0.044     21.447      0.000
    ATALCURG$4         1.440      0.056     25.904      0.000
    ATALCPRB$1         1.282      0.051     25.105      0.000
    ATALCPRB$2         1.434      0.055     25.884      0.000
    ATALCPRB$3         1.719      0.066     25.887      0.000
    ATALCPRB$4         2.008      0.083     24.177      0.000
    ATALCEXP$1         1.362      0.053     25.587      0.000
    ATALCEXP$2         1.645      0.063     26.060      0.000
    ATALCEXP$3         1.851      0.073     25.299      0.000
    ATALCEXP$4         2.166      0.095     22.683      0.000
    ATALCWOR$1         0.525      0.039     13.339      0.000
    ATALCWOR$2         1.287      0.051     25.140      0.000
    ATALCTRY$1         0.684      0.041     16.759      0.000
    ATALCTRY$2         1.368      0.053     25.615      0.000
    ATTOB3M$1         -0.280      0.038     -7.368      0.000
    ATTOB3M$2         -0.102      0.038     -2.718      0.007
    ATTOB3M$3         -0.003      0.037     -0.090      0.929
    ATTOB3M$4          0.140      0.038      3.732      0.000
    ATTOBURG$1        -0.064      0.037     -1.702      0.089
    ATTOBURG$2         0.039      0.037      1.045      0.296
    ATTOBURG$3         0.095      0.037      2.538      0.011
    ATTOBURG$4         0.264      0.038      6.951      0.000
    ATTOBPRB$1         0.865      0.043     20.115      0.000
    ATTOBPRB$2         1.033      0.046     22.617      0.000
    ATTOBPRB$3         1.205      0.049     24.490      0.000
    ATTOBPRB$4         1.346      0.053     25.499      0.000
    ATTOBWOR$1        -0.021      0.037     -0.567      0.570
    ATTOBWOR$2         0.607      0.040     15.146      0.000
    ATTOBTRY$1        -0.131      0.038     -3.494      0.000
    ATTOBTRY$2         0.667      0.041     16.415      0.000

 Variances
    F1                 1.000      0.000    999.000    999.000
    F2                 1.000      0.000    999.000    999.000
    F3                 1.000      0.000    999.000    999.000


R-SQUARE

    Observed                                        Two-Tailed   Residual
    Variable        Estimate       S.E.  Est./S.E.    P-Value    Variance

    ATTHC3M            0.997      0.031     31.879      0.000      0.003
    ATTHCURG           0.942      0.029     32.760      0.000      0.058
    ATTHCPRB           0.807      0.043     18.601      0.000      0.193
    ATTHCEXP           0.792      0.046     17.364      0.000      0.208
    ATTHCWOR           0.448      0.041     10.886      0.000      0.552
    ATTHCTRY           0.532      0.040     13.222      0.000      0.468
    ATALC3M            0.822      0.036     22.926      0.000      0.178
    ATALCURG           0.826      0.031     26.700      0.000      0.174
    ATALCPRB           0.817      0.037     22.017      0.000      0.183
    ATALCEXP           0.892      0.038     23.334      0.000      0.108
    ATALCWOR           0.343      0.034     10.225      0.000      0.657
    ATALCTRY           0.333      0.034      9.741      0.000      0.667
    ATTOB3M            0.539      0.040     13.352      0.000      0.461
    ATTOBURG           0.585      0.041     14.170      0.000      0.415
    ATTOBPRB           0.643      0.038     16.789      0.000      0.357
    ATTOBWOR           0.619      0.034     18.057      0.000      0.381
    ATTOBTRY           0.666      0.036     18.675      0.000      0.334


QUALITY OF NUMERICAL RESULTS

     Condition Number for the Information Matrix              0.298E-05
       (ratio of smallest to largest eigenvalue)


MODEL MODIFICATION INDICES

Minimum M.I. value for printing the modification index    10.000

                                   M.I.     E.P.C.  Std E.P.C.  StdYX E.P.C.

ON/BY Statements

ATTHC3M  ON F3       /
F3       BY ATTHC3M              999.000     0.000      0.000        0.000
ATTHCURG ON F3       /
F3       BY ATTHCURG             999.000     0.000      0.000        0.000

ON Statements

F3       ON ATTHC3M              999.000     0.000      0.000        0.000
F3       ON ATTHCURG             999.000     0.000      0.000        0.000
ATTHC3M  ON ATTHCURG              90.004     0.495      0.495        0.495
ATTHC3M  ON ATTHCWOR              22.848    -0.214     -0.214       -0.214
ATTHC3M  ON ATTHCTRY              25.633    -0.224     -0.224       -0.224
ATTHC3M  ON ATALCWOR              22.173    -0.205     -0.205       -0.205
ATTHC3M  ON ATALCTRY              28.997    -0.240     -0.240       -0.240
ATTHC3M  ON ATTOB3M               45.543     0.312      0.312        0.312
ATTHC3M  ON ATTOBURG              31.189     0.263      0.263        0.263
ATTHCURG ON ATTHC3M               89.977     0.495      0.495        0.495
ATTHCURG ON ATTHCTRY              16.510    -0.179     -0.179       -0.179
ATTHCURG ON ATALCWOR              17.420    -0.183     -0.183       -0.183
ATTHCURG ON ATALCTRY              24.256    -0.222     -0.222       -0.222
ATTHCURG ON ATTOB3M               35.847     0.278      0.278        0.278
ATTHCURG ON ATTOBURG              40.565     0.299      0.299        0.299
ATTHCPRB ON ATALCWOR              11.151    -0.162     -0.162       -0.162
ATTHCPRB ON ATTOBPRB              22.711     0.226      0.226        0.226
ATTHCWOR ON ATTHC3M               22.670    -0.213     -0.213       -0.213
ATTHCWOR ON ATTHCTRY              92.863     0.318      0.318        0.318
ATTHCWOR ON ATALCWOR             147.984     0.406      0.406        0.406
ATTHCWOR ON ATALCTRY              58.766     0.301      0.301        0.301
ATTHCWOR ON ATTOB3M               98.459    -0.424     -0.424       -0.424
ATTHCWOR ON ATTOBURG              82.581    -0.396     -0.396       -0.396
ATTHCWOR ON ATTOBWOR              14.712     0.159      0.159        0.159
ATTHCWOR ON ATTOBTRY              22.175    -0.197     -0.197       -0.197
ATTHCTRY ON ATTHC3M               25.522    -0.224     -0.224       -0.224
ATTHCTRY ON ATTHCURG              16.580    -0.180     -0.180       -0.180
ATTHCTRY ON ATTHCWOR              92.869     0.318      0.318        0.318
ATTHCTRY ON ATALCWOR              44.781     0.248      0.248        0.248
ATTHCTRY ON ATALCTRY             148.929     0.404      0.404        0.404
ATTHCTRY ON ATTOB3M               55.907    -0.325     -0.325       -0.325
ATTHCTRY ON ATTOBURG              47.363    -0.303     -0.303       -0.303
ATTHCTRY ON ATTOBPRB              16.165    -0.186     -0.186       -0.186
ATTHCTRY ON ATTOBWOR              16.856    -0.180     -0.180       -0.180
ATALC3M  ON ATALCURG              28.670     0.220      0.220        0.220
ATALC3M  ON ATALCWOR              20.417    -0.143     -0.143       -0.143
ATALC3M  ON ATALCTRY              36.640    -0.196     -0.196       -0.196
ATALC3M  ON ATTOB3M               12.840     0.140      0.140        0.140
ATALC3M  ON ATTOBURG              10.303     0.127      0.127        0.127
ATALC3M  ON ATTOBWOR              11.426     0.141      0.141        0.141
ATALCURG ON ATALC3M               28.673     0.220      0.220        0.220
ATALCURG ON ATALCPRB              15.588    -0.152     -0.152       -0.152
ATALCURG ON ATALCEXP              12.513    -0.140     -0.140       -0.140
ATALCURG ON ATTOBURG              12.467     0.143      0.143        0.143
ATALCPRB ON ATALCURG              15.586    -0.152     -0.152       -0.152
ATALCPRB ON ATALCWOR              27.865     0.180      0.180        0.180
ATALCPRB ON ATALCTRY              30.257     0.198      0.198        0.198
ATALCPRB ON ATTOB3M               16.191    -0.202     -0.202       -0.202
ATALCPRB ON ATTOBURG              18.333    -0.214     -0.214       -0.214
ATALCPRB ON ATTOBPRB              10.472     0.142      0.142        0.142
ATALCEXP ON ATALCURG              12.511    -0.140     -0.140       -0.140
ATALCEXP ON ATALCWOR              39.572     0.212      0.212        0.212
ATALCEXP ON ATALCTRY              58.395     0.264      0.264        0.264
ATALCEXP ON ATTOBWOR              11.267    -0.175     -0.175       -0.175
ATALCWOR ON ATTHC3M               11.089    -0.151     -0.151       -0.151
ATALCWOR ON ATTHCWOR             132.890     0.392      0.392        0.392
ATALCWOR ON ATALCPRB              15.754     0.139      0.139        0.139
ATALCWOR ON ATALCEXP              17.451     0.144      0.144        0.144
ATALCWOR ON ATTOB3M               51.276    -0.269     -0.269       -0.269
ATALCWOR ON ATTOBURG              46.980    -0.259     -0.259       -0.259
ATALCWOR ON ATTOBPRB              19.968    -0.184     -0.184       -0.184
ATALCWOR ON ATTOBWOR              15.381     0.137      0.137        0.137
ATALCTRY ON ATTHC3M               19.139    -0.204     -0.204       -0.204
ATALCTRY ON ATTHCURG              16.229    -0.190     -0.190       -0.190
ATALCTRY ON ATTHCTRY             140.018     0.401      0.401        0.401
ATALCTRY ON ATALC3M               27.285    -0.176     -0.176       -0.176
ATALCTRY ON ATALCPRB              17.085     0.154      0.154        0.154
ATALCTRY ON ATALCEXP              39.212     0.223      0.223        0.223
ATALCTRY ON ATTOB3M               64.701    -0.320     -0.320       -0.320
ATALCTRY ON ATTOBURG              59.007    -0.308     -0.308       -0.308
ATALCTRY ON ATTOBPRB              15.808    -0.167     -0.167       -0.167
ATALCTRY ON ATTOBWOR              13.415    -0.144     -0.144       -0.144
ATTOB3M  ON ATTHC3M               29.747     0.255      0.255        0.255
ATTOB3M  ON ATTHCURG              17.123     0.195      0.195        0.195
ATTOB3M  ON ATTHCWOR              58.956    -0.335     -0.335       -0.335
ATTOB3M  ON ATTHCTRY              33.221    -0.256     -0.256       -0.256
ATTOB3M  ON ATALCWOR              51.832    -0.266     -0.266       -0.266
ATTOB3M  ON ATALCTRY              60.192    -0.301     -0.301       -0.301
ATTOB3M  ON ATTOBPRB              33.597     0.208      0.208        0.208
ATTOB3M  ON ATTOBWOR              11.283     0.113      0.113        0.113
ATTOB3M  ON ATTOBTRY              12.430     0.119      0.119        0.119
ATTOBURG ON ATTHC3M               11.300     0.160      0.160        0.160
ATTOBURG ON ATTHCURG              22.521     0.226      0.226        0.226
ATTOBURG ON ATTHCWOR              36.962    -0.272     -0.272       -0.272
ATTOBURG ON ATTHCTRY              21.581    -0.210     -0.210       -0.210
ATTOBURG ON ATALCPRB              10.625    -0.167     -0.167       -0.167
ATTOBURG ON ATALCWOR              41.102    -0.239     -0.239       -0.239
ATTOBURG ON ATALCTRY              47.473    -0.269     -0.269       -0.269
ATTOBURG ON ATTOBPRB              23.964     0.166      0.166        0.166
ATTOBURG ON ATTOBTRY              11.591     0.113      0.113        0.113
ATTOBPRB ON ATTHCPRB              22.707     0.226      0.226        0.226
ATTOBPRB ON ATTHCTRY              16.173    -0.186     -0.186       -0.186
ATTOBPRB ON ATALCPRB              10.478     0.142      0.142        0.142
ATTOBPRB ON ATALCWOR              32.325    -0.225     -0.225       -0.225
ATTOBPRB ON ATALCTRY              29.438    -0.218     -0.218       -0.218
ATTOBPRB ON ATTOB3M               65.545     0.297      0.297        0.297
ATTOBPRB ON ATTOBURG              53.891     0.255      0.255        0.255
ATTOBPRB ON ATTOBTRY              16.004    -0.143     -0.143       -0.143
ATTOBWOR ON ATTHCWOR              14.715     0.159      0.159        0.159
ATTOBWOR ON ATTHCTRY              16.857    -0.180     -0.180       -0.180
ATTOBWOR ON ATALC3M               11.430     0.141      0.141        0.141
ATTOBWOR ON ATALCEXP              11.261    -0.175     -0.175       -0.175
ATTOBWOR ON ATTOB3M               21.076     0.165      0.165        0.165
ATTOBWOR ON ATTOBURG              15.241     0.140      0.140        0.140
ATTOBTRY ON ATTHCWOR              22.185    -0.197     -0.197       -0.197
ATTOBTRY ON ATTOB3M               28.526     0.194      0.194        0.194
ATTOBTRY ON ATTOBURG              27.200     0.186      0.186        0.186
ATTOBTRY ON ATTOBPRB              16.013    -0.143     -0.143       -0.143

WITH Statements

ATTHC3M  WITH F3                 999.000     0.000      0.000        0.000
ATTHCURG WITH F3                 999.000     0.000      0.000        0.000
ATTHCURG WITH ATTHC3M             90.017     0.495      0.495       35.051
ATTHCWOR WITH ATTHC3M             22.669    -0.213     -0.213       -4.907
ATTHCTRY WITH ATTHC3M             25.525    -0.224     -0.224       -5.586
ATTHCTRY WITH ATTHCURG            16.583    -0.180     -0.180       -1.089
ATTHCTRY WITH ATTHCWOR            92.863     0.318      0.318        0.626
ATALCURG WITH ATALC3M             28.677     0.220      0.220        1.248
ATALCPRB WITH ATALCURG            15.583    -0.152     -0.152       -0.850
ATALCEXP WITH ATALCURG            12.508    -0.140     -0.140       -1.022
ATALCWOR WITH ATTHC3M             11.082    -0.151     -0.151       -3.172
ATALCWOR WITH ATTHCWOR           132.906     0.392      0.392        0.651
ATALCWOR WITH ATALCPRB            15.759     0.139      0.139        0.400
ATALCWOR WITH ATALCEXP            17.457     0.144      0.144        0.541
ATALCTRY WITH ATTHC3M             19.131    -0.204     -0.204       -4.257
ATALCTRY WITH ATTHCURG            16.222    -0.190     -0.190       -0.965
ATALCTRY WITH ATTHCTRY           140.033     0.401      0.401        0.717
ATALCTRY WITH ATALC3M             27.292    -0.176     -0.176       -0.512
ATALCTRY WITH ATALCPRB            17.082     0.154      0.154        0.442
ATALCTRY WITH ATALCEXP            39.207     0.223      0.223        0.831
ATTOB3M  WITH ATTHC3M             29.747     0.255      0.255        6.405
ATTOB3M  WITH ATTHCURG            17.122     0.195      0.195        1.190
ATTOB3M  WITH ATTHCWOR            58.963    -0.335     -0.335       -0.665
ATTOB3M  WITH ATTHCTRY            33.228    -0.256     -0.256       -0.552
ATTOB3M  WITH ATALCWOR            28.381    -0.204     -0.204       -0.370
ATTOB3M  WITH ATALCTRY            36.094    -0.243     -0.243       -0.439
ATTOBURG WITH ATTHC3M             11.290     0.160      0.160        4.249
ATTOBURG WITH ATTHCURG            22.505     0.226      0.226        1.454
ATTOBURG WITH ATTHCWOR            36.980    -0.272     -0.272       -0.568
ATTOBURG WITH ATTHCTRY            21.600    -0.210     -0.210       -0.476
ATTOBURG WITH ATALCPRB            10.648    -0.168     -0.168       -0.609
ATTOBURG WITH ATALCWOR            22.660    -0.183     -0.183       -0.351
ATTOBURG WITH ATALCTRY            28.435    -0.218     -0.218       -0.414
ATTOBPRB WITH ATTHCPRB            22.709     0.226      0.226        0.863
ATTOBPRB WITH ATTHCTRY            16.171    -0.186     -0.186       -0.454
ATTOBPRB WITH ATALCPRB            10.478     0.142      0.142        0.555
ATTOBPRB WITH ATALCWOR            19.959    -0.184     -0.184       -0.380
ATTOBPRB WITH ATALCTRY            15.805    -0.167     -0.167       -0.342
ATTOBPRB WITH ATTOB3M             33.585     0.208      0.208        0.514
ATTOBPRB WITH ATTOBURG            23.941     0.166      0.166        0.430
ATTOBWOR WITH ATTHCWOR            14.713     0.159      0.159        0.347
ATTOBWOR WITH ATTHCTRY            16.862    -0.180     -0.180       -0.425
ATTOBWOR WITH ATALC3M             11.430     0.141      0.141        0.542
ATTOBWOR WITH ATALCEXP            11.267    -0.175     -0.175       -0.861
ATTOBWOR WITH ATALCWOR            15.387     0.137      0.137        0.274
ATTOBWOR WITH ATALCTRY            13.411    -0.144     -0.144       -0.286
ATTOBWOR WITH ATTOB3M             11.277     0.113      0.113        0.270
ATTOBTRY WITH ATTHCWOR            22.174    -0.197     -0.197       -0.460
ATTOBTRY WITH ATTOB3M             12.423     0.119      0.119        0.302
ATTOBTRY WITH ATTOBURG            11.577     0.113      0.113        0.302
ATTOBTRY WITH ATTOBPRB            16.004    -0.143     -0.143       -0.414


SAVEDATA INFORMATION


  Difference testing

  Save file
    deriv_etoh_tob_thc_03_c.dat
  Save format      Free

     Beginning Time:  03:34:41
        Ending Time:  03:34:42
       Elapsed Time:  00:00:01



MUTHEN & MUTHEN
3463 Stoner Ave.
Los Angeles, CA  90066

Tel: (310) 391-9971
Fax: (310) 391-8971
Web: www.StatModel.com
Support: Support@StatModel.com

Copyright (c) 1998-2019 Muthen & Muthen
