Mplus VERSION 8.4 (Mac)
MUTHEN & MUTHEN
07/26/2020   3:31 AM

INPUT INSTRUCTIONS

  TITLE: ESEM of ASSIST ETOH Model

  DATA: FILE = data.etoh.dems.07.dat;


  !Old location sequence
  !c:\Users\ndmcgee\Desktop\data.etoh.dems.07.dat;



  VARIABLE: NAMES = ATALC3M ATALCURG ATALCPRB ATALCEXP ATALCWOR ATALCTRY;


      CATEGORICAL = ATALC3M ATALCURG ATALCPRB ATALCEXP ATALCWOR ATALCTRY;

      missing are all (-999);

     ANALYSIS:
     	TYPE = GENERAL;
     	ESTIMATOR = WLSMV;
        	ITERATIONS = 10000;
        	CONVERGENCE = 0.00005;

      MODEL:
      f1 by ATALC3M ATALCURG ATALCPRB ATALCEXP ATALCWOR;
      f2 by ATALCURG ATALCPRB ATALCEXP ATALCWOR ATALCTRY;



      OUTPUT: STANDARDIZED MODINDICES (ALL);




INPUT READING TERMINATED NORMALLY



ESEM of ASSIST ETOH Model

SUMMARY OF ANALYSIS

Number of groups                                                 1
Number of observations                                        1821

Number of dependent variables                                    6
Number of independent variables                                  0
Number of continuous latent variables                            2

Observed dependent variables

  Binary and ordered categorical (ordinal)
   ATALC3M     ATALCURG    ATALCPRB    ATALCEXP    ATALCWOR    ATALCTRY

Continuous latent variables
   F1          F2


Estimator                                                    WLSMV
Maximum number of iterations                                 10000
Convergence criterion                                    0.500D-04
Maximum number of steepest descent iterations                   20
Maximum number of iterations for H1                           2000
Convergence criterion for H1                             0.100D-03
Parameterization                                             DELTA
Link                                                        PROBIT

Input data file(s)
  data.etoh.dems.07.dat

Input data format  FREE


SUMMARY OF DATA

     Number of missing data patterns             1


COVARIANCE COVERAGE OF DATA

Minimum covariance coverage value   0.100


     PROPORTION OF DATA PRESENT


           Covariance Coverage
              ATALC3M       ATALCURG      ATALCPRB      ATALCEXP      ATALCWOR
              ________      ________      ________      ________      ________
 ATALC3M        1.000
 ATALCURG       1.000         1.000
 ATALCPRB       1.000         1.000         1.000
 ATALCEXP       1.000         1.000         1.000         1.000
 ATALCWOR       1.000         1.000         1.000         1.000         1.000
 ATALCTRY       1.000         1.000         1.000         1.000         1.000


           Covariance Coverage
              ATALCTRY
              ________
 ATALCTRY       1.000


UNIVARIATE PROPORTIONS AND COUNTS FOR CATEGORICAL VARIABLES

    ATALC3M
      Category 1    0.396          721.000
      Category 2    0.215          392.000
      Category 3    0.175          318.000
      Category 4    0.149          272.000
      Category 5    0.065          118.000
    ATALCURG
      Category 1    0.715         1302.000
      Category 2    0.094          172.000
      Category 3    0.059          108.000
      Category 4    0.072          131.000
      Category 5    0.059          108.000
    ATALCPRB
      Category 1    0.915         1667.000
      Category 2    0.023           42.000
      Category 3    0.026           47.000
      Category 4    0.020           36.000
      Category 5    0.016           29.000
    ATALCEXP
      Category 1    0.932         1697.000
      Category 2    0.030           55.000
      Category 3    0.012           22.000
      Category 4    0.014           25.000
      Category 5    0.012           22.000
    ATALCWOR
      Category 1    0.770         1402.000
      Category 2    0.154          280.000
      Category 3    0.076          139.000
    ATALCTRY
      Category 1    0.812         1478.000
      Category 2    0.121          221.000
      Category 3    0.067          122.000



THE MODEL ESTIMATION TERMINATED NORMALLY



MODEL FIT INFORMATION

Number of Free Parameters                       31

Chi-Square Test of Model Fit

          Value                             24.401*
          Degrees of Freedom                     4
          P-Value                           0.0001

*   The chi-square value for MLM, MLMV, MLR, ULSMV, WLSM and WLSMV cannot be used
    for chi-square difference testing in the regular way.  MLM, MLR and WLSM
    chi-square difference testing is described on the Mplus website.  MLMV, WLSMV,
    and ULSMV difference testing is done using the DIFFTEST option.

RMSEA (Root Mean Square Error Of Approximation)

          Estimate                           0.053
          90 Percent C.I.                    0.034  0.074
          Probability RMSEA <= .05           0.366

CFI/TLI

          CFI                                0.997
          TLI                                0.990

Chi-Square Test of Model Fit for the Baseline Model

          Value                           7914.966
          Degrees of Freedom                    15
          P-Value                           0.0000

SRMR (Standardized Root Mean Square Residual)

          Value                              0.016

Optimum Function Value for Weighted Least-Squares Estimator

          Value                     0.35370626D-02



MODEL RESULTS

                                                    Two-Tailed
                    Estimate       S.E.  Est./S.E.    P-Value

 F1       BY
    ATALC3M            1.000      0.000    999.000    999.000
    ATALCURG           0.729      0.056     13.078      0.000
    ATALCPRB           0.541      0.043     12.715      0.000
    ATALCEXP           0.540      0.044     12.317      0.000
    ATALCWOR           0.071      0.034      2.107      0.035

 F2       BY
    ATALCURG           1.000      0.000    999.000    999.000
    ATALCPRB           1.915      0.197      9.742      0.000
    ATALCEXP           2.138      0.223      9.582      0.000
    ATALCWOR           2.646      0.296      8.942      0.000
    ATALCTRY           2.976      0.361      8.246      0.000

 F2       WITH
    F1                 0.078      0.014      5.739      0.000

 Thresholds
    ATALC3M$1         -0.264      0.030     -8.871      0.000
    ATALC3M$2          0.282      0.030      9.478      0.000
    ATALC3M$3          0.792      0.033     24.019      0.000
    ATALC3M$4          1.516      0.046     33.234      0.000
    ATALCURG$1         0.568      0.031     18.230      0.000
    ATALCURG$2         0.876      0.034     25.871      0.000
    ATALCURG$3         1.121      0.037     30.154      0.000
    ATALCURG$4         1.561      0.047     33.283      0.000
    ATALCPRB$1         1.375      0.042     32.690      0.000
    ATALCPRB$2         1.542      0.046     33.270      0.000
    ATALCPRB$3         1.803      0.055     32.565      0.000
    ATALCPRB$4         2.146      0.074     29.168      0.000
    ATALCEXP$1         1.490      0.045     33.180      0.000
    ATALCEXP$2         1.776      0.054     32.724      0.000
    ATALCEXP$3         1.946      0.062     31.441      0.000
    ATALCEXP$4         2.255      0.081     27.667      0.000
    ATALCWOR$1         0.739      0.032     22.742      0.000
    ATALCWOR$2         1.430      0.043     32.975      0.000
    ATALCTRY$1         0.884      0.034     26.040      0.000
    ATALCTRY$2         1.499      0.045     33.200      0.000

 Variances
    F1                 0.989      0.069     14.314      0.000
    F2                 0.092      0.021      4.317      0.000


STANDARDIZED MODEL RESULTS


STDYX Standardization

                                                    Two-Tailed
                    Estimate       S.E.  Est./S.E.    P-Value

 F1       BY
    ATALC3M            0.995      0.035     28.627      0.000
    ATALCURG           0.725      0.032     22.531      0.000
    ATALCPRB           0.539      0.032     16.735      0.000
    ATALCEXP           0.537      0.034     15.880      0.000
    ATALCWOR           0.070      0.033      2.133      0.033

 F2       BY
    ATALCURG           0.304      0.035      8.634      0.000
    ATALCPRB           0.582      0.032     18.152      0.000
    ATALCEXP           0.650      0.032     20.431      0.000
    ATALCWOR           0.804      0.029     27.784      0.000
    ATALCTRY           0.904      0.024     38.434      0.000

 F2       WITH
    F1                 0.257      0.032      7.934      0.000

 Thresholds
    ATALC3M$1         -0.264      0.030     -8.871      0.000
    ATALC3M$2          0.282      0.030      9.478      0.000
    ATALC3M$3          0.792      0.033     24.019      0.000
    ATALC3M$4          1.516      0.046     33.234      0.000
    ATALCURG$1         0.568      0.031     18.230      0.000
    ATALCURG$2         0.876      0.034     25.871      0.000
    ATALCURG$3         1.121      0.037     30.154      0.000
    ATALCURG$4         1.561      0.047     33.283      0.000
    ATALCPRB$1         1.375      0.042     32.690      0.000
    ATALCPRB$2         1.542      0.046     33.270      0.000
    ATALCPRB$3         1.803      0.055     32.565      0.000
    ATALCPRB$4         2.146      0.074     29.168      0.000
    ATALCEXP$1         1.490      0.045     33.180      0.000
    ATALCEXP$2         1.776      0.054     32.724      0.000
    ATALCEXP$3         1.946      0.062     31.441      0.000
    ATALCEXP$4         2.255      0.081     27.667      0.000
    ATALCWOR$1         0.739      0.032     22.742      0.000
    ATALCWOR$2         1.430      0.043     32.975      0.000
    ATALCTRY$1         0.884      0.034     26.040      0.000
    ATALCTRY$2         1.499      0.045     33.200      0.000

 Variances
    F1                 1.000      0.000    999.000    999.000
    F2                 1.000      0.000    999.000    999.000


STDY Standardization

                                                    Two-Tailed
                    Estimate       S.E.  Est./S.E.    P-Value

 F1       BY
    ATALC3M            0.995      0.035     28.627      0.000
    ATALCURG           0.725      0.032     22.531      0.000
    ATALCPRB           0.539      0.032     16.735      0.000
    ATALCEXP           0.537      0.034     15.880      0.000
    ATALCWOR           0.070      0.033      2.133      0.033

 F2       BY
    ATALCURG           0.304      0.035      8.634      0.000
    ATALCPRB           0.582      0.032     18.152      0.000
    ATALCEXP           0.650      0.032     20.431      0.000
    ATALCWOR           0.804      0.029     27.784      0.000
    ATALCTRY           0.904      0.024     38.434      0.000

 F2       WITH
    F1                 0.257      0.032      7.934      0.000

 Thresholds
    ATALC3M$1         -0.264      0.030     -8.871      0.000
    ATALC3M$2          0.282      0.030      9.478      0.000
    ATALC3M$3          0.792      0.033     24.019      0.000
    ATALC3M$4          1.516      0.046     33.234      0.000
    ATALCURG$1         0.568      0.031     18.230      0.000
    ATALCURG$2         0.876      0.034     25.871      0.000
    ATALCURG$3         1.121      0.037     30.154      0.000
    ATALCURG$4         1.561      0.047     33.283      0.000
    ATALCPRB$1         1.375      0.042     32.690      0.000
    ATALCPRB$2         1.542      0.046     33.270      0.000
    ATALCPRB$3         1.803      0.055     32.565      0.000
    ATALCPRB$4         2.146      0.074     29.168      0.000
    ATALCEXP$1         1.490      0.045     33.180      0.000
    ATALCEXP$2         1.776      0.054     32.724      0.000
    ATALCEXP$3         1.946      0.062     31.441      0.000
    ATALCEXP$4         2.255      0.081     27.667      0.000
    ATALCWOR$1         0.739      0.032     22.742      0.000
    ATALCWOR$2         1.430      0.043     32.975      0.000
    ATALCTRY$1         0.884      0.034     26.040      0.000
    ATALCTRY$2         1.499      0.045     33.200      0.000

 Variances
    F1                 1.000      0.000    999.000    999.000
    F2                 1.000      0.000    999.000    999.000


STD Standardization

                                                    Two-Tailed
                    Estimate       S.E.  Est./S.E.    P-Value

 F1       BY
    ATALC3M            0.995      0.035     28.627      0.000
    ATALCURG           0.725      0.032     22.531      0.000
    ATALCPRB           0.539      0.032     16.735      0.000
    ATALCEXP           0.537      0.034     15.880      0.000
    ATALCWOR           0.070      0.033      2.133      0.033

 F2       BY
    ATALCURG           0.304      0.035      8.634      0.000
    ATALCPRB           0.582      0.032     18.152      0.000
    ATALCEXP           0.650      0.032     20.431      0.000
    ATALCWOR           0.804      0.029     27.784      0.000
    ATALCTRY           0.904      0.024     38.434      0.000

 F2       WITH
    F1                 0.257      0.032      7.934      0.000

 Thresholds
    ATALC3M$1         -0.264      0.030     -8.871      0.000
    ATALC3M$2          0.282      0.030      9.478      0.000
    ATALC3M$3          0.792      0.033     24.019      0.000
    ATALC3M$4          1.516      0.046     33.234      0.000
    ATALCURG$1         0.568      0.031     18.230      0.000
    ATALCURG$2         0.876      0.034     25.871      0.000
    ATALCURG$3         1.121      0.037     30.154      0.000
    ATALCURG$4         1.561      0.047     33.283      0.000
    ATALCPRB$1         1.375      0.042     32.690      0.000
    ATALCPRB$2         1.542      0.046     33.270      0.000
    ATALCPRB$3         1.803      0.055     32.565      0.000
    ATALCPRB$4         2.146      0.074     29.168      0.000
    ATALCEXP$1         1.490      0.045     33.180      0.000
    ATALCEXP$2         1.776      0.054     32.724      0.000
    ATALCEXP$3         1.946      0.062     31.441      0.000
    ATALCEXP$4         2.255      0.081     27.667      0.000
    ATALCWOR$1         0.739      0.032     22.742      0.000
    ATALCWOR$2         1.430      0.043     32.975      0.000
    ATALCTRY$1         0.884      0.034     26.040      0.000
    ATALCTRY$2         1.499      0.045     33.200      0.000

 Variances
    F1                 1.000      0.000    999.000    999.000
    F2                 1.000      0.000    999.000    999.000


R-SQUARE

    Observed                                        Two-Tailed   Residual
    Variable        Estimate       S.E.  Est./S.E.    P-Value    Variance

    ATALC3M            0.989      0.069     14.314      0.000      0.011
    ATALCURG           0.731      0.032     23.064      0.000      0.269
    ATALCPRB           0.790      0.032     24.741      0.000      0.210
    ATALCEXP           0.890      0.032     27.772      0.000      0.110
    ATALCWOR           0.680      0.038     17.984      0.000      0.320
    ATALCTRY           0.818      0.043     19.217      0.000      0.182


QUALITY OF NUMERICAL RESULTS

     Condition Number for the Information Matrix              0.790E-05
       (ratio of smallest to largest eigenvalue)


MODEL MODIFICATION INDICES

Minimum M.I. value for printing the modification index    10.000

                                   M.I.     E.P.C.  Std E.P.C.  StdYX E.P.C.

ON Statements

ATALC3M  ON ATALCURG              22.114     0.335      0.335        0.335
ATALCURG ON ATALC3M               22.151     0.335      0.335        0.335
ATALCPRB ON ATALCEXP              22.577     0.125      0.125        0.125
ATALCEXP ON ATALCPRB              22.556     0.125      0.125        0.125
ATALCWOR ON ATALCTRY              22.014     0.365      0.365        0.365
ATALCTRY ON ATALCWOR              22.097     0.366      0.366        0.366

WITH Statements

ATALCURG WITH ATALC3M             22.128     0.335      0.335        6.241
ATALCEXP WITH ATALCPRB            22.550     0.125      0.125        0.819
ATALCTRY WITH ATALCWOR            22.079     0.366      0.366        1.516


     Beginning Time:  03:31:58
        Ending Time:  03:31:58
       Elapsed Time:  00:00:00



MUTHEN & MUTHEN
3463 Stoner Ave.
Los Angeles, CA  90066

Tel: (310) 391-9971
Fax: (310) 391-8971
Web: www.StatModel.com
Support: Support@StatModel.com

Copyright (c) 1998-2019 Muthen & Muthen
