Mplus VERSION 8.4 (Mac)
MUTHEN & MUTHEN
08/01/2020   3:37 AM

INPUT INSTRUCTIONS


  TITLE: ESEM of ASSIST ETOH_TOB Model

  DATA: FILE = data.etoh_tob_thc.dems.dat;

  !Old location sequence
  !c:\Users\ndmcgee\Desktop\data.etoh.dems.07.dat;

  VARIABLE: NAMES =  ATTHC3M ATTHCURG ATTHCPRB
                     ATTHCEXP ATTHCWOR ATTHCTRY
  	         ATALC3M  ATALCURG ATALCPRB
  	         ATALCEXP ATALCWOR ATALCTRY
  	         ATTOB3M  ATTOBURG ATTOBPRB
  	         ATTOBWOR ATTOBTRY GENDER
  	         AGE      RACE     EDU
                     JOB      MARTL;



            USEVARIABLES ARE 	ATTHC3M ATTHCURG ATTHCPRB
                             	ATTHCEXP ATTHCWOR ATTHCTRY
  	         		ATALC3M  ATALCURG ATALCPRB
  	         		ATALCEXP ATALCWOR ATALCTRY
  	         		ATTOB3M  ATTOBURG ATTOBPRB
  	         		ATTOBWOR ATTOBTRY;

      CATEGORICAL = ATTHC3M ATTHCURG ATTHCPRB
                             	ATTHCEXP ATTHCWOR ATTHCTRY
  	         		ATALC3M  ATALCURG ATALCPRB
  	         		ATALCEXP ATALCWOR ATALCTRY
  	         		ATTOB3M  ATTOBURG ATTOBPRB
  	         		ATTOBWOR ATTOBTRY;

      missing are all (-999);

     ANALYSIS:
     	TYPE = GENERAL;
     	ESTIMATOR = WLSMV;
      	ITERATIONS = 10000;
     	CONVERGENCE = 0.00005;
     	DIFFTEST = deriv_etoh_tob_thc_03_d.dat;

      MODEL:
      	   f1 f2 f3 by 	ATTHC3M ATTHCURG ATTHCPRB
                             	ATTHCEXP ATTHCWOR ATTHCTRY
                             	
  	         		ATALC3M  ATALCURG ATALCPRB
  	         		ATALCEXP ATALCWOR ATALCTRY
  	         		
  	         		ATTOB3M  ATTOBURG ATTOBPRB
  	         		ATTOBWOR ATTOBTRY (*1);
  	         		ATALCTRY WITH ATALCWOR;
  	         		ATTOBURG WITH ATTOB3M;
  	         		ATALCTRY WITH ATTHCTRY;
  	         		ATALCWOR WITH ATTHCWOR;
            		



      OUTPUT: STANDARDIZED MODINDICES (ALL);

      SAVEDATA: DIFFTEST IS deriv_etoh_tob_thc_03_e.dat;






INPUT READING TERMINATED NORMALLY



ESEM of ASSIST ETOH_TOB Model

SUMMARY OF ANALYSIS

Number of groups                                                 1
Number of observations                                        1121

Number of dependent variables                                   17
Number of independent variables                                  0
Number of continuous latent variables                            3

Observed dependent variables

  Binary and ordered categorical (ordinal)
   ATTHC3M     ATTHCURG    ATTHCPRB    ATTHCEXP    ATTHCWOR    ATTHCTRY
   ATALC3M     ATALCURG    ATALCPRB    ATALCEXP    ATALCWOR    ATALCTRY
   ATTOB3M     ATTOBURG    ATTOBPRB    ATTOBWOR    ATTOBTRY

Continuous latent variables

  EFA factors
  *1:   F1          F2          F3


Estimator                                                    WLSMV
Rotation                                                    GEOMIN
Row standardization                                    CORRELATION
Type of rotation                                           OBLIQUE
Epsilon value                                               Varies
Maximum number of iterations                                 10000
Convergence criterion                                    0.500D-04
Maximum number of steepest descent iterations                   20
Maximum number of iterations for H1                           2000
Convergence criterion for H1                             0.100D-03
Optimization Specifications for the Exploratory Factor Analysis
Rotation Algorithm
  Number of random starts                                       30
  Maximum number of iterations                               10000
  Derivative convergence criterion                       0.100D-04
Parameterization                                             DELTA
Link                                                        PROBIT

Input data file(s)
  data.etoh_tob_thc.dems.dat

Input data format  FREE


SUMMARY OF DATA

     Number of missing data patterns             1


COVARIANCE COVERAGE OF DATA

Minimum covariance coverage value   0.100


     PROPORTION OF DATA PRESENT


           Covariance Coverage
              ATTHC3M       ATTHCURG      ATTHCPRB      ATTHCEXP      ATTHCWOR
              ________      ________      ________      ________      ________
 ATTHC3M        1.000
 ATTHCURG       1.000         1.000
 ATTHCPRB       1.000         1.000         1.000
 ATTHCEXP       1.000         1.000         1.000         1.000
 ATTHCWOR       1.000         1.000         1.000         1.000         1.000
 ATTHCTRY       1.000         1.000         1.000         1.000         1.000
 ATALC3M        1.000         1.000         1.000         1.000         1.000
 ATALCURG       1.000         1.000         1.000         1.000         1.000
 ATALCPRB       1.000         1.000         1.000         1.000         1.000
 ATALCEXP       1.000         1.000         1.000         1.000         1.000
 ATALCWOR       1.000         1.000         1.000         1.000         1.000
 ATALCTRY       1.000         1.000         1.000         1.000         1.000
 ATTOB3M        1.000         1.000         1.000         1.000         1.000
 ATTOBURG       1.000         1.000         1.000         1.000         1.000
 ATTOBPRB       1.000         1.000         1.000         1.000         1.000
 ATTOBWOR       1.000         1.000         1.000         1.000         1.000
 ATTOBTRY       1.000         1.000         1.000         1.000         1.000


           Covariance Coverage
              ATTHCTRY      ATALC3M       ATALCURG      ATALCPRB      ATALCEXP
              ________      ________      ________      ________      ________
 ATTHCTRY       1.000
 ATALC3M        1.000         1.000
 ATALCURG       1.000         1.000         1.000
 ATALCPRB       1.000         1.000         1.000         1.000
 ATALCEXP       1.000         1.000         1.000         1.000         1.000
 ATALCWOR       1.000         1.000         1.000         1.000         1.000
 ATALCTRY       1.000         1.000         1.000         1.000         1.000
 ATTOB3M        1.000         1.000         1.000         1.000         1.000
 ATTOBURG       1.000         1.000         1.000         1.000         1.000
 ATTOBPRB       1.000         1.000         1.000         1.000         1.000
 ATTOBWOR       1.000         1.000         1.000         1.000         1.000
 ATTOBTRY       1.000         1.000         1.000         1.000         1.000


           Covariance Coverage
              ATALCWOR      ATALCTRY      ATTOB3M       ATTOBURG      ATTOBPRB
              ________      ________      ________      ________      ________
 ATALCWOR       1.000
 ATALCTRY       1.000         1.000
 ATTOB3M        1.000         1.000         1.000
 ATTOBURG       1.000         1.000         1.000         1.000
 ATTOBPRB       1.000         1.000         1.000         1.000         1.000
 ATTOBWOR       1.000         1.000         1.000         1.000         1.000
 ATTOBTRY       1.000         1.000         1.000         1.000         1.000


           Covariance Coverage
              ATTOBWOR      ATTOBTRY
              ________      ________
 ATTOBWOR       1.000
 ATTOBTRY       1.000         1.000


UNIVARIATE PROPORTIONS AND COUNTS FOR CATEGORICAL VARIABLES

    ATTHC3M
      Category 1    0.718          805.000
      Category 2    0.073           82.000
      Category 3    0.051           57.000
      Category 4    0.062           69.000
      Category 5    0.096          108.000
    ATTHCURG
      Category 1    0.786          881.000
      Category 2    0.044           49.000
      Category 3    0.035           39.000
      Category 4    0.046           52.000
      Category 5    0.089          100.000
    ATTHCPRB
      Category 1    0.941         1055.000
      Category 2    0.016           18.000
      Category 3    0.014           16.000
      Category 4    0.012           14.000
      Category 5    0.016           18.000
    ATTHCEXP
      Category 1    0.948         1063.000
      Category 2    0.020           22.000
      Category 3    0.010           11.000
      Category 4    0.012           13.000
      Category 5    0.011           12.000
    ATTHCWOR
      Category 1    0.798          894.000
      Category 2    0.155          174.000
      Category 3    0.047           53.000
    ATTHCTRY
      Category 1    0.815          914.000
      Category 2    0.132          148.000
      Category 3    0.053           59.000
    ATALC3M
      Category 1    0.383          429.000
      Category 2    0.178          199.000
      Category 3    0.183          205.000
      Category 4    0.175          196.000
      Category 5    0.082           92.000
    ATALCURG
      Category 1    0.666          747.000
      Category 2    0.091          102.000
      Category 3    0.071           80.000
      Category 4    0.096          108.000
      Category 5    0.075           84.000
    ATALCPRB
      Category 1    0.900         1009.000
      Category 2    0.024           27.000
      Category 3    0.033           37.000
      Category 4    0.021           23.000
      Category 5    0.022           25.000
    ATALCEXP
      Category 1    0.913         1024.000
      Category 2    0.037           41.000
      Category 3    0.018           20.000
      Category 4    0.017           19.000
      Category 5    0.015           17.000
    ATALCWOR
      Category 1    0.700          785.000
      Category 2    0.201          225.000
      Category 3    0.099          111.000
    ATALCTRY
      Category 1    0.753          844.000
      Category 2    0.161          181.000
      Category 3    0.086           96.000
    ATTOB3M
      Category 1    0.390          437.000
      Category 2    0.070           78.000
      Category 3    0.039           44.000
      Category 4    0.057           64.000
      Category 5    0.444          498.000
    ATTOBURG
      Category 1    0.475          532.000
      Category 2    0.041           46.000
      Category 3    0.022           25.000
      Category 4    0.066           74.000
      Category 5    0.396          444.000
    ATTOBPRB
      Category 1    0.806          904.000
      Category 2    0.043           48.000
      Category 3    0.037           41.000
      Category 4    0.025           28.000
      Category 5    0.089          100.000
    ATTOBWOR
      Category 1    0.492          551.000
      Category 2    0.236          265.000
      Category 3    0.272          305.000
    ATTOBTRY
      Category 1    0.448          502.000
      Category 2    0.300          336.000
      Category 3    0.252          283.000



THE MODEL ESTIMATION TERMINATED NORMALLY

     WARNING:  THE LATENT VARIABLE COVARIANCE MATRIX (PSI) IS NOT POSITIVE
     DEFINITE.  THIS COULD INDICATE A NEGATIVE VARIANCE/RESIDUAL VARIANCE FOR A
     LATENT VARIABLE, A CORRELATION GREATER OR EQUAL TO ONE BETWEEN TWO LATENT
     VARIABLES, OR A LINEAR DEPENDENCY AMONG MORE THAN TWO LATENT VARIABLES.
     CHECK THE TECH4 OUTPUT FOR MORE INFORMATION.
     PROBLEM INVOLVING VARIABLE ATALCTRY.


     THE CHI-SQUARE DIFFERENCE TEST COULD NOT BE COMPUTED BECAUSE THE H0 MODEL
     IS NOT NESTED IN THE H1 MODEL. THE H1 MODEL HAS 107 PARAMETERS.
     THE H0 MODEL HAS 108 PARAMETERS.

     WARNING:  THE LATENT VARIABLE COVARIANCE MATRIX (PSI) IS NOT POSITIVE
     DEFINITE.  THIS COULD INDICATE A NEGATIVE VARIANCE/RESIDUAL VARIANCE FOR A
     LATENT VARIABLE, A CORRELATION GREATER OR EQUAL TO ONE BETWEEN TWO LATENT
     VARIABLES, OR A LINEAR DEPENDENCY AMONG MORE THAN TWO LATENT VARIABLES.
     CHECK THE TECH4 OUTPUT FOR MORE INFORMATION.
     PROBLEM INVOLVING VARIABLE ATALCTRY.




MODEL FIT INFORMATION

Number of Free Parameters                      108

Chi-Square Test of Model Fit

          Value                            811.946*
          Degrees of Freedom                    84
          P-Value                           0.0000

*   The chi-square value for MLM, MLMV, MLR, ULSMV, WLSM and WLSMV cannot be used
    for chi-square difference testing in the regular way.  MLM, MLR and WLSM
    chi-square difference testing is described on the Mplus website.  MLMV, WLSMV,
    and ULSMV difference testing is done using the DIFFTEST option.

RMSEA (Root Mean Square Error Of Approximation)

          Estimate                           0.088
          90 Percent C.I.                    0.082  0.093
          Probability RMSEA <= .05           0.000

CFI/TLI

          CFI                                0.988
          TLI                                0.981

Chi-Square Test of Model Fit for the Baseline Model

          Value                          62812.533
          Degrees of Freedom                   136
          P-Value                           0.0000

SRMR (Standardized Root Mean Square Residual)

          Value                              0.066

Optimum Function Value for Weighted Least-Squares Estimator

          Value                     0.21226197D+00



MODEL RESULTS

                                                    Two-Tailed
                    Estimate       S.E.  Est./S.E.    P-Value

 F1       BY
    ATTHC3M            1.157      0.039     29.379      0.000
    ATTHCURG           1.114      0.037     30.418      0.000
    ATTHCPRB           0.875      0.045     19.538      0.000
    ATTHCEXP           0.858      0.045     19.049      0.000
    ATTHCWOR           0.681      0.043     15.718      0.000
    ATTHCTRY           0.708      0.050     14.260      0.000
    ATALC3M            0.017      0.051      0.333      0.739
    ATALCURG          -0.044      0.052     -0.843      0.399
    ATALCPRB           0.009      0.019      0.474      0.635
    ATALCEXP           0.035      0.042      0.831      0.406
    ATALCWOR          -0.014      0.045     -0.309      0.757
    ATALCTRY          -0.077      0.051     -1.498      0.134
    ATTOB3M            0.048      0.051      0.936      0.349
    ATTOBURG           0.034      0.051      0.666      0.506
    ATTOBPRB           0.151      0.060      2.528      0.011
    ATTOBWOR           0.007      0.021      0.349      0.727
    ATTOBTRY          -0.020      0.045     -0.444      0.657

 F2       BY
    ATTHC3M            0.002      0.009      0.261      0.794
    ATTHCURG          -0.003      0.012     -0.288      0.774
    ATTHCPRB           0.037      0.055      0.680      0.496
    ATTHCEXP           0.113      0.059      1.922      0.055
    ATTHCWOR          -0.383      0.048     -7.975      0.000
    ATTHCTRY          -0.259      0.049     -5.323      0.000
    ATALC3M            0.891      0.027     32.962      0.000
    ATALCURG           0.874      0.028     31.248      0.000
    ATALCPRB           0.716      0.036     19.872      0.000
    ATALCEXP           0.738      0.040     18.281      0.000
    ATALCWOR           0.341      0.040      8.445      0.000
    ATALCTRY           0.335      0.042      7.957      0.000
    ATTOB3M           -0.001      0.020     -0.062      0.950
    ATTOBURG          -0.034      0.025     -1.375      0.169
    ATTOBPRB           0.024      0.033      0.735      0.462
    ATTOBWOR          -0.259      0.041     -6.273      0.000
    ATTOBTRY          -0.164      0.046     -3.591      0.000

 F3       BY
    ATTHC3M           -0.458      0.061     -7.551      0.000
    ATTHCURG          -0.369      0.060     -6.184      0.000
    ATTHCPRB           0.029      0.056      0.508      0.612
    ATTHCEXP          -0.018      0.038     -0.480      0.632
    ATTHCWOR           0.006      0.018      0.349      0.727
    ATTHCTRY           0.083      0.048      1.715      0.086
    ATALC3M           -0.006      0.037     -0.170      0.865
    ATALCURG           0.244      0.047      5.195      0.000
    ATALCPRB           0.479      0.057      8.386      0.000
    ATALCEXP           0.493      0.060      8.243      0.000
    ATALCWOR           0.444      0.049      9.149      0.000
    ATALCTRY           0.469      0.050      9.363      0.000
    ATTOB3M            0.721      0.040     18.137      0.000
    ATTOBURG           0.759      0.039     19.294      0.000
    ATTOBPRB           0.716      0.045     16.044      0.000
    ATTOBWOR           0.766      0.030     25.653      0.000
    ATTOBTRY           0.828      0.034     24.462      0.000

 F2       WITH
    F1                 0.334      0.064      5.206      0.000

 F3       WITH
    F1                 0.525      0.046     11.435      0.000
    F2                 0.096      0.063      1.521      0.128

 ATALCTRY WITH
    ATALCWOR           0.388      0.029     13.545      0.000
    ATTHCTRY           0.403      0.035     11.393      0.000

 ATTOBURG WITH
    ATTOB3M            0.395      0.038     10.520      0.000

 ATALCWOR WITH
    ATTHCWOR           0.393      0.035     11.183      0.000

 Thresholds
    ATTHC3M$1          0.577      0.040     14.507      0.000
    ATTHC3M$2          0.811      0.042     19.183      0.000
    ATTHC3M$3          1.003      0.045     22.217      0.000
    ATTHC3M$4          1.303      0.052     25.243      0.000
    ATTHCURG$1         0.792      0.042     18.850      0.000
    ATTHCURG$2         0.953      0.044     21.499      0.000
    ATTHCURG$3         1.100      0.047     23.434      0.000
    ATTHCURG$4         1.346      0.053     25.499      0.000
    ATTHCPRB$1         1.564      0.060     26.115      0.000
    ATTHCPRB$2         1.719      0.066     25.887      0.000
    ATTHCPRB$3         1.903      0.076     24.976      0.000
    ATTHCPRB$4         2.143      0.094     22.919      0.000
    ATTHCEXP$1         1.628      0.062     26.084      0.000
    ATTHCEXP$2         1.851      0.073     25.299      0.000
    ATTHCEXP$3         2.008      0.083     24.177      0.000
    ATTHCEXP$4         2.301      0.109     21.170      0.000
    ATTHCWOR$1         0.833      0.043     19.569      0.000
    ATTHCWOR$2         1.672      0.064     26.011      0.000
    ATTHCTRY$1         0.898      0.043     20.654      0.000
    ATTHCTRY$2         1.620      0.062     26.093      0.000
    ATALC3M$1         -0.298      0.038     -7.844      0.000
    ATALC3M$2          0.152      0.038      4.031      0.000
    ATALC3M$3          0.653      0.040     16.128      0.000
    ATALC3M$4          1.391      0.054     25.722      0.000
    ATALCURG$1         0.430      0.039     11.104      0.000
    ATALCURG$2         0.698      0.041     17.045      0.000
    ATALCURG$3         0.949      0.044     21.447      0.000
    ATALCURG$4         1.440      0.056     25.904      0.000
    ATALCPRB$1         1.282      0.051     25.105      0.000
    ATALCPRB$2         1.434      0.055     25.884      0.000
    ATALCPRB$3         1.719      0.066     25.887      0.000
    ATALCPRB$4         2.008      0.083     24.177      0.000
    ATALCEXP$1         1.362      0.053     25.587      0.000
    ATALCEXP$2         1.645      0.063     26.060      0.000
    ATALCEXP$3         1.851      0.073     25.299      0.000
    ATALCEXP$4         2.166      0.095     22.683      0.000
    ATALCWOR$1         0.525      0.039     13.339      0.000
    ATALCWOR$2         1.287      0.051     25.140      0.000
    ATALCTRY$1         0.684      0.041     16.759      0.000
    ATALCTRY$2         1.368      0.053     25.615      0.000
    ATTOB3M$1         -0.280      0.038     -7.368      0.000
    ATTOB3M$2         -0.102      0.038     -2.718      0.007
    ATTOB3M$3         -0.003      0.037     -0.090      0.929
    ATTOB3M$4          0.140      0.038      3.732      0.000
    ATTOBURG$1        -0.064      0.037     -1.702      0.089
    ATTOBURG$2         0.039      0.037      1.045      0.296
    ATTOBURG$3         0.095      0.037      2.538      0.011
    ATTOBURG$4         0.264      0.038      6.951      0.000
    ATTOBPRB$1         0.865      0.043     20.115      0.000
    ATTOBPRB$2         1.033      0.046     22.617      0.000
    ATTOBPRB$3         1.205      0.049     24.490      0.000
    ATTOBPRB$4         1.346      0.053     25.499      0.000
    ATTOBWOR$1        -0.021      0.037     -0.567      0.570
    ATTOBWOR$2         0.607      0.040     15.146      0.000
    ATTOBTRY$1        -0.131      0.038     -3.494      0.000
    ATTOBTRY$2         0.667      0.041     16.415      0.000

 Variances
    F1                 1.000      0.000    999.000    999.000
    F2                 1.000      0.000    999.000    999.000
    F3                 1.000      0.000    999.000    999.000


STANDARDIZED MODEL RESULTS


STDYX Standardization

                                                    Two-Tailed
                    Estimate       S.E.  Est./S.E.    P-Value

 F1       BY
    ATTHC3M            1.157      0.039     29.379      0.000
    ATTHCURG           1.114      0.037     30.418      0.000
    ATTHCPRB           0.875      0.045     19.538      0.000
    ATTHCEXP           0.858      0.045     19.049      0.000
    ATTHCWOR           0.681      0.043     15.718      0.000
    ATTHCTRY           0.708      0.050     14.260      0.000
    ATALC3M            0.017      0.051      0.333      0.739
    ATALCURG          -0.044      0.052     -0.843      0.399
    ATALCPRB           0.009      0.019      0.474      0.635
    ATALCEXP           0.035      0.042      0.831      0.406
    ATALCWOR          -0.014      0.045     -0.309      0.757
    ATALCTRY          -0.077      0.051     -1.498      0.134
    ATTOB3M            0.048      0.051      0.936      0.349
    ATTOBURG           0.034      0.051      0.666      0.506
    ATTOBPRB           0.151      0.060      2.528      0.011
    ATTOBWOR           0.007      0.021      0.349      0.727
    ATTOBTRY          -0.020      0.045     -0.444      0.657

 F2       BY
    ATTHC3M            0.002      0.009      0.261      0.794
    ATTHCURG          -0.003      0.012     -0.288      0.774
    ATTHCPRB           0.037      0.055      0.680      0.496
    ATTHCEXP           0.113      0.059      1.922      0.055
    ATTHCWOR          -0.383      0.048     -7.975      0.000
    ATTHCTRY          -0.259      0.049     -5.323      0.000
    ATALC3M            0.891      0.027     32.962      0.000
    ATALCURG           0.874      0.028     31.248      0.000
    ATALCPRB           0.716      0.036     19.872      0.000
    ATALCEXP           0.738      0.040     18.281      0.000
    ATALCWOR           0.341      0.040      8.445      0.000
    ATALCTRY           0.335      0.042      7.957      0.000
    ATTOB3M           -0.001      0.020     -0.062      0.950
    ATTOBURG          -0.034      0.025     -1.375      0.169
    ATTOBPRB           0.024      0.033      0.735      0.462
    ATTOBWOR          -0.259      0.041     -6.273      0.000
    ATTOBTRY          -0.164      0.046     -3.591      0.000

 F3       BY
    ATTHC3M           -0.458      0.061     -7.551      0.000
    ATTHCURG          -0.369      0.060     -6.184      0.000
    ATTHCPRB           0.029      0.056      0.508      0.612
    ATTHCEXP          -0.018      0.038     -0.480      0.632
    ATTHCWOR           0.006      0.018      0.349      0.727
    ATTHCTRY           0.083      0.048      1.715      0.086
    ATALC3M           -0.006      0.037     -0.170      0.865
    ATALCURG           0.244      0.047      5.195      0.000
    ATALCPRB           0.479      0.057      8.386      0.000
    ATALCEXP           0.493      0.060      8.243      0.000
    ATALCWOR           0.444      0.049      9.149      0.000
    ATALCTRY           0.469      0.050      9.363      0.000
    ATTOB3M            0.721      0.040     18.137      0.000
    ATTOBURG           0.759      0.039     19.294      0.000
    ATTOBPRB           0.716      0.045     16.044      0.000
    ATTOBWOR           0.766      0.030     25.653      0.000
    ATTOBTRY           0.828      0.034     24.462      0.000

 F2       WITH
    F1                 0.334      0.064      5.206      0.000

 F3       WITH
    F1                 0.525      0.046     11.435      0.000
    F2                 0.096      0.063      1.521      0.128

 ATALCTRY WITH
    ATALCWOR           0.574      0.033     17.594      0.000
    ATTHCTRY           0.695      0.059     11.768      0.000

 ATTOBURG WITH
    ATTOB3M            0.941      0.010     96.397      0.000

 ATALCWOR WITH
    ATTHCWOR           0.644      0.055     11.721      0.000

 Thresholds
    ATTHC3M$1          0.577      0.040     14.507      0.000
    ATTHC3M$2          0.811      0.042     19.183      0.000
    ATTHC3M$3          1.003      0.045     22.217      0.000
    ATTHC3M$4          1.303      0.052     25.243      0.000
    ATTHCURG$1         0.792      0.042     18.850      0.000
    ATTHCURG$2         0.953      0.044     21.499      0.000
    ATTHCURG$3         1.100      0.047     23.434      0.000
    ATTHCURG$4         1.346      0.053     25.499      0.000
    ATTHCPRB$1         1.564      0.060     26.115      0.000
    ATTHCPRB$2         1.719      0.066     25.887      0.000
    ATTHCPRB$3         1.903      0.076     24.976      0.000
    ATTHCPRB$4         2.143      0.094     22.919      0.000
    ATTHCEXP$1         1.628      0.062     26.084      0.000
    ATTHCEXP$2         1.851      0.073     25.299      0.000
    ATTHCEXP$3         2.008      0.083     24.177      0.000
    ATTHCEXP$4         2.301      0.109     21.170      0.000
    ATTHCWOR$1         0.833      0.043     19.569      0.000
    ATTHCWOR$2         1.672      0.064     26.011      0.000
    ATTHCTRY$1         0.898      0.043     20.654      0.000
    ATTHCTRY$2         1.620      0.062     26.093      0.000
    ATALC3M$1         -0.298      0.038     -7.844      0.000
    ATALC3M$2          0.152      0.038      4.031      0.000
    ATALC3M$3          0.653      0.040     16.128      0.000
    ATALC3M$4          1.391      0.054     25.722      0.000
    ATALCURG$1         0.430      0.039     11.104      0.000
    ATALCURG$2         0.698      0.041     17.045      0.000
    ATALCURG$3         0.949      0.044     21.447      0.000
    ATALCURG$4         1.440      0.056     25.904      0.000
    ATALCPRB$1         1.282      0.051     25.105      0.000
    ATALCPRB$2         1.434      0.055     25.884      0.000
    ATALCPRB$3         1.719      0.066     25.887      0.000
    ATALCPRB$4         2.008      0.083     24.177      0.000
    ATALCEXP$1         1.362      0.053     25.587      0.000
    ATALCEXP$2         1.645      0.063     26.060      0.000
    ATALCEXP$3         1.851      0.073     25.299      0.000
    ATALCEXP$4         2.166      0.095     22.683      0.000
    ATALCWOR$1         0.525      0.039     13.339      0.000
    ATALCWOR$2         1.287      0.051     25.140      0.000
    ATALCTRY$1         0.684      0.041     16.759      0.000
    ATALCTRY$2         1.368      0.053     25.615      0.000
    ATTOB3M$1         -0.280      0.038     -7.368      0.000
    ATTOB3M$2         -0.102      0.038     -2.718      0.007
    ATTOB3M$3         -0.003      0.037     -0.090      0.929
    ATTOB3M$4          0.140      0.038      3.732      0.000
    ATTOBURG$1        -0.064      0.037     -1.702      0.089
    ATTOBURG$2         0.039      0.037      1.045      0.296
    ATTOBURG$3         0.095      0.037      2.538      0.011
    ATTOBURG$4         0.264      0.038      6.951      0.000
    ATTOBPRB$1         0.865      0.043     20.115      0.000
    ATTOBPRB$2         1.033      0.046     22.617      0.000
    ATTOBPRB$3         1.205      0.049     24.490      0.000
    ATTOBPRB$4         1.346      0.053     25.499      0.000
    ATTOBWOR$1        -0.021      0.037     -0.567      0.570
    ATTOBWOR$2         0.607      0.040     15.146      0.000
    ATTOBTRY$1        -0.131      0.038     -3.494      0.000
    ATTOBTRY$2         0.667      0.041     16.415      0.000

 Variances
    F1                 1.000      0.000    999.000    999.000
    F2                 1.000      0.000    999.000    999.000
    F3                 1.000      0.000    999.000    999.000


STDY Standardization

                                                    Two-Tailed
                    Estimate       S.E.  Est./S.E.    P-Value

 F1       BY
    ATTHC3M            1.157      0.039     29.379      0.000
    ATTHCURG           1.114      0.037     30.418      0.000
    ATTHCPRB           0.875      0.045     19.538      0.000
    ATTHCEXP           0.858      0.045     19.049      0.000
    ATTHCWOR           0.681      0.043     15.718      0.000
    ATTHCTRY           0.708      0.050     14.260      0.000
    ATALC3M            0.017      0.051      0.333      0.739
    ATALCURG          -0.044      0.052     -0.843      0.399
    ATALCPRB           0.009      0.019      0.474      0.635
    ATALCEXP           0.035      0.042      0.831      0.406
    ATALCWOR          -0.014      0.045     -0.309      0.757
    ATALCTRY          -0.077      0.051     -1.498      0.134
    ATTOB3M            0.048      0.051      0.936      0.349
    ATTOBURG           0.034      0.051      0.666      0.506
    ATTOBPRB           0.151      0.060      2.528      0.011
    ATTOBWOR           0.007      0.021      0.349      0.727
    ATTOBTRY          -0.020      0.045     -0.444      0.657

 F2       BY
    ATTHC3M            0.002      0.009      0.261      0.794
    ATTHCURG          -0.003      0.012     -0.288      0.774
    ATTHCPRB           0.037      0.055      0.680      0.496
    ATTHCEXP           0.113      0.059      1.922      0.055
    ATTHCWOR          -0.383      0.048     -7.975      0.000
    ATTHCTRY          -0.259      0.049     -5.323      0.000
    ATALC3M            0.891      0.027     32.962      0.000
    ATALCURG           0.874      0.028     31.248      0.000
    ATALCPRB           0.716      0.036     19.872      0.000
    ATALCEXP           0.738      0.040     18.281      0.000
    ATALCWOR           0.341      0.040      8.445      0.000
    ATALCTRY           0.335      0.042      7.957      0.000
    ATTOB3M           -0.001      0.020     -0.062      0.950
    ATTOBURG          -0.034      0.025     -1.375      0.169
    ATTOBPRB           0.024      0.033      0.735      0.462
    ATTOBWOR          -0.259      0.041     -6.273      0.000
    ATTOBTRY          -0.164      0.046     -3.591      0.000

 F3       BY
    ATTHC3M           -0.458      0.061     -7.551      0.000
    ATTHCURG          -0.369      0.060     -6.184      0.000
    ATTHCPRB           0.029      0.056      0.508      0.612
    ATTHCEXP          -0.018      0.038     -0.480      0.632
    ATTHCWOR           0.006      0.018      0.349      0.727
    ATTHCTRY           0.083      0.048      1.715      0.086
    ATALC3M           -0.006      0.037     -0.170      0.865
    ATALCURG           0.244      0.047      5.195      0.000
    ATALCPRB           0.479      0.057      8.386      0.000
    ATALCEXP           0.493      0.060      8.243      0.000
    ATALCWOR           0.444      0.049      9.149      0.000
    ATALCTRY           0.469      0.050      9.363      0.000
    ATTOB3M            0.721      0.040     18.137      0.000
    ATTOBURG           0.759      0.039     19.294      0.000
    ATTOBPRB           0.716      0.045     16.044      0.000
    ATTOBWOR           0.766      0.030     25.653      0.000
    ATTOBTRY           0.828      0.034     24.462      0.000

 F2       WITH
    F1                 0.334      0.064      5.206      0.000

 F3       WITH
    F1                 0.525      0.046     11.435      0.000
    F2                 0.096      0.063      1.521      0.128

 ATALCTRY WITH
    ATALCWOR           0.574      0.033     17.594      0.000
    ATTHCTRY           0.695      0.059     11.768      0.000

 ATTOBURG WITH
    ATTOB3M            0.941      0.010     96.397      0.000

 ATALCWOR WITH
    ATTHCWOR           0.644      0.055     11.721      0.000

 Thresholds
    ATTHC3M$1          0.577      0.040     14.507      0.000
    ATTHC3M$2          0.811      0.042     19.183      0.000
    ATTHC3M$3          1.003      0.045     22.217      0.000
    ATTHC3M$4          1.303      0.052     25.243      0.000
    ATTHCURG$1         0.792      0.042     18.850      0.000
    ATTHCURG$2         0.953      0.044     21.499      0.000
    ATTHCURG$3         1.100      0.047     23.434      0.000
    ATTHCURG$4         1.346      0.053     25.499      0.000
    ATTHCPRB$1         1.564      0.060     26.115      0.000
    ATTHCPRB$2         1.719      0.066     25.887      0.000
    ATTHCPRB$3         1.903      0.076     24.976      0.000
    ATTHCPRB$4         2.143      0.094     22.919      0.000
    ATTHCEXP$1         1.628      0.062     26.084      0.000
    ATTHCEXP$2         1.851      0.073     25.299      0.000
    ATTHCEXP$3         2.008      0.083     24.177      0.000
    ATTHCEXP$4         2.301      0.109     21.170      0.000
    ATTHCWOR$1         0.833      0.043     19.569      0.000
    ATTHCWOR$2         1.672      0.064     26.011      0.000
    ATTHCTRY$1         0.898      0.043     20.654      0.000
    ATTHCTRY$2         1.620      0.062     26.093      0.000
    ATALC3M$1         -0.298      0.038     -7.844      0.000
    ATALC3M$2          0.152      0.038      4.031      0.000
    ATALC3M$3          0.653      0.040     16.128      0.000
    ATALC3M$4          1.391      0.054     25.722      0.000
    ATALCURG$1         0.430      0.039     11.104      0.000
    ATALCURG$2         0.698      0.041     17.045      0.000
    ATALCURG$3         0.949      0.044     21.447      0.000
    ATALCURG$4         1.440      0.056     25.904      0.000
    ATALCPRB$1         1.282      0.051     25.105      0.000
    ATALCPRB$2         1.434      0.055     25.884      0.000
    ATALCPRB$3         1.719      0.066     25.887      0.000
    ATALCPRB$4         2.008      0.083     24.177      0.000
    ATALCEXP$1         1.362      0.053     25.587      0.000
    ATALCEXP$2         1.645      0.063     26.060      0.000
    ATALCEXP$3         1.851      0.073     25.299      0.000
    ATALCEXP$4         2.166      0.095     22.683      0.000
    ATALCWOR$1         0.525      0.039     13.339      0.000
    ATALCWOR$2         1.287      0.051     25.140      0.000
    ATALCTRY$1         0.684      0.041     16.759      0.000
    ATALCTRY$2         1.368      0.053     25.615      0.000
    ATTOB3M$1         -0.280      0.038     -7.368      0.000
    ATTOB3M$2         -0.102      0.038     -2.718      0.007
    ATTOB3M$3         -0.003      0.037     -0.090      0.929
    ATTOB3M$4          0.140      0.038      3.732      0.000
    ATTOBURG$1        -0.064      0.037     -1.702      0.089
    ATTOBURG$2         0.039      0.037      1.045      0.296
    ATTOBURG$3         0.095      0.037      2.538      0.011
    ATTOBURG$4         0.264      0.038      6.951      0.000
    ATTOBPRB$1         0.865      0.043     20.115      0.000
    ATTOBPRB$2         1.033      0.046     22.617      0.000
    ATTOBPRB$3         1.205      0.049     24.490      0.000
    ATTOBPRB$4         1.346      0.053     25.499      0.000
    ATTOBWOR$1        -0.021      0.037     -0.567      0.570
    ATTOBWOR$2         0.607      0.040     15.146      0.000
    ATTOBTRY$1        -0.131      0.038     -3.494      0.000
    ATTOBTRY$2         0.667      0.041     16.415      0.000

 Variances
    F1                 1.000      0.000    999.000    999.000
    F2                 1.000      0.000    999.000    999.000
    F3                 1.000      0.000    999.000    999.000


STD Standardization

                                                    Two-Tailed
                    Estimate       S.E.  Est./S.E.    P-Value

 F1       BY
    ATTHC3M            1.157      0.039     29.379      0.000
    ATTHCURG           1.114      0.037     30.418      0.000
    ATTHCPRB           0.875      0.045     19.538      0.000
    ATTHCEXP           0.858      0.045     19.049      0.000
    ATTHCWOR           0.681      0.043     15.718      0.000
    ATTHCTRY           0.708      0.050     14.260      0.000
    ATALC3M            0.017      0.051      0.333      0.739
    ATALCURG          -0.044      0.052     -0.843      0.399
    ATALCPRB           0.009      0.019      0.474      0.635
    ATALCEXP           0.035      0.042      0.831      0.406
    ATALCWOR          -0.014      0.045     -0.309      0.757
    ATALCTRY          -0.077      0.051     -1.498      0.134
    ATTOB3M            0.048      0.051      0.936      0.349
    ATTOBURG           0.034      0.051      0.666      0.506
    ATTOBPRB           0.151      0.060      2.528      0.011
    ATTOBWOR           0.007      0.021      0.349      0.727
    ATTOBTRY          -0.020      0.045     -0.444      0.657

 F2       BY
    ATTHC3M            0.002      0.009      0.261      0.794
    ATTHCURG          -0.003      0.012     -0.288      0.774
    ATTHCPRB           0.037      0.055      0.680      0.496
    ATTHCEXP           0.113      0.059      1.922      0.055
    ATTHCWOR          -0.383      0.048     -7.975      0.000
    ATTHCTRY          -0.259      0.049     -5.323      0.000
    ATALC3M            0.891      0.027     32.962      0.000
    ATALCURG           0.874      0.028     31.248      0.000
    ATALCPRB           0.716      0.036     19.872      0.000
    ATALCEXP           0.738      0.040     18.281      0.000
    ATALCWOR           0.341      0.040      8.445      0.000
    ATALCTRY           0.335      0.042      7.957      0.000
    ATTOB3M           -0.001      0.020     -0.062      0.950
    ATTOBURG          -0.034      0.025     -1.375      0.169
    ATTOBPRB           0.024      0.033      0.735      0.462
    ATTOBWOR          -0.259      0.041     -6.273      0.000
    ATTOBTRY          -0.164      0.046     -3.591      0.000

 F3       BY
    ATTHC3M           -0.458      0.061     -7.551      0.000
    ATTHCURG          -0.369      0.060     -6.184      0.000
    ATTHCPRB           0.029      0.056      0.508      0.612
    ATTHCEXP          -0.018      0.038     -0.480      0.632
    ATTHCWOR           0.006      0.018      0.349      0.727
    ATTHCTRY           0.083      0.048      1.715      0.086
    ATALC3M           -0.006      0.037     -0.170      0.865
    ATALCURG           0.244      0.047      5.195      0.000
    ATALCPRB           0.479      0.057      8.386      0.000
    ATALCEXP           0.493      0.060      8.243      0.000
    ATALCWOR           0.444      0.049      9.149      0.000
    ATALCTRY           0.469      0.050      9.363      0.000
    ATTOB3M            0.721      0.040     18.137      0.000
    ATTOBURG           0.759      0.039     19.294      0.000
    ATTOBPRB           0.716      0.045     16.044      0.000
    ATTOBWOR           0.766      0.030     25.653      0.000
    ATTOBTRY           0.828      0.034     24.462      0.000

 F2       WITH
    F1                 0.334      0.064      5.206      0.000

 F3       WITH
    F1                 0.525      0.046     11.435      0.000
    F2                 0.096      0.063      1.521      0.128

 ATALCTRY WITH
    ATALCWOR           0.388      0.029     13.545      0.000
    ATTHCTRY           0.403      0.035     11.393      0.000

 ATTOBURG WITH
    ATTOB3M            0.395      0.038     10.520      0.000

 ATALCWOR WITH
    ATTHCWOR           0.393      0.035     11.183      0.000

 Thresholds
    ATTHC3M$1          0.577      0.040     14.507      0.000
    ATTHC3M$2          0.811      0.042     19.183      0.000
    ATTHC3M$3          1.003      0.045     22.217      0.000
    ATTHC3M$4          1.303      0.052     25.243      0.000
    ATTHCURG$1         0.792      0.042     18.850      0.000
    ATTHCURG$2         0.953      0.044     21.499      0.000
    ATTHCURG$3         1.100      0.047     23.434      0.000
    ATTHCURG$4         1.346      0.053     25.499      0.000
    ATTHCPRB$1         1.564      0.060     26.115      0.000
    ATTHCPRB$2         1.719      0.066     25.887      0.000
    ATTHCPRB$3         1.903      0.076     24.976      0.000
    ATTHCPRB$4         2.143      0.094     22.919      0.000
    ATTHCEXP$1         1.628      0.062     26.084      0.000
    ATTHCEXP$2         1.851      0.073     25.299      0.000
    ATTHCEXP$3         2.008      0.083     24.177      0.000
    ATTHCEXP$4         2.301      0.109     21.170      0.000
    ATTHCWOR$1         0.833      0.043     19.569      0.000
    ATTHCWOR$2         1.672      0.064     26.011      0.000
    ATTHCTRY$1         0.898      0.043     20.654      0.000
    ATTHCTRY$2         1.620      0.062     26.093      0.000
    ATALC3M$1         -0.298      0.038     -7.844      0.000
    ATALC3M$2          0.152      0.038      4.031      0.000
    ATALC3M$3          0.653      0.040     16.128      0.000
    ATALC3M$4          1.391      0.054     25.722      0.000
    ATALCURG$1         0.430      0.039     11.104      0.000
    ATALCURG$2         0.698      0.041     17.045      0.000
    ATALCURG$3         0.949      0.044     21.447      0.000
    ATALCURG$4         1.440      0.056     25.904      0.000
    ATALCPRB$1         1.282      0.051     25.105      0.000
    ATALCPRB$2         1.434      0.055     25.884      0.000
    ATALCPRB$3         1.719      0.066     25.887      0.000
    ATALCPRB$4         2.008      0.083     24.177      0.000
    ATALCEXP$1         1.362      0.053     25.587      0.000
    ATALCEXP$2         1.645      0.063     26.060      0.000
    ATALCEXP$3         1.851      0.073     25.299      0.000
    ATALCEXP$4         2.166      0.095     22.683      0.000
    ATALCWOR$1         0.525      0.039     13.339      0.000
    ATALCWOR$2         1.287      0.051     25.140      0.000
    ATALCTRY$1         0.684      0.041     16.759      0.000
    ATALCTRY$2         1.368      0.053     25.615      0.000
    ATTOB3M$1         -0.280      0.038     -7.368      0.000
    ATTOB3M$2         -0.102      0.038     -2.718      0.007
    ATTOB3M$3         -0.003      0.037     -0.090      0.929
    ATTOB3M$4          0.140      0.038      3.732      0.000
    ATTOBURG$1        -0.064      0.037     -1.702      0.089
    ATTOBURG$2         0.039      0.037      1.045      0.296
    ATTOBURG$3         0.095      0.037      2.538      0.011
    ATTOBURG$4         0.264      0.038      6.951      0.000
    ATTOBPRB$1         0.865      0.043     20.115      0.000
    ATTOBPRB$2         1.033      0.046     22.617      0.000
    ATTOBPRB$3         1.205      0.049     24.490      0.000
    ATTOBPRB$4         1.346      0.053     25.499      0.000
    ATTOBWOR$1        -0.021      0.037     -0.567      0.570
    ATTOBWOR$2         0.607      0.040     15.146      0.000
    ATTOBTRY$1        -0.131      0.038     -3.494      0.000
    ATTOBTRY$2         0.667      0.041     16.415      0.000

 Variances
    F1                 1.000      0.000    999.000    999.000
    F2                 1.000      0.000    999.000    999.000
    F3                 1.000      0.000    999.000    999.000


R-SQUARE

    Observed                                        Two-Tailed   Residual
    Variable        Estimate       S.E.  Est./S.E.    P-Value    Variance

    ATTHC3M            0.994      0.030     33.298      0.000      0.006
    ATTHCURG           0.944      0.028     34.094      0.000      0.056
    ATTHCPRB           0.817      0.043     18.792      0.000      0.183
    ATTHCEXP           0.797      0.046     17.327      0.000      0.203
    ATTHCWOR           0.440      0.041     10.660      0.000      0.560
    ATTHCTRY           0.511      0.041     12.428      0.000      0.489
    ATALC3M            0.803      0.034     23.539      0.000      0.197
    ATALCURG           0.830      0.030     27.314      0.000      0.170
    ATALCPRB           0.817      0.037     22.012      0.000      0.183
    ATALCEXP           0.894      0.038     23.404      0.000      0.106
    ATALCWOR           0.333      0.033     10.080      0.000      0.667
    ATALCTRY           0.314      0.034      9.254      0.000      0.686
    ATTOB3M            0.559      0.041     13.594      0.000      0.441
    ATTOBURG           0.600      0.042     14.326      0.000      0.400
    ATTOBPRB           0.655      0.039     16.997      0.000      0.345
    ATTOBWOR           0.621      0.035     17.966      0.000      0.379
    ATTOBTRY           0.671      0.036     18.615      0.000      0.329


QUALITY OF NUMERICAL RESULTS

     Condition Number for the Information Matrix              0.301E-05
       (ratio of smallest to largest eigenvalue)


MODEL MODIFICATION INDICES

Minimum M.I. value for printing the modification index    10.000

                                   M.I.     E.P.C.  Std E.P.C.  StdYX E.P.C.

ON/BY Statements

ATTHC3M  ON F3       /
F3       BY ATTHC3M              999.000     0.000      0.000        0.000
ATTHCURG ON F3       /
F3       BY ATTHCURG             999.000     0.000      0.000        0.000

ON Statements

F3       ON ATTHC3M              999.000     0.000      0.000        0.000
F3       ON ATTHCURG             999.000     0.000      0.000        0.000
ATTHC3M  ON ATTHCURG              85.670     0.456      0.456        0.456
ATTHC3M  ON ATTHCWOR              22.779    -0.195     -0.195       -0.195
ATTHC3M  ON ATTHCTRY              32.502    -0.233     -0.233       -0.233
ATTHC3M  ON ATALCTRY              14.092    -0.156     -0.156       -0.156
ATTHC3M  ON ATTOB3M               29.719     0.249      0.249        0.249
ATTHC3M  ON ATTOBURG              18.030     0.197      0.197        0.197
ATTHCURG ON ATTHC3M               85.666     0.456      0.456        0.456
ATTHCURG ON ATTHCTRY              20.829    -0.186     -0.186       -0.186
ATTHCURG ON ATALCTRY              10.675    -0.137     -0.137       -0.137
ATTHCURG ON ATTOB3M               23.721     0.224      0.224        0.224
ATTHCURG ON ATTOBURG              27.701     0.245      0.245        0.245
ATTHCPRB ON ATTOBPRB              17.708     0.198      0.198        0.198
ATTHCWOR ON ATTHC3M               22.991    -0.212     -0.212       -0.212
ATTHCWOR ON ATTHCTRY             146.704     0.381      0.381        0.381
ATTHCWOR ON ATALCWOR              41.440     0.704      0.704        0.704
ATTHCWOR ON ATALCTRY             111.722     0.396      0.396        0.396
ATTHCWOR ON ATTOB3M               78.583    -0.383     -0.383       -0.383
ATTHCWOR ON ATTOBURG              62.925    -0.349     -0.349       -0.349
ATTHCWOR ON ATTOBWOR              26.009     0.211      0.211        0.211
ATTHCWOR ON ATTOBTRY              11.749    -0.144     -0.144       -0.144
ATTHCTRY ON ATTHC3M               30.676    -0.243     -0.243       -0.243
ATTHCTRY ON ATTHCURG              19.012    -0.191     -0.191       -0.191
ATTHCTRY ON ATTHCWOR             139.098     0.368      0.368        0.368
ATTHCTRY ON ATALCWOR              88.777     0.333      0.333        0.333
ATTHCTRY ON ATALCTRY              30.395     0.562      0.562        0.562
ATTHCTRY ON ATTOB3M               40.795    -0.280     -0.280       -0.280
ATTHCTRY ON ATTOBURG              32.558    -0.254     -0.254       -0.254
ATALC3M  ON ATTHCTRY              10.211    -0.121     -0.121       -0.121
ATALC3M  ON ATALCURG              49.168     0.271      0.271        0.271
ATALC3M  ON ATALCWOR              40.435    -0.190     -0.190       -0.190
ATALC3M  ON ATALCTRY              55.873    -0.229     -0.229       -0.229
ATALC3M  ON ATTOB3M               13.329     0.140      0.140        0.140
ATALC3M  ON ATTOBURG              10.545     0.127      0.127        0.127
ATALCURG ON ATALC3M               49.175     0.271      0.271        0.271
ATALCURG ON ATALCPRB              15.980    -0.148     -0.148       -0.148
ATALCURG ON ATALCEXP              13.693    -0.142     -0.142       -0.142
ATALCURG ON ATTOBURG              13.989     0.151      0.151        0.151
ATALCPRB ON ATTHCTRY              14.582     0.175      0.175        0.175
ATALCPRB ON ATALCURG              15.969    -0.148     -0.148       -0.148
ATALCPRB ON ATALCWOR              26.117     0.168      0.168        0.168
ATALCPRB ON ATALCTRY              34.788     0.203      0.203        0.203
ATALCPRB ON ATTOB3M               17.312    -0.208     -0.208       -0.208
ATALCPRB ON ATTOBURG              19.476    -0.219     -0.219       -0.219
ATALCPRB ON ATTOBPRB              10.872     0.143      0.143        0.143
ATALCEXP ON ATTHCWOR              15.531     0.185      0.185        0.185
ATALCEXP ON ATTHCTRY              27.319     0.236      0.236        0.236
ATALCEXP ON ATALCURG              13.686    -0.142     -0.142       -0.142
ATALCEXP ON ATALCWOR              42.886     0.213      0.213        0.213
ATALCEXP ON ATALCTRY              67.129     0.273      0.273        0.273
ATALCEXP ON ATTOBWOR              11.913    -0.178     -0.178       -0.178
ATALCWOR ON ATTHCTRY              30.420     0.218      0.218        0.218
ATALCWOR ON ATALC3M               18.633    -0.140     -0.140       -0.140
ATALCWOR ON ATALCPRB              13.291     0.127      0.127        0.127
ATALCWOR ON ATALCEXP              15.226     0.134      0.134        0.134
ATALCWOR ON ATALCTRY              30.443     0.542      0.542        0.542
ATALCWOR ON ATTOB3M               41.499    -0.243     -0.243       -0.243
ATALCWOR ON ATTOBURG              36.734    -0.230     -0.230       -0.230
ATALCWOR ON ATTOBPRB              13.846    -0.153     -0.153       -0.153
ATALCWOR ON ATTOBWOR              27.136     0.182      0.182        0.182
ATALCTRY ON ATTHCWOR              41.446     0.274      0.274        0.274
ATALCTRY ON ATALC3M               40.003    -0.211     -0.211       -0.211
ATALCTRY ON ATALCPRB              18.457     0.159      0.159        0.159
ATALCTRY ON ATALCEXP              43.184     0.233      0.233        0.233
ATALCTRY ON ATALCWOR              41.454     0.696      0.696        0.696
ATALCTRY ON ATTOB3M               48.225    -0.278     -0.278       -0.278
ATALCTRY ON ATTOBURG              42.328    -0.262     -0.262       -0.262
ATALCTRY ON ATTOBTRY              17.748     0.153      0.153        0.153
ATTOB3M  ON ATTHC3M               20.472     0.207      0.207        0.207
ATTOB3M  ON ATTHCURG              11.302     0.156      0.156        0.156
ATTOB3M  ON ATTHCWOR              68.148    -0.326     -0.326       -0.326
ATTOB3M  ON ATTHCTRY              44.621    -0.271     -0.271       -0.271
ATTOB3M  ON ATALCWOR              69.468    -0.289     -0.289       -0.289
ATTOB3M  ON ATALCTRY              66.799    -0.297     -0.297       -0.297
ATTOB3M  ON ATTOBPRB              27.404     0.187      0.187        0.187
ATTOBURG ON ATTHCURG              15.784     0.187      0.187        0.187
ATTOBURG ON ATTHCWOR              41.786    -0.261     -0.261       -0.261
ATTOBURG ON ATTHCTRY              27.772    -0.217     -0.217       -0.217
ATTOBURG ON ATALCURG              10.463     0.132      0.132        0.132
ATTOBURG ON ATALCPRB              11.348    -0.171     -0.171       -0.171
ATTOBURG ON ATALCWOR              47.880    -0.242     -0.242       -0.242
ATTOBURG ON ATALCTRY              46.477    -0.250     -0.250       -0.250
ATTOBURG ON ATTOBPRB              18.526     0.145      0.145        0.145
ATTOBPRB ON ATTHCPRB              17.702     0.198      0.198        0.198
ATTOBPRB ON ATTHCWOR              10.406    -0.137     -0.137       -0.137
ATTOBPRB ON ATTHCTRY              15.546    -0.166     -0.166       -0.166
ATTOBPRB ON ATALCPRB              10.880     0.143      0.143        0.143
ATTOBPRB ON ATALCWOR              24.239    -0.182     -0.182       -0.182
ATTOBPRB ON ATALCTRY              23.955    -0.184     -0.184       -0.184
ATTOBPRB ON ATTOB3M               52.347     0.266      0.266        0.266
ATTOBPRB ON ATTOBURG              41.789     0.225      0.225        0.225
ATTOBPRB ON ATTOBTRY              20.201    -0.160     -0.160       -0.160
ATTOBWOR ON ATTHCWOR              45.666     0.251      0.251        0.251
ATTOBWOR ON ATTHCTRY              14.706    -0.152     -0.152       -0.152
ATTOBWOR ON ATALCEXP              11.913    -0.178     -0.178       -0.178
ATTOBWOR ON ATALCWOR              30.553     0.176      0.176        0.176
ATTOBWOR ON ATTOB3M               13.622     0.134      0.134        0.134
ATTOBTRY ON ATTHCWOR              11.400    -0.128     -0.128       -0.128
ATTOBTRY ON ATTHCTRY              14.582     0.140      0.140        0.140
ATTOBTRY ON ATALCTRY              18.705     0.142      0.142        0.142
ATTOBTRY ON ATTOB3M               17.725     0.154      0.154        0.154
ATTOBTRY ON ATTOBURG              17.082     0.149      0.149        0.149
ATTOBTRY ON ATTOBPRB              20.195    -0.160     -0.160       -0.160

WITH Statements

ATTHC3M  WITH F3                 999.000     0.000      0.000        0.000
ATTHCURG WITH F3                 999.000     0.000      0.000        0.000
ATTHCURG WITH ATTHC3M             85.670     0.456      0.456       24.936
ATTHCWOR WITH ATTHC3M             22.993    -0.212     -0.212       -3.661
ATTHCTRY WITH ATTHC3M             30.671    -0.243     -0.243       -4.491
ATTHCTRY WITH ATTHCURG            19.007    -0.191     -0.191       -1.152
ATTHCTRY WITH ATTHCWOR           115.214     0.356      0.356        0.680
ATALCURG WITH ATALC3M             49.181     0.271      0.271        1.478
ATALCPRB WITH ATALCURG            15.975    -0.148     -0.148       -0.840
ATALCEXP WITH ATALCURG            13.688    -0.142     -0.142       -1.059
ATALCWOR WITH ATTHCTRY            30.421     0.218      0.218        0.382
ATALCWOR WITH ATALC3M             18.641    -0.140     -0.140       -0.387
ATALCWOR WITH ATALCPRB            13.288     0.127      0.127        0.363
ATALCWOR WITH ATALCEXP            15.222     0.134      0.134        0.504
ATALCTRY WITH ATTHCWOR            41.459     0.274      0.274        0.441
ATALCTRY WITH ATALC3M             39.999    -0.211     -0.211       -0.574
ATALCTRY WITH ATALCPRB            18.466     0.159      0.159        0.450
ATALCTRY WITH ATALCEXP            43.198     0.233      0.233        0.863
ATTOB3M  WITH ATTHC3M             20.469     0.207      0.207        4.036
ATTOB3M  WITH ATTHCURG            11.299     0.156      0.156        0.993
ATTOB3M  WITH ATTHCWOR            48.010    -0.303     -0.303       -0.609
ATTOB3M  WITH ATTHCTRY            24.942    -0.222     -0.222       -0.478
ATTOB3M  WITH ATALCWOR            23.587    -0.185     -0.185       -0.341
ATTOB3M  WITH ATALCTRY            27.621    -0.212     -0.212       -0.386
ATTOBURG WITH ATTHCURG            15.793     0.187      0.187        1.246
ATTOBURG WITH ATTHCWOR            27.522    -0.234     -0.234       -0.495
ATTOBURG WITH ATTHCTRY            14.341    -0.171     -0.171       -0.387
ATTOBURG WITH ATALCURG            10.462     0.132      0.132        0.506
ATTOBURG WITH ATALCPRB            11.349    -0.171     -0.171       -0.633
ATTOBURG WITH ATALCWOR            17.552    -0.161     -0.161       -0.311
ATTOBURG WITH ATALCTRY            20.102    -0.183     -0.183       -0.349
ATTOBPRB WITH ATTHCPRB            17.703     0.198      0.198        0.789
ATTOBPRB WITH ATALCPRB            10.875     0.143      0.143        0.569
ATTOBPRB WITH ATALCWOR            13.843    -0.152     -0.152       -0.318
ATTOBPRB WITH ATTOB3M             27.387     0.187      0.187        0.480
ATTOBPRB WITH ATTOBURG            18.525     0.145      0.145        0.391
ATTOBWOR WITH ATTHCWOR            26.007     0.211      0.211        0.458
ATTOBWOR WITH ATALCEXP            11.906    -0.178     -0.178       -0.885
ATTOBWOR WITH ATALCWOR            27.143     0.182      0.182        0.362
ATTOBTRY WITH ATTHCWOR            11.750    -0.144     -0.144       -0.335
ATTOBTRY WITH ATALCTRY            17.758     0.153      0.153        0.321
ATTOBTRY WITH ATTOBPRB            20.200    -0.160     -0.160       -0.474


SAVEDATA INFORMATION


  Difference testing

  Save file
    deriv_etoh_tob_thc_03_e.dat
  Save format      Free

     Beginning Time:  03:37:35
        Ending Time:  03:37:36
       Elapsed Time:  00:00:01



MUTHEN & MUTHEN
3463 Stoner Ave.
Los Angeles, CA  90066

Tel: (310) 391-9971
Fax: (310) 391-8971
Web: www.StatModel.com
Support: Support@StatModel.com

Copyright (c) 1998-2019 Muthen & Muthen
