Mplus VERSION 8.4 (Mac)
MUTHEN & MUTHEN
08/01/2020   3:43 AM

INPUT INSTRUCTIONS


  TITLE: ESEM of ASSIST ETOH_TOB Model

  DATA: FILE = data.etoh_tob_thc.dems.dat;

  !Old location sequence
  !c:\Users\ndmcgee\Desktop\data.etoh.dems.07.dat;

  VARIABLE: NAMES =  ATTHC3M ATTHCURG ATTHCPRB
                     ATTHCEXP ATTHCWOR ATTHCTRY
  	         ATALC3M  ATALCURG ATALCPRB
  	         ATALCEXP ATALCWOR ATALCTRY
  	         ATTOB3M  ATTOBURG ATTOBPRB
  	         ATTOBWOR ATTOBTRY GENDER
  	         AGE      RACE     EDU
                     JOB      MARTL;



            USEVARIABLES ARE 	ATTHC3M ATTHCURG ATTHCPRB
                             	ATTHCEXP ATTHCWOR ATTHCTRY
  	         		ATALC3M  ATALCURG ATALCPRB
  	         		ATALCEXP ATALCWOR ATALCTRY
  	         		ATTOB3M  ATTOBURG ATTOBPRB
  	         		ATTOBWOR ATTOBTRY;

      CATEGORICAL = ATTHC3M ATTHCURG ATTHCPRB
                             	ATTHCEXP ATTHCWOR ATTHCTRY
  	         		ATALC3M  ATALCURG ATALCPRB
  	         		ATALCEXP ATALCWOR ATALCTRY
  	         		ATTOB3M  ATTOBURG ATTOBPRB
  	         		ATTOBWOR ATTOBTRY;

      missing are all (-999);

     ANALYSIS:
     	TYPE = GENERAL;
     	ESTIMATOR = WLSMV;
      	ITERATIONS = 10000;
     	CONVERGENCE = 0.00005;
     	DIFFTEST = deriv_etoh_tob_thc_03_e.dat;

      MODEL:
      	   f1 f2 f3 by 	ATTHC3M ATTHCURG ATTHCPRB
                             	ATTHCEXP ATTHCWOR ATTHCTRY
                             	
  	         		ATALC3M  ATALCURG ATALCPRB
  	         		ATALCEXP ATALCWOR ATALCTRY
  	         		
  	         		ATTOB3M  ATTOBURG ATTOBPRB
  	         		ATTOBWOR ATTOBTRY (*1);
  	         		
  	         		ATALCTRY WITH ATALCWOR;
  	         		ATTOBURG WITH ATTOB3M;
  	         		ATALCTRY WITH ATTHCTRY;
  	         		ATALCWOR WITH ATTHCWOR;
  	         		ATTHCTRY WITH ATTHCWOR;
            		



      OUTPUT: STANDARDIZED MODINDICES (ALL);

      SAVEDATA: DIFFTEST IS deriv_etoh_tob_thc_03_f.dat;






INPUT READING TERMINATED NORMALLY



ESEM of ASSIST ETOH_TOB Model

SUMMARY OF ANALYSIS

Number of groups                                                 1
Number of observations                                        1121

Number of dependent variables                                   17
Number of independent variables                                  0
Number of continuous latent variables                            3

Observed dependent variables

  Binary and ordered categorical (ordinal)
   ATTHC3M     ATTHCURG    ATTHCPRB    ATTHCEXP    ATTHCWOR    ATTHCTRY
   ATALC3M     ATALCURG    ATALCPRB    ATALCEXP    ATALCWOR    ATALCTRY
   ATTOB3M     ATTOBURG    ATTOBPRB    ATTOBWOR    ATTOBTRY

Continuous latent variables

  EFA factors
  *1:   F1          F2          F3


Estimator                                                    WLSMV
Rotation                                                    GEOMIN
Row standardization                                    CORRELATION
Type of rotation                                           OBLIQUE
Epsilon value                                               Varies
Maximum number of iterations                                 10000
Convergence criterion                                    0.500D-04
Maximum number of steepest descent iterations                   20
Maximum number of iterations for H1                           2000
Convergence criterion for H1                             0.100D-03
Optimization Specifications for the Exploratory Factor Analysis
Rotation Algorithm
  Number of random starts                                       30
  Maximum number of iterations                               10000
  Derivative convergence criterion                       0.100D-04
Parameterization                                             DELTA
Link                                                        PROBIT

Input data file(s)
  data.etoh_tob_thc.dems.dat

Input data format  FREE


SUMMARY OF DATA

     Number of missing data patterns             1


COVARIANCE COVERAGE OF DATA

Minimum covariance coverage value   0.100


     PROPORTION OF DATA PRESENT


           Covariance Coverage
              ATTHC3M       ATTHCURG      ATTHCPRB      ATTHCEXP      ATTHCWOR
              ________      ________      ________      ________      ________
 ATTHC3M        1.000
 ATTHCURG       1.000         1.000
 ATTHCPRB       1.000         1.000         1.000
 ATTHCEXP       1.000         1.000         1.000         1.000
 ATTHCWOR       1.000         1.000         1.000         1.000         1.000
 ATTHCTRY       1.000         1.000         1.000         1.000         1.000
 ATALC3M        1.000         1.000         1.000         1.000         1.000
 ATALCURG       1.000         1.000         1.000         1.000         1.000
 ATALCPRB       1.000         1.000         1.000         1.000         1.000
 ATALCEXP       1.000         1.000         1.000         1.000         1.000
 ATALCWOR       1.000         1.000         1.000         1.000         1.000
 ATALCTRY       1.000         1.000         1.000         1.000         1.000
 ATTOB3M        1.000         1.000         1.000         1.000         1.000
 ATTOBURG       1.000         1.000         1.000         1.000         1.000
 ATTOBPRB       1.000         1.000         1.000         1.000         1.000
 ATTOBWOR       1.000         1.000         1.000         1.000         1.000
 ATTOBTRY       1.000         1.000         1.000         1.000         1.000


           Covariance Coverage
              ATTHCTRY      ATALC3M       ATALCURG      ATALCPRB      ATALCEXP
              ________      ________      ________      ________      ________
 ATTHCTRY       1.000
 ATALC3M        1.000         1.000
 ATALCURG       1.000         1.000         1.000
 ATALCPRB       1.000         1.000         1.000         1.000
 ATALCEXP       1.000         1.000         1.000         1.000         1.000
 ATALCWOR       1.000         1.000         1.000         1.000         1.000
 ATALCTRY       1.000         1.000         1.000         1.000         1.000
 ATTOB3M        1.000         1.000         1.000         1.000         1.000
 ATTOBURG       1.000         1.000         1.000         1.000         1.000
 ATTOBPRB       1.000         1.000         1.000         1.000         1.000
 ATTOBWOR       1.000         1.000         1.000         1.000         1.000
 ATTOBTRY       1.000         1.000         1.000         1.000         1.000


           Covariance Coverage
              ATALCWOR      ATALCTRY      ATTOB3M       ATTOBURG      ATTOBPRB
              ________      ________      ________      ________      ________
 ATALCWOR       1.000
 ATALCTRY       1.000         1.000
 ATTOB3M        1.000         1.000         1.000
 ATTOBURG       1.000         1.000         1.000         1.000
 ATTOBPRB       1.000         1.000         1.000         1.000         1.000
 ATTOBWOR       1.000         1.000         1.000         1.000         1.000
 ATTOBTRY       1.000         1.000         1.000         1.000         1.000


           Covariance Coverage
              ATTOBWOR      ATTOBTRY
              ________      ________
 ATTOBWOR       1.000
 ATTOBTRY       1.000         1.000


UNIVARIATE PROPORTIONS AND COUNTS FOR CATEGORICAL VARIABLES

    ATTHC3M
      Category 1    0.718          805.000
      Category 2    0.073           82.000
      Category 3    0.051           57.000
      Category 4    0.062           69.000
      Category 5    0.096          108.000
    ATTHCURG
      Category 1    0.786          881.000
      Category 2    0.044           49.000
      Category 3    0.035           39.000
      Category 4    0.046           52.000
      Category 5    0.089          100.000
    ATTHCPRB
      Category 1    0.941         1055.000
      Category 2    0.016           18.000
      Category 3    0.014           16.000
      Category 4    0.012           14.000
      Category 5    0.016           18.000
    ATTHCEXP
      Category 1    0.948         1063.000
      Category 2    0.020           22.000
      Category 3    0.010           11.000
      Category 4    0.012           13.000
      Category 5    0.011           12.000
    ATTHCWOR
      Category 1    0.798          894.000
      Category 2    0.155          174.000
      Category 3    0.047           53.000
    ATTHCTRY
      Category 1    0.815          914.000
      Category 2    0.132          148.000
      Category 3    0.053           59.000
    ATALC3M
      Category 1    0.383          429.000
      Category 2    0.178          199.000
      Category 3    0.183          205.000
      Category 4    0.175          196.000
      Category 5    0.082           92.000
    ATALCURG
      Category 1    0.666          747.000
      Category 2    0.091          102.000
      Category 3    0.071           80.000
      Category 4    0.096          108.000
      Category 5    0.075           84.000
    ATALCPRB
      Category 1    0.900         1009.000
      Category 2    0.024           27.000
      Category 3    0.033           37.000
      Category 4    0.021           23.000
      Category 5    0.022           25.000
    ATALCEXP
      Category 1    0.913         1024.000
      Category 2    0.037           41.000
      Category 3    0.018           20.000
      Category 4    0.017           19.000
      Category 5    0.015           17.000
    ATALCWOR
      Category 1    0.700          785.000
      Category 2    0.201          225.000
      Category 3    0.099          111.000
    ATALCTRY
      Category 1    0.753          844.000
      Category 2    0.161          181.000
      Category 3    0.086           96.000
    ATTOB3M
      Category 1    0.390          437.000
      Category 2    0.070           78.000
      Category 3    0.039           44.000
      Category 4    0.057           64.000
      Category 5    0.444          498.000
    ATTOBURG
      Category 1    0.475          532.000
      Category 2    0.041           46.000
      Category 3    0.022           25.000
      Category 4    0.066           74.000
      Category 5    0.396          444.000
    ATTOBPRB
      Category 1    0.806          904.000
      Category 2    0.043           48.000
      Category 3    0.037           41.000
      Category 4    0.025           28.000
      Category 5    0.089          100.000
    ATTOBWOR
      Category 1    0.492          551.000
      Category 2    0.236          265.000
      Category 3    0.272          305.000
    ATTOBTRY
      Category 1    0.448          502.000
      Category 2    0.300          336.000
      Category 3    0.252          283.000



THE MODEL ESTIMATION TERMINATED NORMALLY

     WARNING:  THE LATENT VARIABLE COVARIANCE MATRIX (PSI) IS NOT POSITIVE
     DEFINITE.  THIS COULD INDICATE A NEGATIVE VARIANCE/RESIDUAL VARIANCE FOR A
     LATENT VARIABLE, A CORRELATION GREATER OR EQUAL TO ONE BETWEEN TWO LATENT
     VARIABLES, OR A LINEAR DEPENDENCY AMONG MORE THAN TWO LATENT VARIABLES.
     CHECK THE TECH4 OUTPUT FOR MORE INFORMATION.
     PROBLEM INVOLVING VARIABLE ATTHC3M.


     THE CHI-SQUARE DIFFERENCE TEST COULD NOT BE COMPUTED BECAUSE THE H0 MODEL
     IS NOT NESTED IN THE H1 MODEL. THE H1 MODEL HAS 108 PARAMETERS.
     THE H0 MODEL HAS 109 PARAMETERS.

     WARNING:  THE LATENT VARIABLE COVARIANCE MATRIX (PSI) IS NOT POSITIVE
     DEFINITE.  THIS COULD INDICATE A NEGATIVE VARIANCE/RESIDUAL VARIANCE FOR A
     LATENT VARIABLE, A CORRELATION GREATER OR EQUAL TO ONE BETWEEN TWO LATENT
     VARIABLES, OR A LINEAR DEPENDENCY AMONG MORE THAN TWO LATENT VARIABLES.
     CHECK THE TECH4 OUTPUT FOR MORE INFORMATION.
     PROBLEM INVOLVING VARIABLE ATTHC3M.




MODEL FIT INFORMATION

Number of Free Parameters                      109

Chi-Square Test of Model Fit

          Value                            712.949*
          Degrees of Freedom                    83
          P-Value                           0.0000

*   The chi-square value for MLM, MLMV, MLR, ULSMV, WLSM and WLSMV cannot be used
    for chi-square difference testing in the regular way.  MLM, MLR and WLSM
    chi-square difference testing is described on the Mplus website.  MLMV, WLSMV,
    and ULSMV difference testing is done using the DIFFTEST option.

RMSEA (Root Mean Square Error Of Approximation)

          Estimate                           0.082
          90 Percent C.I.                    0.077  0.088
          Probability RMSEA <= .05           0.000

CFI/TLI

          CFI                                0.990
          TLI                                0.984

Chi-Square Test of Model Fit for the Baseline Model

          Value                          62812.533
          Degrees of Freedom                   136
          P-Value                           0.0000

SRMR (Standardized Root Mean Square Residual)

          Value                              0.062

Optimum Function Value for Weighted Least-Squares Estimator

          Value                     0.18050258D+00



MODEL RESULTS

                                                    Two-Tailed
                    Estimate       S.E.  Est./S.E.    P-Value

 F1       BY
    ATTHC3M            1.127      0.043     26.436      0.000
    ATTHCURG           1.069      0.040     26.999      0.000
    ATTHCPRB           0.856      0.050     17.301      0.000
    ATTHCEXP           0.832      0.045     18.486      0.000
    ATTHCWOR           0.525      0.052     10.136      0.000
    ATTHCTRY           0.553      0.054     10.243      0.000
    ATALC3M            0.016      0.036      0.434      0.664
    ATALCURG          -0.045      0.045     -1.013      0.311
    ATALCPRB          -0.001      0.025     -0.030      0.976
    ATALCEXP           0.019      0.035      0.553      0.580
    ATALCWOR          -0.031      0.048     -0.649      0.516
    ATALCTRY          -0.092      0.050     -1.845      0.065
    ATTOB3M            0.079      0.051      1.552      0.121
    ATTOBURG           0.060      0.052      1.162      0.245
    ATTOBPRB           0.168      0.060      2.813      0.005
    ATTOBWOR           0.015      0.034      0.452      0.651
    ATTOBTRY          -0.008      0.035     -0.244      0.807

 F2       BY
    ATTHC3M            0.001      0.010      0.120      0.904
    ATTHCURG          -0.001      0.013     -0.050      0.960
    ATTHCPRB           0.066      0.062      1.057      0.290
    ATTHCEXP           0.150      0.065      2.318      0.020
    ATTHCWOR          -0.270      0.051     -5.258      0.000
    ATTHCTRY          -0.114      0.053     -2.143      0.032
    ATALC3M            0.928      0.032     28.656      0.000
    ATALCURG           0.925      0.028     32.837      0.000
    ATALCPRB           0.780      0.036     21.875      0.000
    ATALCEXP           0.808      0.037     21.827      0.000
    ATALCWOR           0.393      0.040      9.846      0.000
    ATALCTRY           0.385      0.043      8.867      0.000
    ATTOB3M            0.017      0.019      0.911      0.362
    ATTOBURG          -0.010      0.014     -0.730      0.465
    ATTOBPRB           0.058      0.056      1.036      0.300
    ATTOBWOR          -0.228      0.047     -4.849      0.000
    ATTOBTRY          -0.130      0.052     -2.488      0.013

 F3       BY
    ATTHC3M           -0.395      0.077     -5.160      0.000
    ATTHCURG          -0.295      0.073     -4.053      0.000
    ATTHCPRB           0.058      0.064      0.896      0.370
    ATTHCEXP          -0.009      0.010     -0.908      0.364
    ATTHCWOR           0.120      0.061      1.968      0.049
    ATTHCTRY           0.167      0.058      2.888      0.004
    ATALC3M           -0.233      0.042     -5.593      0.000
    ATALCURG           0.016      0.022      0.705      0.481
    ATALCPRB           0.291      0.055      5.329      0.000
    ATALCEXP           0.300      0.057      5.226      0.000
    ATALCWOR           0.354      0.043      8.138      0.000
    ATALCTRY           0.379      0.045      8.356      0.000
    ATTOB3M            0.706      0.038     18.608      0.000
    ATTOBURG           0.751      0.037     20.216      0.000
    ATTOBPRB           0.698      0.043     16.118      0.000
    ATTOBWOR           0.815      0.033     24.661      0.000
    ATTOBTRY           0.851      0.029     29.304      0.000

 F2       WITH
    F1                 0.406      0.049      8.257      0.000

 F3       WITH
    F1                 0.470      0.060      7.884      0.000
    F2                 0.281      0.057      4.933      0.000

 ATALCTRY WITH
    ATALCWOR           0.382      0.029     13.331      0.000
    ATTHCTRY           0.392      0.033     11.743      0.000

 ATTOBURG WITH
    ATTOB3M            0.389      0.038     10.342      0.000

 ATALCWOR WITH
    ATTHCWOR           0.399      0.034     11.794      0.000

 ATTHCTRY WITH
    ATTHCWOR           0.339      0.035      9.612      0.000

 Thresholds
    ATTHC3M$1          0.577      0.040     14.507      0.000
    ATTHC3M$2          0.811      0.042     19.183      0.000
    ATTHC3M$3          1.003      0.045     22.217      0.000
    ATTHC3M$4          1.303      0.052     25.243      0.000
    ATTHCURG$1         0.792      0.042     18.850      0.000
    ATTHCURG$2         0.953      0.044     21.499      0.000
    ATTHCURG$3         1.100      0.047     23.434      0.000
    ATTHCURG$4         1.346      0.053     25.499      0.000
    ATTHCPRB$1         1.564      0.060     26.115      0.000
    ATTHCPRB$2         1.719      0.066     25.887      0.000
    ATTHCPRB$3         1.903      0.076     24.976      0.000
    ATTHCPRB$4         2.143      0.094     22.919      0.000
    ATTHCEXP$1         1.628      0.062     26.084      0.000
    ATTHCEXP$2         1.851      0.073     25.299      0.000
    ATTHCEXP$3         2.008      0.083     24.177      0.000
    ATTHCEXP$4         2.301      0.109     21.170      0.000
    ATTHCWOR$1         0.833      0.043     19.569      0.000
    ATTHCWOR$2         1.672      0.064     26.011      0.000
    ATTHCTRY$1         0.898      0.043     20.654      0.000
    ATTHCTRY$2         1.620      0.062     26.093      0.000
    ATALC3M$1         -0.298      0.038     -7.844      0.000
    ATALC3M$2          0.152      0.038      4.031      0.000
    ATALC3M$3          0.653      0.040     16.128      0.000
    ATALC3M$4          1.391      0.054     25.722      0.000
    ATALCURG$1         0.430      0.039     11.104      0.000
    ATALCURG$2         0.698      0.041     17.045      0.000
    ATALCURG$3         0.949      0.044     21.447      0.000
    ATALCURG$4         1.440      0.056     25.904      0.000
    ATALCPRB$1         1.282      0.051     25.105      0.000
    ATALCPRB$2         1.434      0.055     25.884      0.000
    ATALCPRB$3         1.719      0.066     25.887      0.000
    ATALCPRB$4         2.008      0.083     24.177      0.000
    ATALCEXP$1         1.362      0.053     25.587      0.000
    ATALCEXP$2         1.645      0.063     26.060      0.000
    ATALCEXP$3         1.851      0.073     25.299      0.000
    ATALCEXP$4         2.166      0.095     22.683      0.000
    ATALCWOR$1         0.525      0.039     13.339      0.000
    ATALCWOR$2         1.287      0.051     25.140      0.000
    ATALCTRY$1         0.684      0.041     16.759      0.000
    ATALCTRY$2         1.368      0.053     25.615      0.000
    ATTOB3M$1         -0.280      0.038     -7.368      0.000
    ATTOB3M$2         -0.102      0.038     -2.718      0.007
    ATTOB3M$3         -0.003      0.037     -0.090      0.929
    ATTOB3M$4          0.140      0.038      3.732      0.000
    ATTOBURG$1        -0.064      0.037     -1.702      0.089
    ATTOBURG$2         0.039      0.037      1.045      0.296
    ATTOBURG$3         0.095      0.037      2.538      0.011
    ATTOBURG$4         0.264      0.038      6.951      0.000
    ATTOBPRB$1         0.865      0.043     20.115      0.000
    ATTOBPRB$2         1.033      0.046     22.617      0.000
    ATTOBPRB$3         1.205      0.049     24.490      0.000
    ATTOBPRB$4         1.346      0.053     25.499      0.000
    ATTOBWOR$1        -0.021      0.037     -0.567      0.570
    ATTOBWOR$2         0.607      0.040     15.146      0.000
    ATTOBTRY$1        -0.131      0.038     -3.494      0.000
    ATTOBTRY$2         0.667      0.041     16.415      0.000

 Variances
    F1                 1.000      0.000    999.000    999.000
    F2                 1.000      0.000    999.000    999.000
    F3                 1.000      0.000    999.000    999.000


STANDARDIZED MODEL RESULTS


STDYX Standardization

                                                    Two-Tailed
                    Estimate       S.E.  Est./S.E.    P-Value

 F1       BY
    ATTHC3M            1.127      0.043     26.436      0.000
    ATTHCURG           1.069      0.040     26.999      0.000
    ATTHCPRB           0.856      0.050     17.301      0.000
    ATTHCEXP           0.832      0.045     18.486      0.000
    ATTHCWOR           0.525      0.052     10.136      0.000
    ATTHCTRY           0.553      0.054     10.243      0.000
    ATALC3M            0.016      0.036      0.434      0.664
    ATALCURG          -0.045      0.045     -1.013      0.311
    ATALCPRB          -0.001      0.025     -0.030      0.976
    ATALCEXP           0.019      0.035      0.553      0.580
    ATALCWOR          -0.031      0.048     -0.649      0.516
    ATALCTRY          -0.092      0.050     -1.845      0.065
    ATTOB3M            0.079      0.051      1.552      0.121
    ATTOBURG           0.060      0.052      1.162      0.245
    ATTOBPRB           0.168      0.060      2.813      0.005
    ATTOBWOR           0.015      0.034      0.452      0.651
    ATTOBTRY          -0.008      0.035     -0.244      0.807

 F2       BY
    ATTHC3M            0.001      0.010      0.120      0.904
    ATTHCURG          -0.001      0.013     -0.050      0.960
    ATTHCPRB           0.066      0.062      1.057      0.290
    ATTHCEXP           0.150      0.065      2.318      0.020
    ATTHCWOR          -0.270      0.051     -5.258      0.000
    ATTHCTRY          -0.114      0.053     -2.143      0.032
    ATALC3M            0.928      0.032     28.656      0.000
    ATALCURG           0.925      0.028     32.837      0.000
    ATALCPRB           0.780      0.036     21.875      0.000
    ATALCEXP           0.808      0.037     21.827      0.000
    ATALCWOR           0.393      0.040      9.846      0.000
    ATALCTRY           0.385      0.043      8.867      0.000
    ATTOB3M            0.017      0.019      0.911      0.362
    ATTOBURG          -0.010      0.014     -0.730      0.465
    ATTOBPRB           0.058      0.056      1.036      0.300
    ATTOBWOR          -0.228      0.047     -4.849      0.000
    ATTOBTRY          -0.130      0.052     -2.488      0.013

 F3       BY
    ATTHC3M           -0.395      0.077     -5.160      0.000
    ATTHCURG          -0.295      0.073     -4.053      0.000
    ATTHCPRB           0.058      0.064      0.896      0.370
    ATTHCEXP          -0.009      0.010     -0.908      0.364
    ATTHCWOR           0.120      0.061      1.968      0.049
    ATTHCTRY           0.167      0.058      2.888      0.004
    ATALC3M           -0.233      0.042     -5.593      0.000
    ATALCURG           0.016      0.022      0.705      0.481
    ATALCPRB           0.291      0.055      5.329      0.000
    ATALCEXP           0.300      0.057      5.226      0.000
    ATALCWOR           0.354      0.043      8.138      0.000
    ATALCTRY           0.379      0.045      8.356      0.000
    ATTOB3M            0.706      0.038     18.608      0.000
    ATTOBURG           0.751      0.037     20.216      0.000
    ATTOBPRB           0.698      0.043     16.118      0.000
    ATTOBWOR           0.815      0.033     24.661      0.000
    ATTOBTRY           0.851      0.029     29.304      0.000

 F2       WITH
    F1                 0.406      0.049      8.257      0.000

 F3       WITH
    F1                 0.470      0.060      7.884      0.000
    F2                 0.281      0.057      4.933      0.000

 ATALCTRY WITH
    ATALCWOR           0.570      0.033     17.352      0.000
    ATTHCTRY           0.601      0.047     12.709      0.000

 ATTOBURG WITH
    ATTOB3M            0.940      0.010     94.740      0.000

 ATALCWOR WITH
    ATTHCWOR           0.582      0.046     12.641      0.000

 ATTHCTRY WITH
    ATTHCWOR           0.507      0.043     11.863      0.000

 Thresholds
    ATTHC3M$1          0.577      0.040     14.507      0.000
    ATTHC3M$2          0.811      0.042     19.183      0.000
    ATTHC3M$3          1.003      0.045     22.217      0.000
    ATTHC3M$4          1.303      0.052     25.243      0.000
    ATTHCURG$1         0.792      0.042     18.850      0.000
    ATTHCURG$2         0.953      0.044     21.499      0.000
    ATTHCURG$3         1.100      0.047     23.434      0.000
    ATTHCURG$4         1.346      0.053     25.499      0.000
    ATTHCPRB$1         1.564      0.060     26.115      0.000
    ATTHCPRB$2         1.719      0.066     25.887      0.000
    ATTHCPRB$3         1.903      0.076     24.976      0.000
    ATTHCPRB$4         2.143      0.094     22.919      0.000
    ATTHCEXP$1         1.628      0.062     26.084      0.000
    ATTHCEXP$2         1.851      0.073     25.299      0.000
    ATTHCEXP$3         2.008      0.083     24.177      0.000
    ATTHCEXP$4         2.301      0.109     21.170      0.000
    ATTHCWOR$1         0.833      0.043     19.569      0.000
    ATTHCWOR$2         1.672      0.064     26.011      0.000
    ATTHCTRY$1         0.898      0.043     20.654      0.000
    ATTHCTRY$2         1.620      0.062     26.093      0.000
    ATALC3M$1         -0.298      0.038     -7.844      0.000
    ATALC3M$2          0.152      0.038      4.031      0.000
    ATALC3M$3          0.653      0.040     16.128      0.000
    ATALC3M$4          1.391      0.054     25.722      0.000
    ATALCURG$1         0.430      0.039     11.104      0.000
    ATALCURG$2         0.698      0.041     17.045      0.000
    ATALCURG$3         0.949      0.044     21.447      0.000
    ATALCURG$4         1.440      0.056     25.904      0.000
    ATALCPRB$1         1.282      0.051     25.105      0.000
    ATALCPRB$2         1.434      0.055     25.884      0.000
    ATALCPRB$3         1.719      0.066     25.887      0.000
    ATALCPRB$4         2.008      0.083     24.177      0.000
    ATALCEXP$1         1.362      0.053     25.587      0.000
    ATALCEXP$2         1.645      0.063     26.060      0.000
    ATALCEXP$3         1.851      0.073     25.299      0.000
    ATALCEXP$4         2.166      0.095     22.683      0.000
    ATALCWOR$1         0.525      0.039     13.339      0.000
    ATALCWOR$2         1.287      0.051     25.140      0.000
    ATALCTRY$1         0.684      0.041     16.759      0.000
    ATALCTRY$2         1.368      0.053     25.615      0.000
    ATTOB3M$1         -0.280      0.038     -7.368      0.000
    ATTOB3M$2         -0.102      0.038     -2.718      0.007
    ATTOB3M$3         -0.003      0.037     -0.090      0.929
    ATTOB3M$4          0.140      0.038      3.732      0.000
    ATTOBURG$1        -0.064      0.037     -1.702      0.089
    ATTOBURG$2         0.039      0.037      1.045      0.296
    ATTOBURG$3         0.095      0.037      2.538      0.011
    ATTOBURG$4         0.264      0.038      6.951      0.000
    ATTOBPRB$1         0.865      0.043     20.115      0.000
    ATTOBPRB$2         1.033      0.046     22.617      0.000
    ATTOBPRB$3         1.205      0.049     24.490      0.000
    ATTOBPRB$4         1.346      0.053     25.499      0.000
    ATTOBWOR$1        -0.021      0.037     -0.567      0.570
    ATTOBWOR$2         0.607      0.040     15.146      0.000
    ATTOBTRY$1        -0.131      0.038     -3.494      0.000
    ATTOBTRY$2         0.667      0.041     16.415      0.000

 Variances
    F1                 1.000      0.000    999.000    999.000
    F2                 1.000      0.000    999.000    999.000
    F3                 1.000      0.000    999.000    999.000


STDY Standardization

                                                    Two-Tailed
                    Estimate       S.E.  Est./S.E.    P-Value

 F1       BY
    ATTHC3M            1.127      0.043     26.436      0.000
    ATTHCURG           1.069      0.040     26.999      0.000
    ATTHCPRB           0.856      0.050     17.301      0.000
    ATTHCEXP           0.832      0.045     18.486      0.000
    ATTHCWOR           0.525      0.052     10.136      0.000
    ATTHCTRY           0.553      0.054     10.243      0.000
    ATALC3M            0.016      0.036      0.434      0.664
    ATALCURG          -0.045      0.045     -1.013      0.311
    ATALCPRB          -0.001      0.025     -0.030      0.976
    ATALCEXP           0.019      0.035      0.553      0.580
    ATALCWOR          -0.031      0.048     -0.649      0.516
    ATALCTRY          -0.092      0.050     -1.845      0.065
    ATTOB3M            0.079      0.051      1.552      0.121
    ATTOBURG           0.060      0.052      1.162      0.245
    ATTOBPRB           0.168      0.060      2.813      0.005
    ATTOBWOR           0.015      0.034      0.452      0.651
    ATTOBTRY          -0.008      0.035     -0.244      0.807

 F2       BY
    ATTHC3M            0.001      0.010      0.120      0.904
    ATTHCURG          -0.001      0.013     -0.050      0.960
    ATTHCPRB           0.066      0.062      1.057      0.290
    ATTHCEXP           0.150      0.065      2.318      0.020
    ATTHCWOR          -0.270      0.051     -5.258      0.000
    ATTHCTRY          -0.114      0.053     -2.143      0.032
    ATALC3M            0.928      0.032     28.656      0.000
    ATALCURG           0.925      0.028     32.837      0.000
    ATALCPRB           0.780      0.036     21.875      0.000
    ATALCEXP           0.808      0.037     21.827      0.000
    ATALCWOR           0.393      0.040      9.846      0.000
    ATALCTRY           0.385      0.043      8.867      0.000
    ATTOB3M            0.017      0.019      0.911      0.362
    ATTOBURG          -0.010      0.014     -0.730      0.465
    ATTOBPRB           0.058      0.056      1.036      0.300
    ATTOBWOR          -0.228      0.047     -4.849      0.000
    ATTOBTRY          -0.130      0.052     -2.488      0.013

 F3       BY
    ATTHC3M           -0.395      0.077     -5.160      0.000
    ATTHCURG          -0.295      0.073     -4.053      0.000
    ATTHCPRB           0.058      0.064      0.896      0.370
    ATTHCEXP          -0.009      0.010     -0.908      0.364
    ATTHCWOR           0.120      0.061      1.968      0.049
    ATTHCTRY           0.167      0.058      2.888      0.004
    ATALC3M           -0.233      0.042     -5.593      0.000
    ATALCURG           0.016      0.022      0.705      0.481
    ATALCPRB           0.291      0.055      5.329      0.000
    ATALCEXP           0.300      0.057      5.226      0.000
    ATALCWOR           0.354      0.043      8.138      0.000
    ATALCTRY           0.379      0.045      8.356      0.000
    ATTOB3M            0.706      0.038     18.608      0.000
    ATTOBURG           0.751      0.037     20.216      0.000
    ATTOBPRB           0.698      0.043     16.118      0.000
    ATTOBWOR           0.815      0.033     24.661      0.000
    ATTOBTRY           0.851      0.029     29.304      0.000

 F2       WITH
    F1                 0.406      0.049      8.257      0.000

 F3       WITH
    F1                 0.470      0.060      7.884      0.000
    F2                 0.281      0.057      4.933      0.000

 ATALCTRY WITH
    ATALCWOR           0.570      0.033     17.352      0.000
    ATTHCTRY           0.601      0.047     12.709      0.000

 ATTOBURG WITH
    ATTOB3M            0.940      0.010     94.740      0.000

 ATALCWOR WITH
    ATTHCWOR           0.582      0.046     12.641      0.000

 ATTHCTRY WITH
    ATTHCWOR           0.507      0.043     11.863      0.000

 Thresholds
    ATTHC3M$1          0.577      0.040     14.507      0.000
    ATTHC3M$2          0.811      0.042     19.183      0.000
    ATTHC3M$3          1.003      0.045     22.217      0.000
    ATTHC3M$4          1.303      0.052     25.243      0.000
    ATTHCURG$1         0.792      0.042     18.850      0.000
    ATTHCURG$2         0.953      0.044     21.499      0.000
    ATTHCURG$3         1.100      0.047     23.434      0.000
    ATTHCURG$4         1.346      0.053     25.499      0.000
    ATTHCPRB$1         1.564      0.060     26.115      0.000
    ATTHCPRB$2         1.719      0.066     25.887      0.000
    ATTHCPRB$3         1.903      0.076     24.976      0.000
    ATTHCPRB$4         2.143      0.094     22.919      0.000
    ATTHCEXP$1         1.628      0.062     26.084      0.000
    ATTHCEXP$2         1.851      0.073     25.299      0.000
    ATTHCEXP$3         2.008      0.083     24.177      0.000
    ATTHCEXP$4         2.301      0.109     21.170      0.000
    ATTHCWOR$1         0.833      0.043     19.569      0.000
    ATTHCWOR$2         1.672      0.064     26.011      0.000
    ATTHCTRY$1         0.898      0.043     20.654      0.000
    ATTHCTRY$2         1.620      0.062     26.093      0.000
    ATALC3M$1         -0.298      0.038     -7.844      0.000
    ATALC3M$2          0.152      0.038      4.031      0.000
    ATALC3M$3          0.653      0.040     16.128      0.000
    ATALC3M$4          1.391      0.054     25.722      0.000
    ATALCURG$1         0.430      0.039     11.104      0.000
    ATALCURG$2         0.698      0.041     17.045      0.000
    ATALCURG$3         0.949      0.044     21.447      0.000
    ATALCURG$4         1.440      0.056     25.904      0.000
    ATALCPRB$1         1.282      0.051     25.105      0.000
    ATALCPRB$2         1.434      0.055     25.884      0.000
    ATALCPRB$3         1.719      0.066     25.887      0.000
    ATALCPRB$4         2.008      0.083     24.177      0.000
    ATALCEXP$1         1.362      0.053     25.587      0.000
    ATALCEXP$2         1.645      0.063     26.060      0.000
    ATALCEXP$3         1.851      0.073     25.299      0.000
    ATALCEXP$4         2.166      0.095     22.683      0.000
    ATALCWOR$1         0.525      0.039     13.339      0.000
    ATALCWOR$2         1.287      0.051     25.140      0.000
    ATALCTRY$1         0.684      0.041     16.759      0.000
    ATALCTRY$2         1.368      0.053     25.615      0.000
    ATTOB3M$1         -0.280      0.038     -7.368      0.000
    ATTOB3M$2         -0.102      0.038     -2.718      0.007
    ATTOB3M$3         -0.003      0.037     -0.090      0.929
    ATTOB3M$4          0.140      0.038      3.732      0.000
    ATTOBURG$1        -0.064      0.037     -1.702      0.089
    ATTOBURG$2         0.039      0.037      1.045      0.296
    ATTOBURG$3         0.095      0.037      2.538      0.011
    ATTOBURG$4         0.264      0.038      6.951      0.000
    ATTOBPRB$1         0.865      0.043     20.115      0.000
    ATTOBPRB$2         1.033      0.046     22.617      0.000
    ATTOBPRB$3         1.205      0.049     24.490      0.000
    ATTOBPRB$4         1.346      0.053     25.499      0.000
    ATTOBWOR$1        -0.021      0.037     -0.567      0.570
    ATTOBWOR$2         0.607      0.040     15.146      0.000
    ATTOBTRY$1        -0.131      0.038     -3.494      0.000
    ATTOBTRY$2         0.667      0.041     16.415      0.000

 Variances
    F1                 1.000      0.000    999.000    999.000
    F2                 1.000      0.000    999.000    999.000
    F3                 1.000      0.000    999.000    999.000


STD Standardization

                                                    Two-Tailed
                    Estimate       S.E.  Est./S.E.    P-Value

 F1       BY
    ATTHC3M            1.127      0.043     26.436      0.000
    ATTHCURG           1.069      0.040     26.999      0.000
    ATTHCPRB           0.856      0.050     17.301      0.000
    ATTHCEXP           0.832      0.045     18.486      0.000
    ATTHCWOR           0.525      0.052     10.136      0.000
    ATTHCTRY           0.553      0.054     10.243      0.000
    ATALC3M            0.016      0.036      0.434      0.664
    ATALCURG          -0.045      0.045     -1.013      0.311
    ATALCPRB          -0.001      0.025     -0.030      0.976
    ATALCEXP           0.019      0.035      0.553      0.580
    ATALCWOR          -0.031      0.048     -0.649      0.516
    ATALCTRY          -0.092      0.050     -1.845      0.065
    ATTOB3M            0.079      0.051      1.552      0.121
    ATTOBURG           0.060      0.052      1.162      0.245
    ATTOBPRB           0.168      0.060      2.813      0.005
    ATTOBWOR           0.015      0.034      0.452      0.651
    ATTOBTRY          -0.008      0.035     -0.244      0.807

 F2       BY
    ATTHC3M            0.001      0.010      0.120      0.904
    ATTHCURG          -0.001      0.013     -0.050      0.960
    ATTHCPRB           0.066      0.062      1.057      0.290
    ATTHCEXP           0.150      0.065      2.318      0.020
    ATTHCWOR          -0.270      0.051     -5.258      0.000
    ATTHCTRY          -0.114      0.053     -2.143      0.032
    ATALC3M            0.928      0.032     28.656      0.000
    ATALCURG           0.925      0.028     32.837      0.000
    ATALCPRB           0.780      0.036     21.875      0.000
    ATALCEXP           0.808      0.037     21.827      0.000
    ATALCWOR           0.393      0.040      9.846      0.000
    ATALCTRY           0.385      0.043      8.867      0.000
    ATTOB3M            0.017      0.019      0.911      0.362
    ATTOBURG          -0.010      0.014     -0.730      0.465
    ATTOBPRB           0.058      0.056      1.036      0.300
    ATTOBWOR          -0.228      0.047     -4.849      0.000
    ATTOBTRY          -0.130      0.052     -2.488      0.013

 F3       BY
    ATTHC3M           -0.395      0.077     -5.160      0.000
    ATTHCURG          -0.295      0.073     -4.053      0.000
    ATTHCPRB           0.058      0.064      0.896      0.370
    ATTHCEXP          -0.009      0.010     -0.908      0.364
    ATTHCWOR           0.120      0.061      1.968      0.049
    ATTHCTRY           0.167      0.058      2.888      0.004
    ATALC3M           -0.233      0.042     -5.593      0.000
    ATALCURG           0.016      0.022      0.705      0.481
    ATALCPRB           0.291      0.055      5.329      0.000
    ATALCEXP           0.300      0.057      5.226      0.000
    ATALCWOR           0.354      0.043      8.138      0.000
    ATALCTRY           0.379      0.045      8.356      0.000
    ATTOB3M            0.706      0.038     18.608      0.000
    ATTOBURG           0.751      0.037     20.216      0.000
    ATTOBPRB           0.698      0.043     16.118      0.000
    ATTOBWOR           0.815      0.033     24.661      0.000
    ATTOBTRY           0.851      0.029     29.304      0.000

 F2       WITH
    F1                 0.406      0.049      8.257      0.000

 F3       WITH
    F1                 0.470      0.060      7.884      0.000
    F2                 0.281      0.057      4.933      0.000

 ATALCTRY WITH
    ATALCWOR           0.382      0.029     13.331      0.000
    ATTHCTRY           0.392      0.033     11.743      0.000

 ATTOBURG WITH
    ATTOB3M            0.389      0.038     10.342      0.000

 ATALCWOR WITH
    ATTHCWOR           0.399      0.034     11.794      0.000

 ATTHCTRY WITH
    ATTHCWOR           0.339      0.035      9.612      0.000

 Thresholds
    ATTHC3M$1          0.577      0.040     14.507      0.000
    ATTHC3M$2          0.811      0.042     19.183      0.000
    ATTHC3M$3          1.003      0.045     22.217      0.000
    ATTHC3M$4          1.303      0.052     25.243      0.000
    ATTHCURG$1         0.792      0.042     18.850      0.000
    ATTHCURG$2         0.953      0.044     21.499      0.000
    ATTHCURG$3         1.100      0.047     23.434      0.000
    ATTHCURG$4         1.346      0.053     25.499      0.000
    ATTHCPRB$1         1.564      0.060     26.115      0.000
    ATTHCPRB$2         1.719      0.066     25.887      0.000
    ATTHCPRB$3         1.903      0.076     24.976      0.000
    ATTHCPRB$4         2.143      0.094     22.919      0.000
    ATTHCEXP$1         1.628      0.062     26.084      0.000
    ATTHCEXP$2         1.851      0.073     25.299      0.000
    ATTHCEXP$3         2.008      0.083     24.177      0.000
    ATTHCEXP$4         2.301      0.109     21.170      0.000
    ATTHCWOR$1         0.833      0.043     19.569      0.000
    ATTHCWOR$2         1.672      0.064     26.011      0.000
    ATTHCTRY$1         0.898      0.043     20.654      0.000
    ATTHCTRY$2         1.620      0.062     26.093      0.000
    ATALC3M$1         -0.298      0.038     -7.844      0.000
    ATALC3M$2          0.152      0.038      4.031      0.000
    ATALC3M$3          0.653      0.040     16.128      0.000
    ATALC3M$4          1.391      0.054     25.722      0.000
    ATALCURG$1         0.430      0.039     11.104      0.000
    ATALCURG$2         0.698      0.041     17.045      0.000
    ATALCURG$3         0.949      0.044     21.447      0.000
    ATALCURG$4         1.440      0.056     25.904      0.000
    ATALCPRB$1         1.282      0.051     25.105      0.000
    ATALCPRB$2         1.434      0.055     25.884      0.000
    ATALCPRB$3         1.719      0.066     25.887      0.000
    ATALCPRB$4         2.008      0.083     24.177      0.000
    ATALCEXP$1         1.362      0.053     25.587      0.000
    ATALCEXP$2         1.645      0.063     26.060      0.000
    ATALCEXP$3         1.851      0.073     25.299      0.000
    ATALCEXP$4         2.166      0.095     22.683      0.000
    ATALCWOR$1         0.525      0.039     13.339      0.000
    ATALCWOR$2         1.287      0.051     25.140      0.000
    ATALCTRY$1         0.684      0.041     16.759      0.000
    ATALCTRY$2         1.368      0.053     25.615      0.000
    ATTOB3M$1         -0.280      0.038     -7.368      0.000
    ATTOB3M$2         -0.102      0.038     -2.718      0.007
    ATTOB3M$3         -0.003      0.037     -0.090      0.929
    ATTOB3M$4          0.140      0.038      3.732      0.000
    ATTOBURG$1        -0.064      0.037     -1.702      0.089
    ATTOBURG$2         0.039      0.037      1.045      0.296
    ATTOBURG$3         0.095      0.037      2.538      0.011
    ATTOBURG$4         0.264      0.038      6.951      0.000
    ATTOBPRB$1         0.865      0.043     20.115      0.000
    ATTOBPRB$2         1.033      0.046     22.617      0.000
    ATTOBPRB$3         1.205      0.049     24.490      0.000
    ATTOBPRB$4         1.346      0.053     25.499      0.000
    ATTOBWOR$1        -0.021      0.037     -0.567      0.570
    ATTOBWOR$2         0.607      0.040     15.146      0.000
    ATTOBTRY$1        -0.131      0.038     -3.494      0.000
    ATTOBTRY$2         0.667      0.041     16.415      0.000

 Variances
    F1                 1.000      0.000    999.000    999.000
    F2                 1.000      0.000    999.000    999.000
    F3                 1.000      0.000    999.000    999.000


R-SQUARE

    Observed                                        Two-Tailed   Residual
    Variable        Estimate       S.E.  Est./S.E.    P-Value    Variance

    ATTHC3M         Undefined   0.10088E+01                       -0.009
    ATTHCURG           0.933      0.029     31.894      0.000      0.067
    ATTHCPRB           0.836      0.044     18.798      0.000      0.164
    ATTHCEXP           0.808      0.047     17.236      0.000      0.192
    ATTHCWOR           0.289      0.040      7.243      0.000      0.711
    ATTHCTRY           0.372      0.040      9.287      0.000      0.628
    ATALC3M            0.803      0.035     22.800      0.000      0.197
    ATALCURG           0.831      0.031     26.769      0.000      0.169
    ATALCPRB           0.819      0.037     22.024      0.000      0.181
    ATALCEXP           0.897      0.038     23.382      0.000      0.103
    ATALCWOR           0.339      0.033     10.201      0.000      0.661
    ATALCTRY           0.321      0.034      9.365      0.000      0.679
    ATTOB3M            0.565      0.041     13.692      0.000      0.435
    ATTOBURG           0.605      0.042     14.439      0.000      0.395
    ATTOBPRB           0.659      0.039     17.087      0.000      0.341
    ATTOBWOR           0.621      0.035     17.851      0.000      0.379
    ATTOBTRY           0.674      0.036     18.608      0.000      0.326


QUALITY OF NUMERICAL RESULTS

     Condition Number for the Information Matrix              0.350E-05
       (ratio of smallest to largest eigenvalue)


MODEL MODIFICATION INDICES

Minimum M.I. value for printing the modification index    10.000

                                   M.I.     E.P.C.  Std E.P.C.  StdYX E.P.C.

ON/BY Statements

ATTHC3M  ON F3       /
F3       BY ATTHC3M              999.000     0.000      0.000        0.000
ATTHCURG ON F3       /
F3       BY ATTHCURG             999.000     0.000      0.000        0.000

ON Statements

F3       ON ATTHC3M              999.000     0.000      0.000        0.000
F3       ON ATTHCURG             999.000     0.000      0.000        0.000
ATTHC3M  ON ATTHCURG              35.575     0.322      0.322        0.322
ATTHC3M  ON ATTHCTRY              10.974    -0.135     -0.135       -0.135
ATTHC3M  ON ATTOB3M               18.207     0.196      0.196        0.196
ATTHCURG ON ATTHC3M               35.585     0.322      0.322        0.322
ATTHCURG ON ATTOB3M               13.461     0.168      0.168        0.168
ATTHCURG ON ATTOBURG              16.956     0.191      0.191        0.191
ATTHCPRB ON ATTHCTRY              10.550     0.127      0.127        0.127
ATTHCPRB ON ATTOBPRB              14.444     0.178      0.178        0.178
ATTHCEXP ON ATTHCTRY              15.666     0.154      0.154        0.154
ATTHCWOR ON ATTHCTRY              40.808     0.664      0.664        0.664
ATTHCWOR ON ATALCWOR              40.777     0.682      0.682        0.682
ATTHCWOR ON ATALCTRY              40.804     0.260      0.260        0.260
ATTHCWOR ON ATTOB3M               62.654    -0.332     -0.332       -0.332
ATTHCWOR ON ATTOBURG              47.429    -0.295     -0.295       -0.295
ATTHCWOR ON ATTOBWOR              45.335     0.269      0.269        0.269
ATTHCTRY ON ATTHCEXP              13.292     0.150      0.150        0.150
ATTHCTRY ON ATTHCWOR              27.210     0.496      0.496        0.496
ATTHCTRY ON ATALC3M               10.576    -0.137     -0.137       -0.137
ATTHCTRY ON ATALCWOR              27.216     0.198      0.198        0.198
ATTHCTRY ON ATALCTRY              27.237     0.519      0.519        0.519
ATTHCTRY ON ATTOB3M               32.703    -0.244     -0.244       -0.244
ATTHCTRY ON ATTOBURG              24.393    -0.213     -0.213       -0.213
ATTHCTRY ON ATTOBTRY              13.358     0.142      0.142        0.142
ATALC3M  ON ATTHCWOR              30.743    -0.200     -0.200       -0.200
ATALC3M  ON ATTHCTRY              43.934    -0.243     -0.243       -0.243
ATALC3M  ON ATALCURG              51.232     0.276      0.276        0.276
ATALC3M  ON ATALCWOR              55.007    -0.220     -0.220       -0.220
ATALC3M  ON ATALCTRY              77.517    -0.269     -0.269       -0.269
ATALC3M  ON ATTOB3M               21.901     0.179      0.179        0.179
ATALC3M  ON ATTOBURG              17.491     0.162      0.162        0.162
ATALC3M  ON ATTOBWOR              11.184     0.135      0.135        0.135
ATALCURG ON ATALC3M               51.224     0.276      0.276        0.276
ATALCURG ON ATALCPRB              17.682    -0.155     -0.155       -0.155
ATALCURG ON ATALCEXP              15.956    -0.153     -0.153       -0.153
ATALCURG ON ATTOB3M               12.038     0.138      0.138        0.138
ATALCURG ON ATTOBURG              20.669     0.182      0.182        0.182
ATALCPRB ON ATALCURG              17.686    -0.155     -0.155       -0.155
ATALCPRB ON ATALCWOR              23.186     0.157      0.157        0.157
ATALCPRB ON ATALCTRY              30.039     0.188      0.188        0.188
ATALCPRB ON ATTOB3M               14.745    -0.190     -0.190       -0.190
ATALCPRB ON ATTOBURG              17.007    -0.203     -0.203       -0.203
ATALCPRB ON ATTOBPRB              13.221     0.156      0.156        0.156
ATALCEXP ON ATTHCWOR              15.533     0.176      0.176        0.176
ATALCEXP ON ATTHCTRY              23.032     0.209      0.209        0.209
ATALCEXP ON ATALCURG              15.962    -0.153     -0.153       -0.153
ATALCEXP ON ATALCWOR              39.221     0.203      0.203        0.203
ATALCEXP ON ATALCTRY              61.030     0.260      0.260        0.260
ATALCEXP ON ATTOBWOR              11.381    -0.172     -0.172       -0.172
ATALCWOR ON ATTHCWOR              27.184     0.584      0.584        0.584
ATALCWOR ON ATTHCTRY              27.206     0.198      0.198        0.198
ATALCWOR ON ATALC3M               21.745    -0.150     -0.150       -0.150
ATALCWOR ON ATALCPRB              12.117     0.120      0.120        0.120
ATALCWOR ON ATALCEXP              13.873     0.127      0.127        0.127
ATALCWOR ON ATALCTRY              27.206     0.505      0.505        0.505
ATALCWOR ON ATTOB3M               39.989    -0.237     -0.237       -0.237
ATALCWOR ON ATTOBURG              35.368    -0.224     -0.224       -0.224
ATALCWOR ON ATTOBPRB              13.406    -0.148     -0.148       -0.148
ATALCWOR ON ATTOBWOR              29.206     0.187      0.187        0.187
ATALCTRY ON ATTHCWOR              40.828     0.260      0.260        0.260
ATALCTRY ON ATTHCTRY              40.897     0.769      0.769        0.769
ATALCTRY ON ATALC3M               44.863    -0.221     -0.221       -0.221
ATALCTRY ON ATALCPRB              17.254     0.153      0.153        0.153
ATALCTRY ON ATALCEXP              41.484     0.227      0.227        0.227
ATALCTRY ON ATALCWOR              40.860     0.653      0.653        0.653
ATALCTRY ON ATTOB3M               46.569    -0.271     -0.271       -0.271
ATALCTRY ON ATTOBURG              40.851    -0.255     -0.255       -0.255
ATALCTRY ON ATTOBTRY              18.872     0.156      0.156        0.156
ATTOB3M  ON ATTHC3M               13.341     0.169      0.169        0.169
ATTOB3M  ON ATTHCWOR              77.879    -0.332     -0.332       -0.332
ATTOB3M  ON ATTHCTRY              63.780    -0.308     -0.308       -0.308
ATTOB3M  ON ATALC3M               13.277     0.140      0.140        0.140
ATTOB3M  ON ATALCWOR              65.233    -0.277     -0.277       -0.277
ATTOB3M  ON ATALCTRY              63.101    -0.288     -0.288       -0.288
ATTOB3M  ON ATTOBPRB              25.801     0.180      0.180        0.180
ATTOBURG ON ATTHCURG              10.103     0.149      0.149        0.149
ATTOBURG ON ATTHCWOR              42.984    -0.251     -0.251       -0.251
ATTOBURG ON ATTHCTRY              35.035    -0.232     -0.232       -0.232
ATTOBURG ON ATALCURG              14.421     0.154      0.154        0.154
ATTOBURG ON ATALCPRB              10.103    -0.160     -0.160       -0.160
ATTOBURG ON ATALCWOR              43.938    -0.229     -0.229       -0.229
ATTOBURG ON ATALCTRY              43.069    -0.240     -0.240       -0.240
ATTOBURG ON ATTOBPRB              17.153     0.138      0.138        0.138
ATTOBPRB ON ATTHCPRB              14.447     0.178      0.178        0.178
ATTOBPRB ON ATTHCTRY              11.817    -0.138     -0.138       -0.138
ATTOBPRB ON ATALCPRB              13.217     0.156      0.156        0.156
ATTOBPRB ON ATALCWOR              20.731    -0.167     -0.167       -0.167
ATTOBPRB ON ATALCTRY              20.865    -0.171     -0.171       -0.171
ATTOBPRB ON ATTOB3M               48.935     0.255      0.255        0.255
ATTOBPRB ON ATTOBURG              38.693     0.215      0.215        0.215
ATTOBPRB ON ATTOBTRY              22.294    -0.166     -0.166       -0.166
ATTOBWOR ON ATTHCWOR              59.337     0.273      0.273        0.273
ATTOBWOR ON ATALC3M               11.185     0.135      0.135        0.135
ATTOBWOR ON ATALCEXP              11.383    -0.172     -0.172       -0.172
ATTOBWOR ON ATALCWOR              39.810     0.199      0.199        0.199
ATTOBWOR ON ATTOB3M               10.645     0.118      0.118        0.118
ATTOBTRY ON ATTHCTRY              18.950     0.152      0.152        0.152
ATTOBTRY ON ATALCTRY              24.338     0.161      0.161        0.161
ATTOBTRY ON ATTOB3M               14.053     0.137      0.137        0.137
ATTOBTRY ON ATTOBURG              13.623     0.132      0.132        0.132
ATTOBTRY ON ATTOBPRB              22.295    -0.166     -0.166       -0.166

WITH Statements

ATTHC3M  WITH F3                 999.000     0.000      0.000      999.000
ATTHCURG WITH F3                 999.000     0.000      0.000        0.000
ATTHCURG WITH ATTHC3M             35.580     0.322      0.322      999.000
ATTHCTRY WITH ATTHCEXP            13.293     0.150      0.150        0.432
ATALC3M  WITH ATTHCTRY            10.577    -0.137     -0.137       -0.389
ATALCURG WITH ATALC3M             51.225     0.276      0.276        1.513
ATALCPRB WITH ATALCURG            17.684    -0.155     -0.155       -0.886
ATALCEXP WITH ATALCURG            15.959    -0.153     -0.153       -1.160
ATALCWOR WITH ATTHCTRY            27.213     0.198      0.198        0.307
ATALCWOR WITH ATALC3M             21.736    -0.150     -0.150       -0.416
ATALCWOR WITH ATALCPRB            12.125     0.120      0.120        0.347
ATALCWOR WITH ATALCEXP            13.881     0.127      0.127        0.487
ATALCTRY WITH ATTHCWOR            40.809     0.260      0.260        0.375
ATALCTRY WITH ATALC3M             44.872    -0.221     -0.221       -0.605
ATALCTRY WITH ATALCPRB            17.241     0.153      0.153        0.436
ATALCTRY WITH ATALCEXP            41.463     0.227      0.227        0.858
ATTOB3M  WITH ATTHC3M             13.331     0.169      0.169      999.000
ATTOB3M  WITH ATTHCWOR            39.227    -0.264     -0.264       -0.476
ATTOB3M  WITH ATTHCTRY            20.680    -0.196     -0.196       -0.374
ATTOB3M  WITH ATALC3M             13.279     0.140      0.140        0.478
ATTOB3M  WITH ATALCWOR            22.812    -0.180     -0.180       -0.336
ATTOB3M  WITH ATALCTRY            26.783    -0.207     -0.207       -0.381
ATTOBURG WITH ATTHCURG            10.107     0.149      0.149        0.915
ATTOBURG WITH ATTHCWOR            19.842    -0.192     -0.192       -0.363
ATTOBURG WITH ATTHCTRY            10.226    -0.140     -0.140       -0.281
ATTOBURG WITH ATALCURG            14.434     0.154      0.154        0.595
ATTOBURG WITH ATALCPRB            10.087    -0.159     -0.159       -0.597
ATTOBURG WITH ATALCWOR            17.011    -0.157     -0.157       -0.307
ATTOBURG WITH ATALCTRY            19.554    -0.178     -0.178       -0.344
ATTOBPRB WITH ATTHCPRB            14.445     0.178      0.178        0.754
ATTOBPRB WITH ATALCPRB            13.217     0.156      0.156        0.628
ATTOBPRB WITH ATALCWOR            13.402    -0.148     -0.148       -0.313
ATTOBPRB WITH ATTOB3M             25.798     0.180      0.180        0.467
ATTOBPRB WITH ATTOBURG            17.164     0.138      0.138        0.376
ATTOBWOR WITH ATTHCWOR            45.336     0.269      0.269        0.518
ATTOBWOR WITH ATALC3M             11.184     0.135      0.135        0.492
ATTOBWOR WITH ATALCEXP            11.385    -0.172     -0.172       -0.869
ATTOBWOR WITH ATALCWOR            29.206     0.187      0.187        0.373
ATTOBTRY WITH ATTHCTRY            13.360     0.142      0.142        0.314
ATTOBTRY WITH ATALCTRY            18.860     0.156      0.156        0.331
ATTOBTRY WITH ATTOBPRB            22.295    -0.166     -0.166       -0.497


SAVEDATA INFORMATION


  Difference testing

  Save file
    deriv_etoh_tob_thc_03_f.dat
  Save format      Free

     Beginning Time:  03:43:37
        Ending Time:  03:43:38
       Elapsed Time:  00:00:01



MUTHEN & MUTHEN
3463 Stoner Ave.
Los Angeles, CA  90066

Tel: (310) 391-9971
Fax: (310) 391-8971
Web: www.StatModel.com
Support: Support@StatModel.com

Copyright (c) 1998-2019 Muthen & Muthen
