Mplus VERSION 8.4 (Mac)
MUTHEN & MUTHEN
08/01/2020   1:44 AM

INPUT INSTRUCTIONS


  TITLE: ESEM of ASSIST ETOH_TOB Model

  DATA: FILE = data.etoh_tob.dems.dat;

  !Old location sequence
  !c:\Users\ndmcgee\Desktop\data.etoh.dems.07.dat;

  VARIABLE: NAMES = ATALC3M  ATALCURG ATALCPRB ATALCEXP ATALCWOR
                    ATALCTRY ATTOB3M  ATTOBURG ATTOBPRB ATTOBWOR
                    ATTOBTRY GENDER   AGE      RACE     EDU
                    JOB      MARTL;

            USEVARIABLES ARE ATALC3M  ATALCURG ATALCPRB ATALCEXP ATALCWOR
                      ATALCTRY ATTOB3M  ATTOBURG ATTOBPRB ATTOBWOR
                      ATTOBTRY;

      CATEGORICAL = ATALC3M  ATALCURG ATALCPRB ATALCEXP ATALCWOR
                    ATALCTRY ATTOB3M  ATTOBURG ATTOBPRB ATTOBWOR
                    ATTOBTRY;

      missing are all (-999);

     ANALYSIS:
     	TYPE = GENERAL;
     	ESTIMATOR = WLSMV;
      ITERATIONS = 10000;
     	CONVERGENCE = 0.00005;
     	!DIFFTEST = deriv_01.dat;

      MODEL:
      f1 by ATALC3M  ATALCURG ATALCPRB ATALCEXP ATALCWOR
            ATALCTRY ATTOB3M  ATTOBURG ATTOBPRB ATTOBWOR
            ATTOBTRY (*1);


      OUTPUT: STANDARDIZED MODINDICES (ALL);

      SAVEDATA: DIFFTEST IS deriv_01.dat;






INPUT READING TERMINATED NORMALLY



ESEM of ASSIST ETOH_TOB Model

SUMMARY OF ANALYSIS

Number of groups                                                 1
Number of observations                                        1433

Number of dependent variables                                   11
Number of independent variables                                  0
Number of continuous latent variables                            1

Observed dependent variables

  Binary and ordered categorical (ordinal)
   ATALC3M     ATALCURG    ATALCPRB    ATALCEXP    ATALCWOR    ATALCTRY
   ATTOB3M     ATTOBURG    ATTOBPRB    ATTOBWOR    ATTOBTRY

Continuous latent variables

  EFA factors
  *1:   F1


Estimator                                                    WLSMV
Rotation                                                    GEOMIN
Row standardization                                    CORRELATION
Type of rotation                                           OBLIQUE
Epsilon value                                               Varies
Maximum number of iterations                                 10000
Convergence criterion                                    0.500D-04
Maximum number of steepest descent iterations                   20
Maximum number of iterations for H1                           2000
Convergence criterion for H1                             0.100D-03
Optimization Specifications for the Exploratory Factor Analysis
Rotation Algorithm
  Number of random starts                                       30
  Maximum number of iterations                               10000
  Derivative convergence criterion                       0.100D-04
Parameterization                                             DELTA
Link                                                        PROBIT

Input data file(s)
  data.etoh_tob.dems.dat

Input data format  FREE


SUMMARY OF DATA

     Number of missing data patterns             1


COVARIANCE COVERAGE OF DATA

Minimum covariance coverage value   0.100


     PROPORTION OF DATA PRESENT


           Covariance Coverage
              ATALC3M       ATALCURG      ATALCPRB      ATALCEXP      ATALCWOR
              ________      ________      ________      ________      ________
 ATALC3M        1.000
 ATALCURG       1.000         1.000
 ATALCPRB       1.000         1.000         1.000
 ATALCEXP       1.000         1.000         1.000         1.000
 ATALCWOR       1.000         1.000         1.000         1.000         1.000
 ATALCTRY       1.000         1.000         1.000         1.000         1.000
 ATTOB3M        1.000         1.000         1.000         1.000         1.000
 ATTOBURG       1.000         1.000         1.000         1.000         1.000
 ATTOBPRB       1.000         1.000         1.000         1.000         1.000
 ATTOBWOR       1.000         1.000         1.000         1.000         1.000
 ATTOBTRY       1.000         1.000         1.000         1.000         1.000


           Covariance Coverage
              ATALCTRY      ATTOB3M       ATTOBURG      ATTOBPRB      ATTOBWOR
              ________      ________      ________      ________      ________
 ATALCTRY       1.000
 ATTOB3M        1.000         1.000
 ATTOBURG       1.000         1.000         1.000
 ATTOBPRB       1.000         1.000         1.000         1.000
 ATTOBWOR       1.000         1.000         1.000         1.000         1.000
 ATTOBTRY       1.000         1.000         1.000         1.000         1.000


           Covariance Coverage
              ATTOBTRY
              ________
 ATTOBTRY       1.000


UNIVARIATE PROPORTIONS AND COUNTS FOR CATEGORICAL VARIABLES

    ATALC3M
      Category 1    0.392          562.000
      Category 2    0.190          272.000
      Category 3    0.184          263.000
      Category 4    0.162          232.000
      Category 5    0.073          104.000
    ATALCURG
      Category 1    0.695          996.000
      Category 2    0.084          121.000
      Category 3    0.066           95.000
      Category 4    0.084          120.000
      Category 5    0.070          101.000
    ATALCPRB
      Category 1    0.911         1305.000
      Category 2    0.024           34.000
      Category 3    0.028           40.000
      Category 4    0.020           29.000
      Category 5    0.017           25.000
    ATALCEXP
      Category 1    0.924         1324.000
      Category 2    0.034           49.000
      Category 3    0.015           21.000
      Category 4    0.015           21.000
      Category 5    0.013           18.000
    ATALCWOR
      Category 1    0.736         1054.000
      Category 2    0.178          255.000
      Category 3    0.087          124.000
    ATALCTRY
      Category 1    0.787         1128.000
      Category 2    0.138          198.000
      Category 3    0.075          107.000
    ATTOB3M
      Category 1    0.433          621.000
      Category 2    0.064           92.000
      Category 3    0.040           57.000
      Category 4    0.052           74.000
      Category 5    0.411          589.000
    ATTOBURG
      Category 1    0.518          742.000
      Category 2    0.039           56.000
      Category 3    0.022           31.000
      Category 4    0.057           82.000
      Category 5    0.364          522.000
    ATTOBPRB
      Category 1    0.826         1184.000
      Category 2    0.041           59.000
      Category 3    0.033           47.000
      Category 4    0.022           32.000
      Category 5    0.077          111.000
    ATTOBWOR
      Category 1    0.543          778.000
      Category 2    0.206          295.000
      Category 3    0.251          360.000
    ATTOBTRY
      Category 1    0.496          711.000
      Category 2    0.280          401.000
      Category 3    0.224          321.000



THE MODEL ESTIMATION TERMINATED NORMALLY



MODEL FIT INFORMATION

Number of Free Parameters                       47

Chi-Square Test of Model Fit

          Value                           2787.089*
          Degrees of Freedom                    44
          P-Value                           0.0000

*   The chi-square value for MLM, MLMV, MLR, ULSMV, WLSM and WLSMV cannot be used
    for chi-square difference testing in the regular way.  MLM, MLR and WLSM
    chi-square difference testing is described on the Mplus website.  MLMV, WLSMV,
    and ULSMV difference testing is done using the DIFFTEST option.

RMSEA (Root Mean Square Error Of Approximation)

          Estimate                           0.209
          90 Percent C.I.                    0.202  0.215
          Probability RMSEA <= .05           0.000

CFI/TLI

          CFI                                0.951
          TLI                                0.939

Chi-Square Test of Model Fit for the Baseline Model

          Value                          56187.035
          Degrees of Freedom                    55
          P-Value                           0.0000

SRMR (Standardized Root Mean Square Residual)

          Value                              0.196

Optimum Function Value for Weighted Least-Squares Estimator

          Value                     0.11915758D+01



MODEL RESULTS

                                                    Two-Tailed
                    Estimate       S.E.  Est./S.E.    P-Value

 F1       BY
    ATALC3M            0.590      0.016     36.145      0.000
    ATALCURG           0.786      0.016     48.098      0.000
    ATALCPRB           0.833      0.020     41.555      0.000
    ATALCEXP           0.869      0.020     43.763      0.000
    ATALCWOR           0.617      0.021     29.467      0.000
    ATALCTRY           0.619      0.022     28.105      0.000
    ATTOB3M            0.979      0.009    110.753      0.000
    ATTOBURG           0.985      0.009    112.449      0.000
    ATTOBPRB           0.673      0.022     31.254      0.000
    ATTOBWOR           0.604      0.020     30.448      0.000
    ATTOBTRY           0.645      0.019     34.324      0.000

 Thresholds
    ATALC3M$1         -0.274      0.034     -8.153      0.000
    ATALC3M$2          0.207      0.033      6.204      0.000
    ATALC3M$3          0.724      0.036     19.860      0.000
    ATALC3M$4          1.457      0.050     29.345      0.000
    ATALCURG$1         0.510      0.035     14.694      0.000
    ATALCURG$2         0.770      0.037     20.857      0.000
    ATALCURG$3         1.018      0.040     25.353      0.000
    ATALCURG$4         1.472      0.050     29.389      0.000
    ATALCPRB$1         1.345      0.047     28.826      0.000
    ATALCPRB$2         1.509      0.051     29.471      0.000
    ATALCPRB$3         1.778      0.061     29.017      0.000
    ATALCPRB$4         2.110      0.080     26.291      0.000
    ATALCEXP$1         1.432      0.049     29.259      0.000
    ATALCEXP$2         1.729      0.059     29.230      0.000
    ATALCEXP$3         1.923      0.069     28.078      0.000
    ATALCEXP$4         2.240      0.091     24.736      0.000
    ATALCWOR$1         0.630      0.036     17.682      0.000
    ATALCWOR$2         1.362      0.047     28.930      0.000
    ATALCTRY$1         0.797      0.037     21.400      0.000
    ATALCTRY$2         1.442      0.049     29.295      0.000
    ATTOB3M$1         -0.168      0.033     -5.043      0.000
    ATTOB3M$2         -0.006      0.033     -0.185      0.853
    ATTOB3M$3          0.094      0.033      2.826      0.005
    ATTOB3M$4          0.225      0.033      6.731      0.000
    ATTOBURG$1         0.045      0.033      1.347      0.178
    ATTOBURG$2         0.143      0.033      4.305      0.000
    ATTOBURG$3         0.198      0.033      5.940      0.000
    ATTOBURG$4         0.347      0.034     10.255      0.000
    ATTOBPRB$1         0.939      0.039     24.084      0.000
    ATTOBPRB$2         1.114      0.042     26.672      0.000
    ATTOBPRB$3         1.283      0.045     28.389      0.000
    ATTOBPRB$4         1.422      0.049     29.221      0.000
    ATTOBWOR$1         0.108      0.033      3.249      0.001
    ATTOBWOR$2         0.671      0.036     18.649      0.000
    ATTOBTRY$1        -0.010      0.033     -0.291      0.771
    ATTOBTRY$2         0.759      0.037     20.609      0.000

 Variances
    F1                 1.000      0.000    999.000    999.000


STANDARDIZED MODEL RESULTS


STDYX Standardization

                                                    Two-Tailed
                    Estimate       S.E.  Est./S.E.    P-Value

 F1       BY
    ATALC3M            0.590      0.016     36.145      0.000
    ATALCURG           0.786      0.016     48.098      0.000
    ATALCPRB           0.833      0.020     41.555      0.000
    ATALCEXP           0.869      0.020     43.763      0.000
    ATALCWOR           0.617      0.021     29.467      0.000
    ATALCTRY           0.619      0.022     28.105      0.000
    ATTOB3M            0.979      0.009    110.753      0.000
    ATTOBURG           0.985      0.009    112.449      0.000
    ATTOBPRB           0.673      0.022     31.254      0.000
    ATTOBWOR           0.604      0.020     30.448      0.000
    ATTOBTRY           0.645      0.019     34.324      0.000

 Thresholds
    ATALC3M$1         -0.274      0.034     -8.153      0.000
    ATALC3M$2          0.207      0.033      6.204      0.000
    ATALC3M$3          0.724      0.036     19.860      0.000
    ATALC3M$4          1.457      0.050     29.345      0.000
    ATALCURG$1         0.510      0.035     14.694      0.000
    ATALCURG$2         0.770      0.037     20.857      0.000
    ATALCURG$3         1.018      0.040     25.353      0.000
    ATALCURG$4         1.472      0.050     29.389      0.000
    ATALCPRB$1         1.345      0.047     28.826      0.000
    ATALCPRB$2         1.509      0.051     29.471      0.000
    ATALCPRB$3         1.778      0.061     29.017      0.000
    ATALCPRB$4         2.110      0.080     26.291      0.000
    ATALCEXP$1         1.432      0.049     29.259      0.000
    ATALCEXP$2         1.729      0.059     29.230      0.000
    ATALCEXP$3         1.923      0.069     28.078      0.000
    ATALCEXP$4         2.240      0.091     24.736      0.000
    ATALCWOR$1         0.630      0.036     17.682      0.000
    ATALCWOR$2         1.362      0.047     28.930      0.000
    ATALCTRY$1         0.797      0.037     21.400      0.000
    ATALCTRY$2         1.442      0.049     29.295      0.000
    ATTOB3M$1         -0.168      0.033     -5.043      0.000
    ATTOB3M$2         -0.006      0.033     -0.185      0.853
    ATTOB3M$3          0.094      0.033      2.826      0.005
    ATTOB3M$4          0.225      0.033      6.731      0.000
    ATTOBURG$1         0.045      0.033      1.347      0.178
    ATTOBURG$2         0.143      0.033      4.305      0.000
    ATTOBURG$3         0.198      0.033      5.940      0.000
    ATTOBURG$4         0.347      0.034     10.255      0.000
    ATTOBPRB$1         0.939      0.039     24.084      0.000
    ATTOBPRB$2         1.114      0.042     26.672      0.000
    ATTOBPRB$3         1.283      0.045     28.389      0.000
    ATTOBPRB$4         1.422      0.049     29.221      0.000
    ATTOBWOR$1         0.108      0.033      3.249      0.001
    ATTOBWOR$2         0.671      0.036     18.649      0.000
    ATTOBTRY$1        -0.010      0.033     -0.291      0.771
    ATTOBTRY$2         0.759      0.037     20.609      0.000

 Variances
    F1                 1.000      0.000    999.000    999.000


STDY Standardization

                                                    Two-Tailed
                    Estimate       S.E.  Est./S.E.    P-Value

 F1       BY
    ATALC3M            0.590      0.016     36.145      0.000
    ATALCURG           0.786      0.016     48.098      0.000
    ATALCPRB           0.833      0.020     41.555      0.000
    ATALCEXP           0.869      0.020     43.763      0.000
    ATALCWOR           0.617      0.021     29.467      0.000
    ATALCTRY           0.619      0.022     28.105      0.000
    ATTOB3M            0.979      0.009    110.753      0.000
    ATTOBURG           0.985      0.009    112.449      0.000
    ATTOBPRB           0.673      0.022     31.254      0.000
    ATTOBWOR           0.604      0.020     30.448      0.000
    ATTOBTRY           0.645      0.019     34.324      0.000

 Thresholds
    ATALC3M$1         -0.274      0.034     -8.153      0.000
    ATALC3M$2          0.207      0.033      6.204      0.000
    ATALC3M$3          0.724      0.036     19.860      0.000
    ATALC3M$4          1.457      0.050     29.345      0.000
    ATALCURG$1         0.510      0.035     14.694      0.000
    ATALCURG$2         0.770      0.037     20.857      0.000
    ATALCURG$3         1.018      0.040     25.353      0.000
    ATALCURG$4         1.472      0.050     29.389      0.000
    ATALCPRB$1         1.345      0.047     28.826      0.000
    ATALCPRB$2         1.509      0.051     29.471      0.000
    ATALCPRB$3         1.778      0.061     29.017      0.000
    ATALCPRB$4         2.110      0.080     26.291      0.000
    ATALCEXP$1         1.432      0.049     29.259      0.000
    ATALCEXP$2         1.729      0.059     29.230      0.000
    ATALCEXP$3         1.923      0.069     28.078      0.000
    ATALCEXP$4         2.240      0.091     24.736      0.000
    ATALCWOR$1         0.630      0.036     17.682      0.000
    ATALCWOR$2         1.362      0.047     28.930      0.000
    ATALCTRY$1         0.797      0.037     21.400      0.000
    ATALCTRY$2         1.442      0.049     29.295      0.000
    ATTOB3M$1         -0.168      0.033     -5.043      0.000
    ATTOB3M$2         -0.006      0.033     -0.185      0.853
    ATTOB3M$3          0.094      0.033      2.826      0.005
    ATTOB3M$4          0.225      0.033      6.731      0.000
    ATTOBURG$1         0.045      0.033      1.347      0.178
    ATTOBURG$2         0.143      0.033      4.305      0.000
    ATTOBURG$3         0.198      0.033      5.940      0.000
    ATTOBURG$4         0.347      0.034     10.255      0.000
    ATTOBPRB$1         0.939      0.039     24.084      0.000
    ATTOBPRB$2         1.114      0.042     26.672      0.000
    ATTOBPRB$3         1.283      0.045     28.389      0.000
    ATTOBPRB$4         1.422      0.049     29.221      0.000
    ATTOBWOR$1         0.108      0.033      3.249      0.001
    ATTOBWOR$2         0.671      0.036     18.649      0.000
    ATTOBTRY$1        -0.010      0.033     -0.291      0.771
    ATTOBTRY$2         0.759      0.037     20.609      0.000

 Variances
    F1                 1.000      0.000    999.000    999.000


STD Standardization

                                                    Two-Tailed
                    Estimate       S.E.  Est./S.E.    P-Value

 F1       BY
    ATALC3M            0.590      0.016     36.145      0.000
    ATALCURG           0.786      0.016     48.098      0.000
    ATALCPRB           0.833      0.020     41.555      0.000
    ATALCEXP           0.869      0.020     43.763      0.000
    ATALCWOR           0.617      0.021     29.467      0.000
    ATALCTRY           0.619      0.022     28.105      0.000
    ATTOB3M            0.979      0.009    110.753      0.000
    ATTOBURG           0.985      0.009    112.449      0.000
    ATTOBPRB           0.673      0.022     31.254      0.000
    ATTOBWOR           0.604      0.020     30.448      0.000
    ATTOBTRY           0.645      0.019     34.324      0.000

 Thresholds
    ATALC3M$1         -0.274      0.034     -8.153      0.000
    ATALC3M$2          0.207      0.033      6.204      0.000
    ATALC3M$3          0.724      0.036     19.860      0.000
    ATALC3M$4          1.457      0.050     29.345      0.000
    ATALCURG$1         0.510      0.035     14.694      0.000
    ATALCURG$2         0.770      0.037     20.857      0.000
    ATALCURG$3         1.018      0.040     25.353      0.000
    ATALCURG$4         1.472      0.050     29.389      0.000
    ATALCPRB$1         1.345      0.047     28.826      0.000
    ATALCPRB$2         1.509      0.051     29.471      0.000
    ATALCPRB$3         1.778      0.061     29.017      0.000
    ATALCPRB$4         2.110      0.080     26.291      0.000
    ATALCEXP$1         1.432      0.049     29.259      0.000
    ATALCEXP$2         1.729      0.059     29.230      0.000
    ATALCEXP$3         1.923      0.069     28.078      0.000
    ATALCEXP$4         2.240      0.091     24.736      0.000
    ATALCWOR$1         0.630      0.036     17.682      0.000
    ATALCWOR$2         1.362      0.047     28.930      0.000
    ATALCTRY$1         0.797      0.037     21.400      0.000
    ATALCTRY$2         1.442      0.049     29.295      0.000
    ATTOB3M$1         -0.168      0.033     -5.043      0.000
    ATTOB3M$2         -0.006      0.033     -0.185      0.853
    ATTOB3M$3          0.094      0.033      2.826      0.005
    ATTOB3M$4          0.225      0.033      6.731      0.000
    ATTOBURG$1         0.045      0.033      1.347      0.178
    ATTOBURG$2         0.143      0.033      4.305      0.000
    ATTOBURG$3         0.198      0.033      5.940      0.000
    ATTOBURG$4         0.347      0.034     10.255      0.000
    ATTOBPRB$1         0.939      0.039     24.084      0.000
    ATTOBPRB$2         1.114      0.042     26.672      0.000
    ATTOBPRB$3         1.283      0.045     28.389      0.000
    ATTOBPRB$4         1.422      0.049     29.221      0.000
    ATTOBWOR$1         0.108      0.033      3.249      0.001
    ATTOBWOR$2         0.671      0.036     18.649      0.000
    ATTOBTRY$1        -0.010      0.033     -0.291      0.771
    ATTOBTRY$2         0.759      0.037     20.609      0.000

 Variances
    F1                 1.000      0.000    999.000    999.000


R-SQUARE

    Observed                                        Two-Tailed   Residual
    Variable        Estimate       S.E.  Est./S.E.    P-Value    Variance

    ATALC3M            0.349      0.019     18.072      0.000      0.651
    ATALCURG           0.619      0.026     24.049      0.000      0.381
    ATALCPRB           0.693      0.033     20.778      0.000      0.307
    ATALCEXP           0.756      0.035     21.882      0.000      0.244
    ATALCWOR           0.381      0.026     14.734      0.000      0.619
    ATALCTRY           0.384      0.027     14.053      0.000      0.616
    ATTOB3M            0.958      0.017     55.376      0.000      0.042
    ATTOBURG           0.970      0.017     56.224      0.000      0.030
    ATTOBPRB           0.453      0.029     15.627      0.000      0.547
    ATTOBWOR           0.364      0.024     15.224      0.000      0.636
    ATTOBTRY           0.417      0.024     17.162      0.000      0.583


QUALITY OF NUMERICAL RESULTS

     Condition Number for the Information Matrix              0.872E-03
       (ratio of smallest to largest eigenvalue)


MODEL MODIFICATION INDICES

Minimum M.I. value for printing the modification index    10.000

                                   M.I.     E.P.C.  Std E.P.C.  StdYX E.P.C.

ON Statements

ATALC3M  ON ATALCURG            1048.119     0.729      0.729        0.729
ATALC3M  ON ATALCPRB              29.406     0.218      0.218        0.218
ATALC3M  ON ATALCEXP              20.564     0.195      0.195        0.195
ATALC3M  ON ATALCWOR              11.772    -0.117     -0.117       -0.117
ATALC3M  ON ATALCTRY              23.508    -0.172     -0.172       -0.172
ATALC3M  ON ATTOB3M              153.876    -0.490     -0.490       -0.490
ATALC3M  ON ATTOBURG             185.669    -0.552     -0.552       -0.552
ATALC3M  ON ATTOBPRB              55.985    -0.327     -0.327       -0.327
ATALC3M  ON ATTOBWOR             175.079    -0.490     -0.490       -0.490
ATALC3M  ON ATTOBTRY             157.089    -0.465     -0.465       -0.465
ATALCURG ON ATALC3M             1048.127     0.729      0.729        0.729
ATALCURG ON ATTOB3M              156.489    -0.567     -0.567       -0.567
ATALCURG ON ATTOBURG             143.037    -0.535     -0.535       -0.535
ATALCURG ON ATTOBPRB              39.494    -0.313     -0.313       -0.313
ATALCURG ON ATTOBWOR              97.741    -0.433     -0.433       -0.433
ATALCURG ON ATTOBTRY              93.385    -0.413     -0.413       -0.413
ATALCPRB ON ATALC3M               29.410     0.218      0.218        0.218
ATALCPRB ON ATALCEXP              72.385     0.304      0.304        0.304
ATALCPRB ON ATTOB3M               73.397    -0.542     -0.542       -0.542
ATALCPRB ON ATTOBURG              82.614    -0.558     -0.558       -0.558
ATALCPRB ON ATTOBWOR              35.392    -0.347     -0.347       -0.347
ATALCPRB ON ATTOBTRY              22.863    -0.261     -0.261       -0.261
ATALCEXP ON ATALC3M               20.568     0.195      0.195        0.195
ATALCEXP ON ATALCPRB              72.385     0.304      0.304        0.304
ATALCEXP ON ATALCTRY              15.396     0.169      0.169        0.169
ATALCEXP ON ATTOB3M               64.940    -0.527     -0.527       -0.527
ATALCEXP ON ATTOBURG              77.508    -0.570     -0.570       -0.570
ATALCEXP ON ATTOBWOR              38.803    -0.374     -0.374       -0.374
ATALCEXP ON ATTOBTRY              24.153    -0.282     -0.282       -0.282
ATALCWOR ON ATALC3M               11.771    -0.117     -0.117       -0.117
ATALCWOR ON ATALCTRY             282.371     0.484      0.484        0.484
ATALCWOR ON ATTOB3M               77.220    -0.416     -0.416       -0.416
ATALCWOR ON ATTOBURG              69.184    -0.397     -0.397       -0.397
ATALCTRY ON ATALC3M               23.509    -0.172     -0.172       -0.172
ATALCTRY ON ATALCEXP              15.391     0.169      0.169        0.169
ATALCTRY ON ATALCWOR             282.364     0.484      0.484        0.484
ATALCTRY ON ATTOB3M               76.277    -0.441     -0.441       -0.441
ATALCTRY ON ATTOBURG              71.170    -0.429     -0.429       -0.429
ATTOB3M  ON ATALC3M              153.862    -0.490     -0.490       -0.490
ATTOB3M  ON ATALCURG             156.480    -0.567     -0.567       -0.567
ATTOB3M  ON ATALCPRB              73.392    -0.542     -0.542       -0.542
ATTOB3M  ON ATALCEXP              64.935    -0.527     -0.527       -0.527
ATTOB3M  ON ATALCWOR              77.213    -0.416     -0.416       -0.416
ATTOB3M  ON ATALCTRY              76.259    -0.441     -0.441       -0.441
ATTOB3M  ON ATTOBURG             508.594     0.676      0.676        0.676
ATTOBURG ON ATALC3M              185.661    -0.552     -0.552       -0.552
ATTOBURG ON ATALCURG             143.038    -0.535     -0.535       -0.535
ATTOBURG ON ATALCPRB              82.619    -0.559     -0.559       -0.559
ATTOBURG ON ATALCEXP              77.514    -0.570     -0.570       -0.570
ATTOBURG ON ATALCWOR              69.183    -0.397     -0.397       -0.397
ATTOBURG ON ATALCTRY              71.158    -0.429     -0.429       -0.429
ATTOBURG ON ATTOB3M              508.579     0.676      0.676        0.676
ATTOBPRB ON ATALC3M               55.981    -0.327     -0.327       -0.327
ATTOBPRB ON ATALCURG              39.493    -0.313     -0.313       -0.313
ATTOBPRB ON ATTOBWOR              22.788     0.180      0.180        0.180
ATTOBPRB ON ATTOBTRY              17.948     0.158      0.158        0.158
ATTOBWOR ON ATALC3M              175.080    -0.490     -0.490       -0.490
ATTOBWOR ON ATALCURG              97.747    -0.433     -0.433       -0.433
ATTOBWOR ON ATALCPRB              35.398    -0.347     -0.347       -0.347
ATTOBWOR ON ATALCEXP              38.811    -0.374     -0.374       -0.374
ATTOBWOR ON ATTOBPRB              22.786     0.180      0.180        0.180
ATTOBWOR ON ATTOBTRY             206.868     0.380      0.380        0.380
ATTOBTRY ON ATALC3M              157.085    -0.465     -0.465       -0.465
ATTOBTRY ON ATALCURG              93.387    -0.413     -0.413       -0.413
ATTOBTRY ON ATALCPRB              22.865    -0.261     -0.261       -0.261
ATTOBTRY ON ATALCEXP              24.156    -0.283     -0.283       -0.283
ATTOBTRY ON ATTOBPRB              17.947     0.158      0.158        0.158
ATTOBTRY ON ATTOBWOR             206.871     0.380      0.380        0.380

WITH Statements

ATALCURG WITH ATALC3M           1048.121     0.729      0.729        1.463
ATALCPRB WITH ATALC3M             29.407     0.218      0.218        0.489
ATALCEXP WITH ATALC3M             20.565     0.195      0.195        0.488
ATALCEXP WITH ATALCPRB            72.379     0.304      0.304        1.110
ATALCWOR WITH ATALC3M             11.772    -0.117     -0.117       -0.185
ATALCTRY WITH ATALC3M             23.507    -0.172     -0.172       -0.271
ATALCTRY WITH ATALCEXP            15.394     0.169      0.169        0.435
ATALCTRY WITH ATALCWOR           282.369     0.484      0.484        0.783
ATTOB3M  WITH ATALC3M            153.873    -0.490     -0.490       -2.961
ATTOB3M  WITH ATALCURG           156.497    -0.567     -0.567       -4.475
ATTOB3M  WITH ATALCPRB            73.409    -0.542     -0.542       -4.771
ATTOB3M  WITH ATALCEXP            64.953    -0.527     -0.527       -5.202
ATTOB3M  WITH ATALCWOR            77.223    -0.416     -0.416       -2.581
ATTOB3M  WITH ATALCTRY            76.269    -0.441     -0.441       -2.739
ATTOBURG WITH ATALC3M            185.666    -0.552     -0.552       -3.966
ATTOBURG WITH ATALCURG           143.044    -0.535     -0.535       -5.023
ATTOBURG WITH ATALCPRB            82.626    -0.559     -0.559       -5.850
ATTOBURG WITH ATALCEXP            77.522    -0.570     -0.570       -6.691
ATTOBURG WITH ATALCWOR            69.187    -0.397     -0.397       -2.927
ATTOBURG WITH ATALCTRY            71.163    -0.429     -0.429       -3.171
ATTOBURG WITH ATTOB3M            508.569     0.676      0.676       19.103
ATTOBPRB WITH ATALC3M             55.984    -0.327     -0.327       -0.548
ATTOBPRB WITH ATALCURG            39.497    -0.313     -0.313       -0.685
ATTOBWOR WITH ATALC3M            175.078    -0.490     -0.490       -0.762
ATTOBWOR WITH ATALCURG            97.745    -0.433     -0.433       -0.879
ATTOBWOR WITH ATALCPRB            35.396    -0.347     -0.347       -0.785
ATTOBWOR WITH ATALCEXP            38.809    -0.374     -0.374       -0.950
ATTOBWOR WITH ATTOBPRB            22.786     0.180      0.180        0.305
ATTOBTRY WITH ATALC3M            157.087    -0.465     -0.465       -0.754
ATTOBTRY WITH ATALCURG            93.389    -0.413     -0.413       -0.876
ATTOBTRY WITH ATALCPRB            22.867    -0.261     -0.261       -0.618
ATTOBTRY WITH ATALCEXP            24.158    -0.283     -0.283       -0.749
ATTOBTRY WITH ATTOBPRB            17.946     0.158      0.158        0.280
ATTOBTRY WITH ATTOBWOR           206.870     0.380      0.380        0.623


SAVEDATA INFORMATION


  Difference testing

  Save file
    deriv_01.dat
  Save format      Free

     Beginning Time:  01:44:43
        Ending Time:  01:44:43
       Elapsed Time:  00:00:00



MUTHEN & MUTHEN
3463 Stoner Ave.
Los Angeles, CA  90066

Tel: (310) 391-9971
Fax: (310) 391-8971
Web: www.StatModel.com
Support: Support@StatModel.com

Copyright (c) 1998-2019 Muthen & Muthen
