Mplus VERSION 8.4 (Mac)
MUTHEN & MUTHEN
08/01/2020   3:30 AM

INPUT INSTRUCTIONS


  TITLE: ESEM of ASSIST ETOH_TOB Model

  DATA: FILE = data.etoh_tob_thc.dems.dat;

  !Old location sequence
  !c:\Users\ndmcgee\Desktop\data.etoh.dems.07.dat;

  VARIABLE: NAMES =  ATTHC3M ATTHCURG ATTHCPRB
                     ATTHCEXP ATTHCWOR ATTHCTRY
  	         ATALC3M  ATALCURG ATALCPRB
  	         ATALCEXP ATALCWOR ATALCTRY
  	         ATTOB3M  ATTOBURG ATTOBPRB
  	         ATTOBWOR ATTOBTRY GENDER
  	         AGE      RACE     EDU
                     JOB      MARTL;



            USEVARIABLES ARE 	ATTHC3M ATTHCURG ATTHCPRB
                             	ATTHCEXP ATTHCWOR ATTHCTRY
  	         		ATALC3M  ATALCURG ATALCPRB
  	         		ATALCEXP ATALCWOR ATALCTRY
  	         		ATTOB3M  ATTOBURG ATTOBPRB
  	         		ATTOBWOR ATTOBTRY;

      CATEGORICAL = ATTHC3M ATTHCURG ATTHCPRB
                             	ATTHCEXP ATTHCWOR ATTHCTRY
  	         		ATALC3M  ATALCURG ATALCPRB
  	         		ATALCEXP ATALCWOR ATALCTRY
  	         		ATTOB3M  ATTOBURG ATTOBPRB
  	         		ATTOBWOR ATTOBTRY;

      missing are all (-999);

     ANALYSIS:
     	TYPE = GENERAL;
     	ESTIMATOR = WLSMV;
      	ITERATIONS = 10000;
     	CONVERGENCE = 0.00005;
     	DIFFTEST = deriv_etoh_tob_thc_03.dat;

      MODEL:
      	   f1 f2 f3 f4 by 	ATTHC3M ATTHCURG ATTHCPRB
                             	ATTHCEXP ATTHCWOR ATTHCTRY
  	         		ATALC3M  ATALCURG ATALCPRB
  	         		ATALCEXP ATALCWOR ATALCTRY
  	         		ATTOB3M  ATTOBURG ATTOBPRB
  	         		ATTOBWOR ATTOBTRY (*1);
            		



      OUTPUT: STANDARDIZED MODINDICES (ALL);

      SAVEDATA: DIFFTEST IS deriv_etoh_tob_thc_04.dat;






INPUT READING TERMINATED NORMALLY



ESEM of ASSIST ETOH_TOB Model

SUMMARY OF ANALYSIS

Number of groups                                                 1
Number of observations                                        1121

Number of dependent variables                                   17
Number of independent variables                                  0
Number of continuous latent variables                            4

Observed dependent variables

  Binary and ordered categorical (ordinal)
   ATTHC3M     ATTHCURG    ATTHCPRB    ATTHCEXP    ATTHCWOR    ATTHCTRY
   ATALC3M     ATALCURG    ATALCPRB    ATALCEXP    ATALCWOR    ATALCTRY
   ATTOB3M     ATTOBURG    ATTOBPRB    ATTOBWOR    ATTOBTRY

Continuous latent variables

  EFA factors
  *1:   F1          F2          F3          F4


Estimator                                                    WLSMV
Rotation                                                    GEOMIN
Row standardization                                    CORRELATION
Type of rotation                                           OBLIQUE
Epsilon value                                               Varies
Maximum number of iterations                                 10000
Convergence criterion                                    0.500D-04
Maximum number of steepest descent iterations                   20
Maximum number of iterations for H1                           2000
Convergence criterion for H1                             0.100D-03
Optimization Specifications for the Exploratory Factor Analysis
Rotation Algorithm
  Number of random starts                                       30
  Maximum number of iterations                               10000
  Derivative convergence criterion                       0.100D-04
Parameterization                                             DELTA
Link                                                        PROBIT

Input data file(s)
  data.etoh_tob_thc.dems.dat

Input data format  FREE


SUMMARY OF DATA

     Number of missing data patterns             1


COVARIANCE COVERAGE OF DATA

Minimum covariance coverage value   0.100


     PROPORTION OF DATA PRESENT


           Covariance Coverage
              ATTHC3M       ATTHCURG      ATTHCPRB      ATTHCEXP      ATTHCWOR
              ________      ________      ________      ________      ________
 ATTHC3M        1.000
 ATTHCURG       1.000         1.000
 ATTHCPRB       1.000         1.000         1.000
 ATTHCEXP       1.000         1.000         1.000         1.000
 ATTHCWOR       1.000         1.000         1.000         1.000         1.000
 ATTHCTRY       1.000         1.000         1.000         1.000         1.000
 ATALC3M        1.000         1.000         1.000         1.000         1.000
 ATALCURG       1.000         1.000         1.000         1.000         1.000
 ATALCPRB       1.000         1.000         1.000         1.000         1.000
 ATALCEXP       1.000         1.000         1.000         1.000         1.000
 ATALCWOR       1.000         1.000         1.000         1.000         1.000
 ATALCTRY       1.000         1.000         1.000         1.000         1.000
 ATTOB3M        1.000         1.000         1.000         1.000         1.000
 ATTOBURG       1.000         1.000         1.000         1.000         1.000
 ATTOBPRB       1.000         1.000         1.000         1.000         1.000
 ATTOBWOR       1.000         1.000         1.000         1.000         1.000
 ATTOBTRY       1.000         1.000         1.000         1.000         1.000


           Covariance Coverage
              ATTHCTRY      ATALC3M       ATALCURG      ATALCPRB      ATALCEXP
              ________      ________      ________      ________      ________
 ATTHCTRY       1.000
 ATALC3M        1.000         1.000
 ATALCURG       1.000         1.000         1.000
 ATALCPRB       1.000         1.000         1.000         1.000
 ATALCEXP       1.000         1.000         1.000         1.000         1.000
 ATALCWOR       1.000         1.000         1.000         1.000         1.000
 ATALCTRY       1.000         1.000         1.000         1.000         1.000
 ATTOB3M        1.000         1.000         1.000         1.000         1.000
 ATTOBURG       1.000         1.000         1.000         1.000         1.000
 ATTOBPRB       1.000         1.000         1.000         1.000         1.000
 ATTOBWOR       1.000         1.000         1.000         1.000         1.000
 ATTOBTRY       1.000         1.000         1.000         1.000         1.000


           Covariance Coverage
              ATALCWOR      ATALCTRY      ATTOB3M       ATTOBURG      ATTOBPRB
              ________      ________      ________      ________      ________
 ATALCWOR       1.000
 ATALCTRY       1.000         1.000
 ATTOB3M        1.000         1.000         1.000
 ATTOBURG       1.000         1.000         1.000         1.000
 ATTOBPRB       1.000         1.000         1.000         1.000         1.000
 ATTOBWOR       1.000         1.000         1.000         1.000         1.000
 ATTOBTRY       1.000         1.000         1.000         1.000         1.000


           Covariance Coverage
              ATTOBWOR      ATTOBTRY
              ________      ________
 ATTOBWOR       1.000
 ATTOBTRY       1.000         1.000


UNIVARIATE PROPORTIONS AND COUNTS FOR CATEGORICAL VARIABLES

    ATTHC3M
      Category 1    0.718          805.000
      Category 2    0.073           82.000
      Category 3    0.051           57.000
      Category 4    0.062           69.000
      Category 5    0.096          108.000
    ATTHCURG
      Category 1    0.786          881.000
      Category 2    0.044           49.000
      Category 3    0.035           39.000
      Category 4    0.046           52.000
      Category 5    0.089          100.000
    ATTHCPRB
      Category 1    0.941         1055.000
      Category 2    0.016           18.000
      Category 3    0.014           16.000
      Category 4    0.012           14.000
      Category 5    0.016           18.000
    ATTHCEXP
      Category 1    0.948         1063.000
      Category 2    0.020           22.000
      Category 3    0.010           11.000
      Category 4    0.012           13.000
      Category 5    0.011           12.000
    ATTHCWOR
      Category 1    0.798          894.000
      Category 2    0.155          174.000
      Category 3    0.047           53.000
    ATTHCTRY
      Category 1    0.815          914.000
      Category 2    0.132          148.000
      Category 3    0.053           59.000
    ATALC3M
      Category 1    0.383          429.000
      Category 2    0.178          199.000
      Category 3    0.183          205.000
      Category 4    0.175          196.000
      Category 5    0.082           92.000
    ATALCURG
      Category 1    0.666          747.000
      Category 2    0.091          102.000
      Category 3    0.071           80.000
      Category 4    0.096          108.000
      Category 5    0.075           84.000
    ATALCPRB
      Category 1    0.900         1009.000
      Category 2    0.024           27.000
      Category 3    0.033           37.000
      Category 4    0.021           23.000
      Category 5    0.022           25.000
    ATALCEXP
      Category 1    0.913         1024.000
      Category 2    0.037           41.000
      Category 3    0.018           20.000
      Category 4    0.017           19.000
      Category 5    0.015           17.000
    ATALCWOR
      Category 1    0.700          785.000
      Category 2    0.201          225.000
      Category 3    0.099          111.000
    ATALCTRY
      Category 1    0.753          844.000
      Category 2    0.161          181.000
      Category 3    0.086           96.000
    ATTOB3M
      Category 1    0.390          437.000
      Category 2    0.070           78.000
      Category 3    0.039           44.000
      Category 4    0.057           64.000
      Category 5    0.444          498.000
    ATTOBURG
      Category 1    0.475          532.000
      Category 2    0.041           46.000
      Category 3    0.022           25.000
      Category 4    0.066           74.000
      Category 5    0.396          444.000
    ATTOBPRB
      Category 1    0.806          904.000
      Category 2    0.043           48.000
      Category 3    0.037           41.000
      Category 4    0.025           28.000
      Category 5    0.089          100.000
    ATTOBWOR
      Category 1    0.492          551.000
      Category 2    0.236          265.000
      Category 3    0.272          305.000
    ATTOBTRY
      Category 1    0.448          502.000
      Category 2    0.300          336.000
      Category 3    0.252          283.000



THE MODEL ESTIMATION TERMINATED NORMALLY

     WARNING:  THE LATENT VARIABLE COVARIANCE MATRIX (PSI) IS NOT POSITIVE
     DEFINITE.  THIS COULD INDICATE A NEGATIVE VARIANCE/RESIDUAL VARIANCE FOR A
     LATENT VARIABLE, A CORRELATION GREATER OR EQUAL TO ONE BETWEEN TWO LATENT
     VARIABLES, OR A LINEAR DEPENDENCY AMONG MORE THAN TWO LATENT VARIABLES.
     CHECK THE TECH4 OUTPUT FOR MORE INFORMATION.
     PROBLEM INVOLVING VARIABLE ATTHC3M.


     THE CHI-SQUARE DIFFERENCE TEST COULD NOT BE COMPUTED BECAUSE THE H0 MODEL
     IS NOT NESTED IN THE H1 MODEL. THE H1 MODEL HAS 104 PARAMETERS.
     THE H0 MODEL HAS 118 PARAMETERS.

     WARNING:  THE LATENT VARIABLE COVARIANCE MATRIX (PSI) IS NOT POSITIVE
     DEFINITE.  THIS COULD INDICATE A NEGATIVE VARIANCE/RESIDUAL VARIANCE FOR A
     LATENT VARIABLE, A CORRELATION GREATER OR EQUAL TO ONE BETWEEN TWO LATENT
     VARIABLES, OR A LINEAR DEPENDENCY AMONG MORE THAN TWO LATENT VARIABLES.
     CHECK THE TECH4 OUTPUT FOR MORE INFORMATION.
     PROBLEM INVOLVING VARIABLE ATTHC3M.




MODEL FIT INFORMATION

Number of Free Parameters                      118

Chi-Square Test of Model Fit

          Value                            403.379*
          Degrees of Freedom                    74
          P-Value                           0.0000

*   The chi-square value for MLM, MLMV, MLR, ULSMV, WLSM and WLSMV cannot be used
    for chi-square difference testing in the regular way.  MLM, MLR and WLSM
    chi-square difference testing is described on the Mplus website.  MLMV, WLSMV,
    and ULSMV difference testing is done using the DIFFTEST option.

RMSEA (Root Mean Square Error Of Approximation)

          Estimate                           0.063
          90 Percent C.I.                    0.057  0.069
          Probability RMSEA <= .05           0.000

CFI/TLI

          CFI                                0.995
          TLI                                0.990

Chi-Square Test of Model Fit for the Baseline Model

          Value                          62812.533
          Degrees of Freedom                   136
          P-Value                           0.0000

SRMR (Standardized Root Mean Square Residual)

          Value                              0.041

Optimum Function Value for Weighted Least-Squares Estimator

          Value                     0.73429052D-01



MODEL RESULTS

                                                    Two-Tailed
                    Estimate       S.E.  Est./S.E.    P-Value

 F1       BY
    ATTHC3M            1.001      0.021     47.104      0.000
    ATTHCURG           0.951      0.021     44.448      0.000
    ATTHCPRB           0.782      0.039     19.926      0.000
    ATTHCEXP           0.769      0.044     17.415      0.000
    ATTHCWOR           0.569      0.041     13.998      0.000
    ATTHCTRY           0.578      0.043     13.363      0.000
    ATALC3M            0.018      0.016      1.154      0.249
    ATALCURG          -0.034      0.023     -1.436      0.151
    ATALCPRB           0.034      0.041      0.819      0.413
    ATALCEXP           0.058      0.042      1.365      0.172
    ATALCWOR           0.016      0.028      0.549      0.583
    ATALCTRY          -0.040      0.030     -1.354      0.176
    ATTOB3M           -0.003      0.021     -0.163      0.871
    ATTOBURG          -0.012      0.022     -0.543      0.587
    ATTOBPRB           0.148      0.048      3.093      0.002
    ATTOBWOR           0.007      0.035      0.213      0.831
    ATTOBTRY          -0.010      0.033     -0.295      0.768

 F2       BY
    ATTHC3M           -0.030      0.014     -2.169      0.030
    ATTHCURG          -0.015      0.016     -0.945      0.345
    ATTHCPRB           0.159      0.060      2.654      0.008
    ATTHCEXP           0.234      0.063      3.712      0.000
    ATTHCWOR          -0.061      0.030     -2.049      0.040
    ATTHCTRY           0.080      0.038      2.139      0.032
    ATALC3M            0.831      0.033     25.545      0.000
    ATALCURG           0.872      0.024     37.086      0.000
    ATALCPRB           0.860      0.030     28.931      0.000
    ATALCEXP           0.893      0.030     30.085      0.000
    ATALCWOR           0.618      0.033     18.573      0.000
    ATALCTRY           0.655      0.036     18.070      0.000
    ATTOB3M            0.000      0.016     -0.002      0.999
    ATTOBURG           0.001      0.020      0.070      0.944
    ATTOBPRB           0.155      0.046      3.335      0.001
    ATTOBWOR          -0.074      0.033     -2.265      0.024
    ATTOBTRY           0.023      0.029      0.765      0.444

 F3       BY
    ATTHC3M           -0.039      0.020     -1.940      0.052
    ATTHCURG           0.027      0.020      1.319      0.187
    ATTHCPRB           0.139      0.055      2.530      0.011
    ATTHCEXP           0.052      0.053      0.987      0.323
    ATTHCWOR          -0.060      0.035     -1.696      0.090
    ATTHCTRY          -0.002      0.026     -0.065      0.948
    ATALC3M           -0.126      0.033     -3.797      0.000
    ATALCURG           0.020      0.020      1.000      0.317
    ATALCPRB           0.089      0.044      2.008      0.045
    ATALCEXP           0.069      0.043      1.614      0.106
    ATALCWOR           0.016      0.027      0.582      0.560
    ATALCTRY          -0.017      0.023     -0.735      0.462
    ATTOB3M            1.008      0.017     60.543      0.000
    ATTOBURG           0.981      0.015     64.506      0.000
    ATTOBPRB           0.647      0.035     18.252      0.000
    ATTOBWOR           0.653      0.032     20.653      0.000
    ATTOBTRY           0.671      0.028     23.544      0.000

 F4       BY
    ATTHC3M           -0.255      0.060     -4.264      0.000
    ATTHCURG          -0.209      0.057     -3.696      0.000
    ATTHCPRB           0.037      0.030      1.217      0.224
    ATTHCEXP           0.021      0.024      0.873      0.383
    ATTHCWOR           0.580      0.046     12.617      0.000
    ATTHCTRY           0.519      0.047     11.031      0.000
    ATALC3M           -0.497      0.039    -12.759      0.000
    ATALCURG          -0.302      0.039     -7.785      0.000
    ATALCPRB          -0.001      0.020     -0.072      0.943
    ATALCEXP           0.024      0.021      1.147      0.251
    ATALCWOR           0.474      0.037     12.981      0.000
    ATALCTRY           0.550      0.036     15.315      0.000
    ATTOB3M           -0.147      0.032     -4.573      0.000
    ATTOBURG          -0.071      0.027     -2.625      0.009
    ATTOBPRB           0.088      0.035      2.555      0.011
    ATTOBWOR           0.365      0.037      9.773      0.000
    ATTOBTRY           0.336      0.036      9.258      0.000

 F2       WITH
    F1                 0.344      0.038      9.052      0.000

 F3       WITH
    F1                 0.280      0.037      7.476      0.000
    F2                 0.304      0.034      8.951      0.000

 F4       WITH
    F1                 0.044      0.059      0.736      0.462
    F2                 0.059      0.049      1.187      0.235
    F3                 0.106      0.039      2.746      0.006

 Thresholds
    ATTHC3M$1          0.577      0.040     14.507      0.000
    ATTHC3M$2          0.811      0.042     19.183      0.000
    ATTHC3M$3          1.003      0.045     22.217      0.000
    ATTHC3M$4          1.303      0.052     25.243      0.000
    ATTHCURG$1         0.792      0.042     18.850      0.000
    ATTHCURG$2         0.953      0.044     21.499      0.000
    ATTHCURG$3         1.100      0.047     23.434      0.000
    ATTHCURG$4         1.346      0.053     25.499      0.000
    ATTHCPRB$1         1.564      0.060     26.115      0.000
    ATTHCPRB$2         1.719      0.066     25.887      0.000
    ATTHCPRB$3         1.903      0.076     24.976      0.000
    ATTHCPRB$4         2.143      0.094     22.919      0.000
    ATTHCEXP$1         1.628      0.062     26.084      0.000
    ATTHCEXP$2         1.851      0.073     25.299      0.000
    ATTHCEXP$3         2.008      0.083     24.177      0.000
    ATTHCEXP$4         2.301      0.109     21.170      0.000
    ATTHCWOR$1         0.833      0.043     19.569      0.000
    ATTHCWOR$2         1.672      0.064     26.011      0.000
    ATTHCTRY$1         0.898      0.043     20.654      0.000
    ATTHCTRY$2         1.620      0.062     26.093      0.000
    ATALC3M$1         -0.298      0.038     -7.844      0.000
    ATALC3M$2          0.152      0.038      4.031      0.000
    ATALC3M$3          0.653      0.040     16.128      0.000
    ATALC3M$4          1.391      0.054     25.722      0.000
    ATALCURG$1         0.430      0.039     11.104      0.000
    ATALCURG$2         0.698      0.041     17.045      0.000
    ATALCURG$3         0.949      0.044     21.447      0.000
    ATALCURG$4         1.440      0.056     25.904      0.000
    ATALCPRB$1         1.282      0.051     25.105      0.000
    ATALCPRB$2         1.434      0.055     25.884      0.000
    ATALCPRB$3         1.719      0.066     25.887      0.000
    ATALCPRB$4         2.008      0.083     24.177      0.000
    ATALCEXP$1         1.362      0.053     25.587      0.000
    ATALCEXP$2         1.645      0.063     26.060      0.000
    ATALCEXP$3         1.851      0.073     25.299      0.000
    ATALCEXP$4         2.166      0.095     22.683      0.000
    ATALCWOR$1         0.525      0.039     13.339      0.000
    ATALCWOR$2         1.287      0.051     25.140      0.000
    ATALCTRY$1         0.684      0.041     16.759      0.000
    ATALCTRY$2         1.368      0.053     25.615      0.000
    ATTOB3M$1         -0.280      0.038     -7.368      0.000
    ATTOB3M$2         -0.102      0.038     -2.718      0.007
    ATTOB3M$3         -0.003      0.037     -0.090      0.929
    ATTOB3M$4          0.140      0.038      3.732      0.000
    ATTOBURG$1        -0.064      0.037     -1.702      0.089
    ATTOBURG$2         0.039      0.037      1.045      0.296
    ATTOBURG$3         0.095      0.037      2.538      0.011
    ATTOBURG$4         0.264      0.038      6.951      0.000
    ATTOBPRB$1         0.865      0.043     20.115      0.000
    ATTOBPRB$2         1.033      0.046     22.617      0.000
    ATTOBPRB$3         1.205      0.049     24.490      0.000
    ATTOBPRB$4         1.346      0.053     25.499      0.000
    ATTOBWOR$1        -0.021      0.037     -0.567      0.570
    ATTOBWOR$2         0.607      0.040     15.146      0.000
    ATTOBTRY$1        -0.131      0.038     -3.494      0.000
    ATTOBTRY$2         0.667      0.041     16.415      0.000

 Variances
    F1                 1.000      0.000    999.000    999.000
    F2                 1.000      0.000    999.000    999.000
    F3                 1.000      0.000    999.000    999.000
    F4                 1.000      0.000    999.000    999.000


STANDARDIZED MODEL RESULTS


STDYX Standardization

                                                    Two-Tailed
                    Estimate       S.E.  Est./S.E.    P-Value

 F1       BY
    ATTHC3M            1.001      0.021     47.104      0.000
    ATTHCURG           0.951      0.021     44.448      0.000
    ATTHCPRB           0.782      0.039     19.926      0.000
    ATTHCEXP           0.769      0.044     17.415      0.000
    ATTHCWOR           0.569      0.041     13.998      0.000
    ATTHCTRY           0.578      0.043     13.363      0.000
    ATALC3M            0.018      0.016      1.154      0.249
    ATALCURG          -0.034      0.023     -1.436      0.151
    ATALCPRB           0.034      0.041      0.819      0.413
    ATALCEXP           0.058      0.042      1.365      0.172
    ATALCWOR           0.016      0.028      0.549      0.583
    ATALCTRY          -0.040      0.030     -1.354      0.176
    ATTOB3M           -0.003      0.021     -0.163      0.871
    ATTOBURG          -0.012      0.022     -0.543      0.587
    ATTOBPRB           0.148      0.048      3.093      0.002
    ATTOBWOR           0.007      0.035      0.213      0.831
    ATTOBTRY          -0.010      0.033     -0.295      0.768

 F2       BY
    ATTHC3M           -0.030      0.014     -2.169      0.030
    ATTHCURG          -0.015      0.016     -0.945      0.345
    ATTHCPRB           0.159      0.060      2.654      0.008
    ATTHCEXP           0.234      0.063      3.712      0.000
    ATTHCWOR          -0.061      0.030     -2.049      0.040
    ATTHCTRY           0.080      0.038      2.139      0.032
    ATALC3M            0.831      0.033     25.545      0.000
    ATALCURG           0.872      0.024     37.086      0.000
    ATALCPRB           0.860      0.030     28.931      0.000
    ATALCEXP           0.893      0.030     30.085      0.000
    ATALCWOR           0.618      0.033     18.573      0.000
    ATALCTRY           0.655      0.036     18.070      0.000
    ATTOB3M            0.000      0.016     -0.002      0.999
    ATTOBURG           0.001      0.020      0.070      0.944
    ATTOBPRB           0.155      0.046      3.335      0.001
    ATTOBWOR          -0.074      0.033     -2.265      0.024
    ATTOBTRY           0.023      0.029      0.765      0.444

 F3       BY
    ATTHC3M           -0.039      0.020     -1.940      0.052
    ATTHCURG           0.027      0.020      1.319      0.187
    ATTHCPRB           0.139      0.055      2.530      0.011
    ATTHCEXP           0.052      0.053      0.987      0.323
    ATTHCWOR          -0.060      0.035     -1.696      0.090
    ATTHCTRY          -0.002      0.026     -0.065      0.948
    ATALC3M           -0.126      0.033     -3.797      0.000
    ATALCURG           0.020      0.020      1.000      0.317
    ATALCPRB           0.089      0.044      2.008      0.045
    ATALCEXP           0.069      0.043      1.614      0.106
    ATALCWOR           0.016      0.027      0.582      0.560
    ATALCTRY          -0.017      0.023     -0.735      0.462
    ATTOB3M            1.008      0.017     60.543      0.000
    ATTOBURG           0.981      0.015     64.506      0.000
    ATTOBPRB           0.647      0.035     18.252      0.000
    ATTOBWOR           0.653      0.032     20.653      0.000
    ATTOBTRY           0.671      0.028     23.544      0.000

 F4       BY
    ATTHC3M           -0.255      0.060     -4.264      0.000
    ATTHCURG          -0.209      0.057     -3.696      0.000
    ATTHCPRB           0.037      0.030      1.217      0.224
    ATTHCEXP           0.021      0.024      0.873      0.383
    ATTHCWOR           0.580      0.046     12.617      0.000
    ATTHCTRY           0.519      0.047     11.031      0.000
    ATALC3M           -0.497      0.039    -12.759      0.000
    ATALCURG          -0.302      0.039     -7.785      0.000
    ATALCPRB          -0.001      0.020     -0.072      0.943
    ATALCEXP           0.024      0.021      1.147      0.251
    ATALCWOR           0.474      0.037     12.981      0.000
    ATALCTRY           0.550      0.036     15.315      0.000
    ATTOB3M           -0.147      0.032     -4.573      0.000
    ATTOBURG          -0.071      0.027     -2.625      0.009
    ATTOBPRB           0.088      0.035      2.555      0.011
    ATTOBWOR           0.365      0.037      9.773      0.000
    ATTOBTRY           0.336      0.036      9.258      0.000

 F2       WITH
    F1                 0.344      0.038      9.052      0.000

 F3       WITH
    F1                 0.280      0.037      7.476      0.000
    F2                 0.304      0.034      8.951      0.000

 F4       WITH
    F1                 0.044      0.059      0.736      0.462
    F2                 0.059      0.049      1.187      0.235
    F3                 0.106      0.039      2.746      0.006

 Thresholds
    ATTHC3M$1          0.577      0.040     14.507      0.000
    ATTHC3M$2          0.811      0.042     19.183      0.000
    ATTHC3M$3          1.003      0.045     22.217      0.000
    ATTHC3M$4          1.303      0.052     25.243      0.000
    ATTHCURG$1         0.792      0.042     18.850      0.000
    ATTHCURG$2         0.953      0.044     21.499      0.000
    ATTHCURG$3         1.100      0.047     23.434      0.000
    ATTHCURG$4         1.346      0.053     25.499      0.000
    ATTHCPRB$1         1.564      0.060     26.115      0.000
    ATTHCPRB$2         1.719      0.066     25.887      0.000
    ATTHCPRB$3         1.903      0.076     24.976      0.000
    ATTHCPRB$4         2.143      0.094     22.919      0.000
    ATTHCEXP$1         1.628      0.062     26.084      0.000
    ATTHCEXP$2         1.851      0.073     25.299      0.000
    ATTHCEXP$3         2.008      0.083     24.177      0.000
    ATTHCEXP$4         2.301      0.109     21.170      0.000
    ATTHCWOR$1         0.833      0.043     19.569      0.000
    ATTHCWOR$2         1.672      0.064     26.011      0.000
    ATTHCTRY$1         0.898      0.043     20.654      0.000
    ATTHCTRY$2         1.620      0.062     26.093      0.000
    ATALC3M$1         -0.298      0.038     -7.844      0.000
    ATALC3M$2          0.152      0.038      4.031      0.000
    ATALC3M$3          0.653      0.040     16.128      0.000
    ATALC3M$4          1.391      0.054     25.722      0.000
    ATALCURG$1         0.430      0.039     11.104      0.000
    ATALCURG$2         0.698      0.041     17.045      0.000
    ATALCURG$3         0.949      0.044     21.447      0.000
    ATALCURG$4         1.440      0.056     25.904      0.000
    ATALCPRB$1         1.282      0.051     25.105      0.000
    ATALCPRB$2         1.434      0.055     25.884      0.000
    ATALCPRB$3         1.719      0.066     25.887      0.000
    ATALCPRB$4         2.008      0.083     24.177      0.000
    ATALCEXP$1         1.362      0.053     25.587      0.000
    ATALCEXP$2         1.645      0.063     26.060      0.000
    ATALCEXP$3         1.851      0.073     25.299      0.000
    ATALCEXP$4         2.166      0.095     22.683      0.000
    ATALCWOR$1         0.525      0.039     13.339      0.000
    ATALCWOR$2         1.287      0.051     25.140      0.000
    ATALCTRY$1         0.684      0.041     16.759      0.000
    ATALCTRY$2         1.368      0.053     25.615      0.000
    ATTOB3M$1         -0.280      0.038     -7.368      0.000
    ATTOB3M$2         -0.102      0.038     -2.718      0.007
    ATTOB3M$3         -0.003      0.037     -0.090      0.929
    ATTOB3M$4          0.140      0.038      3.732      0.000
    ATTOBURG$1        -0.064      0.037     -1.702      0.089
    ATTOBURG$2         0.039      0.037      1.045      0.296
    ATTOBURG$3         0.095      0.037      2.538      0.011
    ATTOBURG$4         0.264      0.038      6.951      0.000
    ATTOBPRB$1         0.865      0.043     20.115      0.000
    ATTOBPRB$2         1.033      0.046     22.617      0.000
    ATTOBPRB$3         1.205      0.049     24.490      0.000
    ATTOBPRB$4         1.346      0.053     25.499      0.000
    ATTOBWOR$1        -0.021      0.037     -0.567      0.570
    ATTOBWOR$2         0.607      0.040     15.146      0.000
    ATTOBTRY$1        -0.131      0.038     -3.494      0.000
    ATTOBTRY$2         0.667      0.041     16.415      0.000

 Variances
    F1                 1.000      0.000    999.000    999.000
    F2                 1.000      0.000    999.000    999.000
    F3                 1.000      0.000    999.000    999.000
    F4                 1.000      0.000    999.000    999.000


STDY Standardization

                                                    Two-Tailed
                    Estimate       S.E.  Est./S.E.    P-Value

 F1       BY
    ATTHC3M            1.001      0.021     47.104      0.000
    ATTHCURG           0.951      0.021     44.448      0.000
    ATTHCPRB           0.782      0.039     19.926      0.000
    ATTHCEXP           0.769      0.044     17.415      0.000
    ATTHCWOR           0.569      0.041     13.998      0.000
    ATTHCTRY           0.578      0.043     13.363      0.000
    ATALC3M            0.018      0.016      1.154      0.249
    ATALCURG          -0.034      0.023     -1.436      0.151
    ATALCPRB           0.034      0.041      0.819      0.413
    ATALCEXP           0.058      0.042      1.365      0.172
    ATALCWOR           0.016      0.028      0.549      0.583
    ATALCTRY          -0.040      0.030     -1.354      0.176
    ATTOB3M           -0.003      0.021     -0.163      0.871
    ATTOBURG          -0.012      0.022     -0.543      0.587
    ATTOBPRB           0.148      0.048      3.093      0.002
    ATTOBWOR           0.007      0.035      0.213      0.831
    ATTOBTRY          -0.010      0.033     -0.295      0.768

 F2       BY
    ATTHC3M           -0.030      0.014     -2.169      0.030
    ATTHCURG          -0.015      0.016     -0.945      0.345
    ATTHCPRB           0.159      0.060      2.654      0.008
    ATTHCEXP           0.234      0.063      3.712      0.000
    ATTHCWOR          -0.061      0.030     -2.049      0.040
    ATTHCTRY           0.080      0.038      2.139      0.032
    ATALC3M            0.831      0.033     25.545      0.000
    ATALCURG           0.872      0.024     37.086      0.000
    ATALCPRB           0.860      0.030     28.931      0.000
    ATALCEXP           0.893      0.030     30.085      0.000
    ATALCWOR           0.618      0.033     18.573      0.000
    ATALCTRY           0.655      0.036     18.070      0.000
    ATTOB3M            0.000      0.016     -0.002      0.999
    ATTOBURG           0.001      0.020      0.070      0.944
    ATTOBPRB           0.155      0.046      3.335      0.001
    ATTOBWOR          -0.074      0.033     -2.265      0.024
    ATTOBTRY           0.023      0.029      0.765      0.444

 F3       BY
    ATTHC3M           -0.039      0.020     -1.940      0.052
    ATTHCURG           0.027      0.020      1.319      0.187
    ATTHCPRB           0.139      0.055      2.530      0.011
    ATTHCEXP           0.052      0.053      0.987      0.323
    ATTHCWOR          -0.060      0.035     -1.696      0.090
    ATTHCTRY          -0.002      0.026     -0.065      0.948
    ATALC3M           -0.126      0.033     -3.797      0.000
    ATALCURG           0.020      0.020      1.000      0.317
    ATALCPRB           0.089      0.044      2.008      0.045
    ATALCEXP           0.069      0.043      1.614      0.106
    ATALCWOR           0.016      0.027      0.582      0.560
    ATALCTRY          -0.017      0.023     -0.735      0.462
    ATTOB3M            1.008      0.017     60.543      0.000
    ATTOBURG           0.981      0.015     64.506      0.000
    ATTOBPRB           0.647      0.035     18.252      0.000
    ATTOBWOR           0.653      0.032     20.653      0.000
    ATTOBTRY           0.671      0.028     23.544      0.000

 F4       BY
    ATTHC3M           -0.255      0.060     -4.264      0.000
    ATTHCURG          -0.209      0.057     -3.696      0.000
    ATTHCPRB           0.037      0.030      1.217      0.224
    ATTHCEXP           0.021      0.024      0.873      0.383
    ATTHCWOR           0.580      0.046     12.617      0.000
    ATTHCTRY           0.519      0.047     11.031      0.000
    ATALC3M           -0.497      0.039    -12.759      0.000
    ATALCURG          -0.302      0.039     -7.785      0.000
    ATALCPRB          -0.001      0.020     -0.072      0.943
    ATALCEXP           0.024      0.021      1.147      0.251
    ATALCWOR           0.474      0.037     12.981      0.000
    ATALCTRY           0.550      0.036     15.315      0.000
    ATTOB3M           -0.147      0.032     -4.573      0.000
    ATTOBURG          -0.071      0.027     -2.625      0.009
    ATTOBPRB           0.088      0.035      2.555      0.011
    ATTOBWOR           0.365      0.037      9.773      0.000
    ATTOBTRY           0.336      0.036      9.258      0.000

 F2       WITH
    F1                 0.344      0.038      9.052      0.000

 F3       WITH
    F1                 0.280      0.037      7.476      0.000
    F2                 0.304      0.034      8.951      0.000

 F4       WITH
    F1                 0.044      0.059      0.736      0.462
    F2                 0.059      0.049      1.187      0.235
    F3                 0.106      0.039      2.746      0.006

 Thresholds
    ATTHC3M$1          0.577      0.040     14.507      0.000
    ATTHC3M$2          0.811      0.042     19.183      0.000
    ATTHC3M$3          1.003      0.045     22.217      0.000
    ATTHC3M$4          1.303      0.052     25.243      0.000
    ATTHCURG$1         0.792      0.042     18.850      0.000
    ATTHCURG$2         0.953      0.044     21.499      0.000
    ATTHCURG$3         1.100      0.047     23.434      0.000
    ATTHCURG$4         1.346      0.053     25.499      0.000
    ATTHCPRB$1         1.564      0.060     26.115      0.000
    ATTHCPRB$2         1.719      0.066     25.887      0.000
    ATTHCPRB$3         1.903      0.076     24.976      0.000
    ATTHCPRB$4         2.143      0.094     22.919      0.000
    ATTHCEXP$1         1.628      0.062     26.084      0.000
    ATTHCEXP$2         1.851      0.073     25.299      0.000
    ATTHCEXP$3         2.008      0.083     24.177      0.000
    ATTHCEXP$4         2.301      0.109     21.170      0.000
    ATTHCWOR$1         0.833      0.043     19.569      0.000
    ATTHCWOR$2         1.672      0.064     26.011      0.000
    ATTHCTRY$1         0.898      0.043     20.654      0.000
    ATTHCTRY$2         1.620      0.062     26.093      0.000
    ATALC3M$1         -0.298      0.038     -7.844      0.000
    ATALC3M$2          0.152      0.038      4.031      0.000
    ATALC3M$3          0.653      0.040     16.128      0.000
    ATALC3M$4          1.391      0.054     25.722      0.000
    ATALCURG$1         0.430      0.039     11.104      0.000
    ATALCURG$2         0.698      0.041     17.045      0.000
    ATALCURG$3         0.949      0.044     21.447      0.000
    ATALCURG$4         1.440      0.056     25.904      0.000
    ATALCPRB$1         1.282      0.051     25.105      0.000
    ATALCPRB$2         1.434      0.055     25.884      0.000
    ATALCPRB$3         1.719      0.066     25.887      0.000
    ATALCPRB$4         2.008      0.083     24.177      0.000
    ATALCEXP$1         1.362      0.053     25.587      0.000
    ATALCEXP$2         1.645      0.063     26.060      0.000
    ATALCEXP$3         1.851      0.073     25.299      0.000
    ATALCEXP$4         2.166      0.095     22.683      0.000
    ATALCWOR$1         0.525      0.039     13.339      0.000
    ATALCWOR$2         1.287      0.051     25.140      0.000
    ATALCTRY$1         0.684      0.041     16.759      0.000
    ATALCTRY$2         1.368      0.053     25.615      0.000
    ATTOB3M$1         -0.280      0.038     -7.368      0.000
    ATTOB3M$2         -0.102      0.038     -2.718      0.007
    ATTOB3M$3         -0.003      0.037     -0.090      0.929
    ATTOB3M$4          0.140      0.038      3.732      0.000
    ATTOBURG$1        -0.064      0.037     -1.702      0.089
    ATTOBURG$2         0.039      0.037      1.045      0.296
    ATTOBURG$3         0.095      0.037      2.538      0.011
    ATTOBURG$4         0.264      0.038      6.951      0.000
    ATTOBPRB$1         0.865      0.043     20.115      0.000
    ATTOBPRB$2         1.033      0.046     22.617      0.000
    ATTOBPRB$3         1.205      0.049     24.490      0.000
    ATTOBPRB$4         1.346      0.053     25.499      0.000
    ATTOBWOR$1        -0.021      0.037     -0.567      0.570
    ATTOBWOR$2         0.607      0.040     15.146      0.000
    ATTOBTRY$1        -0.131      0.038     -3.494      0.000
    ATTOBTRY$2         0.667      0.041     16.415      0.000

 Variances
    F1                 1.000      0.000    999.000    999.000
    F2                 1.000      0.000    999.000    999.000
    F3                 1.000      0.000    999.000    999.000
    F4                 1.000      0.000    999.000    999.000


STD Standardization

                                                    Two-Tailed
                    Estimate       S.E.  Est./S.E.    P-Value

 F1       BY
    ATTHC3M            1.001      0.021     47.104      0.000
    ATTHCURG           0.951      0.021     44.448      0.000
    ATTHCPRB           0.782      0.039     19.926      0.000
    ATTHCEXP           0.769      0.044     17.415      0.000
    ATTHCWOR           0.569      0.041     13.998      0.000
    ATTHCTRY           0.578      0.043     13.363      0.000
    ATALC3M            0.018      0.016      1.154      0.249
    ATALCURG          -0.034      0.023     -1.436      0.151
    ATALCPRB           0.034      0.041      0.819      0.413
    ATALCEXP           0.058      0.042      1.365      0.172
    ATALCWOR           0.016      0.028      0.549      0.583
    ATALCTRY          -0.040      0.030     -1.354      0.176
    ATTOB3M           -0.003      0.021     -0.163      0.871
    ATTOBURG          -0.012      0.022     -0.543      0.587
    ATTOBPRB           0.148      0.048      3.093      0.002
    ATTOBWOR           0.007      0.035      0.213      0.831
    ATTOBTRY          -0.010      0.033     -0.295      0.768

 F2       BY
    ATTHC3M           -0.030      0.014     -2.169      0.030
    ATTHCURG          -0.015      0.016     -0.945      0.345
    ATTHCPRB           0.159      0.060      2.654      0.008
    ATTHCEXP           0.234      0.063      3.712      0.000
    ATTHCWOR          -0.061      0.030     -2.049      0.040
    ATTHCTRY           0.080      0.038      2.139      0.032
    ATALC3M            0.831      0.033     25.545      0.000
    ATALCURG           0.872      0.024     37.086      0.000
    ATALCPRB           0.860      0.030     28.931      0.000
    ATALCEXP           0.893      0.030     30.085      0.000
    ATALCWOR           0.618      0.033     18.573      0.000
    ATALCTRY           0.655      0.036     18.070      0.000
    ATTOB3M            0.000      0.016     -0.002      0.999
    ATTOBURG           0.001      0.020      0.070      0.944
    ATTOBPRB           0.155      0.046      3.335      0.001
    ATTOBWOR          -0.074      0.033     -2.265      0.024
    ATTOBTRY           0.023      0.029      0.765      0.444

 F3       BY
    ATTHC3M           -0.039      0.020     -1.940      0.052
    ATTHCURG           0.027      0.020      1.319      0.187
    ATTHCPRB           0.139      0.055      2.530      0.011
    ATTHCEXP           0.052      0.053      0.987      0.323
    ATTHCWOR          -0.060      0.035     -1.696      0.090
    ATTHCTRY          -0.002      0.026     -0.065      0.948
    ATALC3M           -0.126      0.033     -3.797      0.000
    ATALCURG           0.020      0.020      1.000      0.317
    ATALCPRB           0.089      0.044      2.008      0.045
    ATALCEXP           0.069      0.043      1.614      0.106
    ATALCWOR           0.016      0.027      0.582      0.560
    ATALCTRY          -0.017      0.023     -0.735      0.462
    ATTOB3M            1.008      0.017     60.543      0.000
    ATTOBURG           0.981      0.015     64.506      0.000
    ATTOBPRB           0.647      0.035     18.252      0.000
    ATTOBWOR           0.653      0.032     20.653      0.000
    ATTOBTRY           0.671      0.028     23.544      0.000

 F4       BY
    ATTHC3M           -0.255      0.060     -4.264      0.000
    ATTHCURG          -0.209      0.057     -3.696      0.000
    ATTHCPRB           0.037      0.030      1.217      0.224
    ATTHCEXP           0.021      0.024      0.873      0.383
    ATTHCWOR           0.580      0.046     12.617      0.000
    ATTHCTRY           0.519      0.047     11.031      0.000
    ATALC3M           -0.497      0.039    -12.759      0.000
    ATALCURG          -0.302      0.039     -7.785      0.000
    ATALCPRB          -0.001      0.020     -0.072      0.943
    ATALCEXP           0.024      0.021      1.147      0.251
    ATALCWOR           0.474      0.037     12.981      0.000
    ATALCTRY           0.550      0.036     15.315      0.000
    ATTOB3M           -0.147      0.032     -4.573      0.000
    ATTOBURG          -0.071      0.027     -2.625      0.009
    ATTOBPRB           0.088      0.035      2.555      0.011
    ATTOBWOR           0.365      0.037      9.773      0.000
    ATTOBTRY           0.336      0.036      9.258      0.000

 F2       WITH
    F1                 0.344      0.038      9.052      0.000

 F3       WITH
    F1                 0.280      0.037      7.476      0.000
    F2                 0.304      0.034      8.951      0.000

 F4       WITH
    F1                 0.044      0.059      0.736      0.462
    F2                 0.059      0.049      1.187      0.235
    F3                 0.106      0.039      2.746      0.006

 Thresholds
    ATTHC3M$1          0.577      0.040     14.507      0.000
    ATTHC3M$2          0.811      0.042     19.183      0.000
    ATTHC3M$3          1.003      0.045     22.217      0.000
    ATTHC3M$4          1.303      0.052     25.243      0.000
    ATTHCURG$1         0.792      0.042     18.850      0.000
    ATTHCURG$2         0.953      0.044     21.499      0.000
    ATTHCURG$3         1.100      0.047     23.434      0.000
    ATTHCURG$4         1.346      0.053     25.499      0.000
    ATTHCPRB$1         1.564      0.060     26.115      0.000
    ATTHCPRB$2         1.719      0.066     25.887      0.000
    ATTHCPRB$3         1.903      0.076     24.976      0.000
    ATTHCPRB$4         2.143      0.094     22.919      0.000
    ATTHCEXP$1         1.628      0.062     26.084      0.000
    ATTHCEXP$2         1.851      0.073     25.299      0.000
    ATTHCEXP$3         2.008      0.083     24.177      0.000
    ATTHCEXP$4         2.301      0.109     21.170      0.000
    ATTHCWOR$1         0.833      0.043     19.569      0.000
    ATTHCWOR$2         1.672      0.064     26.011      0.000
    ATTHCTRY$1         0.898      0.043     20.654      0.000
    ATTHCTRY$2         1.620      0.062     26.093      0.000
    ATALC3M$1         -0.298      0.038     -7.844      0.000
    ATALC3M$2          0.152      0.038      4.031      0.000
    ATALC3M$3          0.653      0.040     16.128      0.000
    ATALC3M$4          1.391      0.054     25.722      0.000
    ATALCURG$1         0.430      0.039     11.104      0.000
    ATALCURG$2         0.698      0.041     17.045      0.000
    ATALCURG$3         0.949      0.044     21.447      0.000
    ATALCURG$4         1.440      0.056     25.904      0.000
    ATALCPRB$1         1.282      0.051     25.105      0.000
    ATALCPRB$2         1.434      0.055     25.884      0.000
    ATALCPRB$3         1.719      0.066     25.887      0.000
    ATALCPRB$4         2.008      0.083     24.177      0.000
    ATALCEXP$1         1.362      0.053     25.587      0.000
    ATALCEXP$2         1.645      0.063     26.060      0.000
    ATALCEXP$3         1.851      0.073     25.299      0.000
    ATALCEXP$4         2.166      0.095     22.683      0.000
    ATALCWOR$1         0.525      0.039     13.339      0.000
    ATALCWOR$2         1.287      0.051     25.140      0.000
    ATALCTRY$1         0.684      0.041     16.759      0.000
    ATALCTRY$2         1.368      0.053     25.615      0.000
    ATTOB3M$1         -0.280      0.038     -7.368      0.000
    ATTOB3M$2         -0.102      0.038     -2.718      0.007
    ATTOB3M$3         -0.003      0.037     -0.090      0.929
    ATTOB3M$4          0.140      0.038      3.732      0.000
    ATTOBURG$1        -0.064      0.037     -1.702      0.089
    ATTOBURG$2         0.039      0.037      1.045      0.296
    ATTOBURG$3         0.095      0.037      2.538      0.011
    ATTOBURG$4         0.264      0.038      6.951      0.000
    ATTOBPRB$1         0.865      0.043     20.115      0.000
    ATTOBPRB$2         1.033      0.046     22.617      0.000
    ATTOBPRB$3         1.205      0.049     24.490      0.000
    ATTOBPRB$4         1.346      0.053     25.499      0.000
    ATTOBWOR$1        -0.021      0.037     -0.567      0.570
    ATTOBWOR$2         0.607      0.040     15.146      0.000
    ATTOBTRY$1        -0.131      0.038     -3.494      0.000
    ATTOBTRY$2         0.667      0.041     16.415      0.000

 Variances
    F1                 1.000      0.000    999.000    999.000
    F2                 1.000      0.000    999.000    999.000
    F3                 1.000      0.000    999.000    999.000
    F4                 1.000      0.000    999.000    999.000


R-SQUARE

    Observed                                        Two-Tailed   Residual
    Variable        Estimate       S.E.  Est./S.E.    P-Value    Variance

    ATTHC3M         Undefined   0.10081E+01                       -0.008
    ATTHCURG           0.934      0.028     32.860      0.000      0.066
    ATTHCPRB           0.821      0.044     18.620      0.000      0.179
    ATTHCEXP           0.806      0.046     17.638      0.000      0.194
    ATTHCWOR           0.644      0.046     14.002      0.000      0.356
    ATTHCTRY           0.672      0.044     15.240      0.000      0.328
    ATALC3M            0.863      0.036     23.887      0.000      0.137
    ATALCURG           0.812      0.030     27.092      0.000      0.188
    ATALCPRB           0.816      0.037     21.851      0.000      0.184
    ATALCEXP           0.884      0.037     23.791      0.000      0.116
    ATALCWOR           0.656      0.037     17.835      0.000      0.344
    ATALCTRY           0.748      0.041     18.088      0.000      0.252
    ATTOB3M         Undefined   0.10049E+01                       -0.005
    ATTOBURG           0.948      0.025     37.830      0.000      0.052
    ATTOBPRB           0.617      0.036     17.191      0.000      0.383
    ATTOBWOR           0.585      0.032     18.469      0.000      0.415
    ATTOBTRY           0.617      0.033     18.930      0.000      0.383


QUALITY OF NUMERICAL RESULTS

     Condition Number for the Information Matrix              0.119E-05
       (ratio of smallest to largest eigenvalue)


MODEL MODIFICATION INDICES

Minimum M.I. value for printing the modification index    10.000

                                   M.I.     E.P.C.  Std E.P.C.  StdYX E.P.C.

ON/BY Statements

ATTHC3M  ON F3       /
F3       BY ATTHC3M              999.000     0.000      0.000        0.000
ATTHC3M  ON F4       /
F4       BY ATTHC3M              999.000     0.000      0.000        0.000
ATTHCURG ON F3       /
F3       BY ATTHCURG             999.000     0.000      0.000        0.000
ATTHCURG ON F4       /
F4       BY ATTHCURG             999.000     0.000      0.000        0.000
ATTHCPRB ON F4       /
F4       BY ATTHCPRB             999.000     0.000      0.000        0.000

ON Statements

F3       ON ATTHC3M              999.000     0.000      0.000        0.000
F3       ON ATTHCURG             999.000     0.000      0.000        0.000
F4       ON ATTHC3M              999.000     0.000      0.000        0.000
F4       ON ATTHCURG             999.000     0.000      0.000        0.000
F4       ON ATTHCPRB             999.000     0.000      0.000        0.000
ATTHC3M  ON ATTHCURG              32.977     0.283      0.283        0.283
ATTHCURG ON ATTHC3M               32.980     0.283      0.283        0.283
ATTHCURG ON ATTOBPRB              10.482    -0.137     -0.137       -0.137
ATTHCPRB ON ATTOBPRB              33.416     0.231      0.231        0.231
ATTHCWOR ON ATALCWOR              32.739     0.209      0.209        0.209
ATTHCWOR ON ATALCTRY              32.212    -0.247     -0.247       -0.247
ATTHCWOR ON ATTOBWOR              35.885     0.219      0.219        0.219
ATTHCWOR ON ATTOBTRY              21.103    -0.168     -0.168       -0.168
ATTHCTRY ON ATALCWOR              31.090    -0.216     -0.216       -0.216
ATTHCTRY ON ATALCTRY              24.322     0.188      0.188        0.188
ATTHCTRY ON ATTOBWOR              14.647    -0.145     -0.145       -0.145
ATALC3M  ON ATALCURG              23.235     0.185      0.185        0.185
ATALC3M  ON ATTOBWOR              19.564     0.156      0.156        0.156
ATALCURG ON ATALC3M               23.227     0.185      0.185        0.185
ATALCURG ON ATALCPRB              10.218    -0.102     -0.102       -0.102
ATALCPRB ON ATALCURG              10.206    -0.102     -0.102       -0.102
ATALCPRB ON ATTOBPRB              41.463     0.236      0.236        0.236
ATALCWOR ON ATTHCWOR              32.715     0.209      0.209        0.209
ATALCWOR ON ATTHCTRY              31.113    -0.216     -0.216       -0.216
ATALCWOR ON ATTOBWOR              19.340     0.143      0.143        0.143
ATALCTRY ON ATTHCWOR              32.214    -0.247     -0.247       -0.247
ATALCTRY ON ATTHCTRY              24.330     0.188      0.188        0.188
ATALCTRY ON ATTOBWOR              31.559    -0.208     -0.208       -0.208
ATTOBPRB ON ATTHCURG              10.629    -0.138     -0.138       -0.138
ATTOBPRB ON ATTHCPRB              33.486     0.231      0.231        0.231
ATTOBPRB ON ATALCPRB              41.438     0.236      0.236        0.236
ATTOBWOR ON ATTHCWOR              35.892     0.219      0.219        0.219
ATTOBWOR ON ATTHCTRY              14.637    -0.145     -0.145       -0.145
ATTOBWOR ON ATALC3M               19.558     0.156      0.156        0.156
ATTOBWOR ON ATALCWOR              19.354     0.143      0.143        0.143
ATTOBWOR ON ATALCTRY              31.550    -0.208     -0.208       -0.208
ATTOBWOR ON ATTOBTRY              14.434     0.094      0.094        0.094
ATTOBTRY ON ATTHCWOR              21.102    -0.168     -0.168       -0.168
ATTOBTRY ON ATTOBWOR              14.425     0.094      0.094        0.094

WITH Statements

ATTHC3M  WITH F3                 999.000     0.000      0.000      999.000
ATTHC3M  WITH F4                 999.000     0.000      0.000      999.000
ATTHCURG WITH F3                 999.000     0.000      0.000        0.000
ATTHCURG WITH F4                 999.000     0.000      0.000        0.000
ATTHCURG WITH ATTHC3M             32.992     0.283      0.283      999.000
ATTHCPRB WITH F4                 999.000     0.000      0.000        0.000
ATALCURG WITH ATALC3M             23.238     0.185      0.185        1.153
ATALCPRB WITH ATALCURG            10.209    -0.102     -0.102       -0.546
ATALCWOR WITH ATTHCWOR            32.732     0.209      0.209        0.598
ATALCWOR WITH ATTHCTRY            31.093    -0.216     -0.216       -0.643
ATALCTRY WITH ATTHCWOR            32.222    -0.247     -0.247       -0.826
ATALCTRY WITH ATTHCTRY            24.320     0.188      0.188        0.652
ATTOBPRB WITH ATTHCURG            10.629    -0.138     -0.138       -0.873
ATTOBPRB WITH ATTHCPRB            33.490     0.231      0.231        0.883
ATTOBPRB WITH ATALCPRB            41.452     0.236      0.236        0.889
ATTOBWOR WITH ATTHCWOR            35.881     0.219      0.219        0.571
ATTOBWOR WITH ATTHCTRY            14.647    -0.145     -0.145       -0.393
ATTOBWOR WITH ATALC3M             19.549     0.156      0.156        0.656
ATTOBWOR WITH ATALCWOR            19.344     0.143      0.143        0.379
ATTOBWOR WITH ATALCTRY            31.564    -0.208     -0.208       -0.643
ATTOBTRY WITH ATTHCWOR            21.107    -0.168     -0.168       -0.455
ATTOBTRY WITH ATTOBWOR            14.424     0.094      0.094        0.236


SAVEDATA INFORMATION


  Difference testing

  Save file
    deriv_etoh_tob_thc_04.dat
  Save format      Free

     Beginning Time:  03:30:32
        Ending Time:  03:30:33
       Elapsed Time:  00:00:01



MUTHEN & MUTHEN
3463 Stoner Ave.
Los Angeles, CA  90066

Tel: (310) 391-9971
Fax: (310) 391-8971
Web: www.StatModel.com
Support: Support@StatModel.com

Copyright (c) 1998-2019 Muthen & Muthen
