Mplus VERSION 8.4 (Mac)
MUTHEN & MUTHEN
07/26/2020  11:57 PM

INPUT INSTRUCTIONS


  TITLE: ESEM of ASSIST THC Model

  DATA: FILE = data.thc.dems.07.dat;

  !Old location sequence
  !c:\Users\ndmcgee\Desktop\data.etoh.dems.07.dat;

  VARIABLE: NAMES = ATTHC3M ATTHCURG ATTHCPRB ATTHCEXP ATTHCWOR ATTHCTRY;

      CATEGORICAL = ATTHC3M ATTHCURG ATTHCPRB ATTHCEXP ATTHCWOR ATTHCTRY;

      missing are all (-999);

     ANALYSIS:
     	TYPE = GENERAL;
     	ESTIMATOR = WLSMV;
      	ITERATIONS = 10000;
     	CONVERGENCE = 0.00005;

      MODEL:
      f1 f2 by ATTHC3M ATTHCURG ATTHCPRB ATTHCEXP ATTHCWOR ATTHCTRY (*1);
      ATTHCTRY WITH ATTHCWOR;


      OUTPUT: STANDARDIZED MODINDICES (ALL);


INPUT READING TERMINATED NORMALLY

ESEM of ASSIST THC Model

SUMMARY OF ANALYSIS

Number of groups                                                 1
Number of observations                                        1282

Number of dependent variables                                    6
Number of independent variables                                  0
Number of continuous latent variables                            2

Observed dependent variables

  Binary and ordered categorical (ordinal)
   ATTHC3M     ATTHCURG    ATTHCPRB    ATTHCEXP    ATTHCWOR    ATTHCTRY

Continuous latent variables

  EFA factors
  *1:   F1          F2


Estimator                                                    WLSMV
Rotation                                                    GEOMIN
Row standardization                                    CORRELATION
Type of rotation                                           OBLIQUE
Epsilon value                                               Varies
Maximum number of iterations                                 10000
Convergence criterion                                    0.500D-04
Maximum number of steepest descent iterations                   20
Maximum number of iterations for H1                           2000
Convergence criterion for H1                             0.100D-03
Optimization Specifications for the Exploratory Factor Analysis
Rotation Algorithm
  Number of random starts                                       30
  Maximum number of iterations                               10000
  Derivative convergence criterion                       0.100D-04
Parameterization                                             DELTA
Link                                                        PROBIT

Input data file(s)
  data.thc.dems.07.dat

Input data format  FREE


SUMMARY OF DATA

     Number of missing data patterns             1


COVARIANCE COVERAGE OF DATA

Minimum covariance coverage value   0.100


     PROPORTION OF DATA PRESENT


           Covariance Coverage
              ATTHC3M       ATTHCURG      ATTHCPRB      ATTHCEXP      ATTHCWOR
              ________      ________      ________      ________      ________
 ATTHC3M        1.000
 ATTHCURG       1.000         1.000
 ATTHCPRB       1.000         1.000         1.000
 ATTHCEXP       1.000         1.000         1.000         1.000
 ATTHCWOR       1.000         1.000         1.000         1.000         1.000
 ATTHCTRY       1.000         1.000         1.000         1.000         1.000


           Covariance Coverage
              ATTHCTRY
              ________
 ATTHCTRY       1.000


UNIVARIATE PROPORTIONS AND COUNTS FOR CATEGORICAL VARIABLES

    ATTHC3M
      Category 1    0.722          926.000
      Category 2    0.076           97.000
      Category 3    0.050           64.000
      Category 4    0.059           75.000
      Category 5    0.094          120.000
    ATTHCURG
      Category 1    0.796         1020.000
      Category 2    0.042           54.000
      Category 3    0.030           39.000
      Category 4    0.044           56.000
      Category 5    0.088          113.000
    ATTHCPRB
      Category 1    0.942         1208.000
      Category 2    0.016           21.000
      Category 3    0.013           17.000
      Category 4    0.012           16.000
      Category 5    0.016           20.000
    ATTHCEXP
      Category 1    0.952         1220.000
      Category 2    0.020           25.000
      Category 3    0.009           12.000
      Category 4    0.009           12.000
      Category 5    0.010           13.000
    ATTHCWOR
      Category 1    0.805         1032.000
      Category 2    0.145          186.000
      Category 3    0.050           64.000
    ATTHCTRY
      Category 1    0.821         1053.000
      Category 2    0.126          162.000
      Category 3    0.052           67.000



THE MODEL ESTIMATION TERMINATED NORMALLY

     WARNING:  THE LATENT VARIABLE COVARIANCE MATRIX (PSI) IS NOT POSITIVE
     DEFINITE.  THIS COULD INDICATE A NEGATIVE VARIANCE/RESIDUAL VARIANCE FOR A
     LATENT VARIABLE, A CORRELATION GREATER OR EQUAL TO ONE BETWEEN TWO LATENT
     VARIABLES, OR A LINEAR DEPENDENCY AMONG MORE THAN TWO LATENT VARIABLES.
     CHECK THE TECH4 OUTPUT FOR MORE INFORMATION.
     PROBLEM INVOLVING VARIABLE ATTHC3M.


     WARNING:  THE LATENT VARIABLE COVARIANCE MATRIX (PSI) IS NOT POSITIVE
     DEFINITE.  THIS COULD INDICATE A NEGATIVE VARIANCE/RESIDUAL VARIANCE FOR A
     LATENT VARIABLE, A CORRELATION GREATER OR EQUAL TO ONE BETWEEN TWO LATENT
     VARIABLES, OR A LINEAR DEPENDENCY AMONG MORE THAN TWO LATENT VARIABLES.
     CHECK THE TECH4 OUTPUT FOR MORE INFORMATION.
     PROBLEM INVOLVING VARIABLE ATTHC3M.




MODEL FIT INFORMATION

Number of Free Parameters                       32

Chi-Square Test of Model Fit

          Value                              2.906*
          Degrees of Freedom                     3
          P-Value                           0.4063

*   The chi-square value for MLM, MLMV, MLR, ULSMV, WLSM and WLSMV cannot be used
    for chi-square difference testing in the regular way.  MLM, MLR and WLSM
    chi-square difference testing is described on the Mplus website.  MLMV, WLSMV,
    and ULSMV difference testing is done using the DIFFTEST option.

RMSEA (Root Mean Square Error Of Approximation)

          Estimate                           0.000
          90 Percent C.I.                    0.000  0.047
          Probability RMSEA <= .05           0.967

CFI/TLI

          CFI                                1.000
          TLI                                1.000

Chi-Square Test of Model Fit for the Baseline Model

          Value                          34830.855
          Degrees of Freedom                    15
          P-Value                           0.0000

SRMR (Standardized Root Mean Square Residual)

          Value                              0.006

Optimum Function Value for Weighted Least-Squares Estimator

          Value                     0.29009531D-03



MODEL RESULTS

                                                    Two-Tailed
                    Estimate       S.E.  Est./S.E.    P-Value

 F1       BY
    ATTHC3M            1.141      0.159      7.181      0.000
    ATTHCURG           0.527      0.227      2.320      0.020
    ATTHCPRB           0.008      0.031      0.246      0.806
    ATTHCEXP           0.014      0.084      0.168      0.866
    ATTHCWOR          -0.088      0.116     -0.762      0.446
    ATTHCTRY          -0.219      0.169     -1.298      0.194

 F2       BY
    ATTHC3M            0.001      0.001      0.708      0.479
    ATTHCURG           0.435      0.210      2.070      0.038
    ATTHCPRB           0.922      0.042     21.871      0.000
    ATTHCEXP           0.910      0.079     11.474      0.000
    ATTHCWOR           0.588      0.121      4.860      0.000
    ATTHCTRY           0.826      0.168      4.927      0.000

 F2       WITH
    F1                 0.736      0.110      6.713      0.000

 ATTHCTRY WITH
    ATTHCWOR           0.321      0.048      6.620      0.000

 Thresholds
    ATTHC3M$1          0.590      0.037     15.807      0.000
    ATTHC3M$2          0.834      0.040     20.958      0.000
    ATTHC3M$3          1.027      0.043     24.107      0.000
    ATTHC3M$4          1.319      0.049     27.104      0.000
    ATTHCURG$1         0.826      0.040     20.804      0.000
    ATTHCURG$2         0.985      0.042     23.495      0.000
    ATTHCURG$3         1.118      0.044     25.269      0.000
    ATTHCURG$4         1.352      0.050     27.307      0.000
    ATTHCPRB$1         1.574      0.056     27.928      0.000
    ATTHCPRB$2         1.735      0.063     27.625      0.000
    ATTHCPRB$3         1.910      0.072     26.658      0.000
    ATTHCPRB$4         2.154      0.088     24.382      0.000
    ATTHCEXP$1         1.661      0.060     27.840      0.000
    ATTHCEXP$2         1.898      0.071     26.744      0.000
    ATTHCEXP$3         2.064      0.081     25.330      0.000
    ATTHCEXP$4         2.321      0.104     22.379      0.000
    ATTHCWOR$1         0.860      0.040     21.418      0.000
    ATTHCWOR$2         1.646      0.059     27.868      0.000
    ATTHCTRY$1         0.921      0.041     22.472      0.000
    ATTHCTRY$2         1.623      0.058     27.900      0.000

 Variances
    F1                 1.000      0.000    999.000    999.000
    F2                 1.000      0.000    999.000    999.000


STANDARDIZED MODEL RESULTS


STDYX Standardization

                                                    Two-Tailed
                    Estimate       S.E.  Est./S.E.    P-Value

 F1       BY
    ATTHC3M            1.141      0.159      7.181      0.000
    ATTHCURG           0.527      0.227      2.320      0.020
    ATTHCPRB           0.008      0.031      0.246      0.806
    ATTHCEXP           0.014      0.084      0.168      0.866
    ATTHCWOR          -0.088      0.116     -0.762      0.446
    ATTHCTRY          -0.219      0.169     -1.298      0.194

 F2       BY
    ATTHC3M            0.001      0.001      0.708      0.479
    ATTHCURG           0.435      0.210      2.070      0.038
    ATTHCPRB           0.922      0.042     21.871      0.000
    ATTHCEXP           0.910      0.079     11.474      0.000
    ATTHCWOR           0.588      0.121      4.860      0.000
    ATTHCTRY           0.826      0.168      4.927      0.000

 F2       WITH
    F1                 0.736      0.110      6.713      0.000

 ATTHCTRY WITH
    ATTHCWOR           0.516      0.048     10.709      0.000

 Thresholds
    ATTHC3M$1          0.590      0.037     15.807      0.000
    ATTHC3M$2          0.834      0.040     20.958      0.000
    ATTHC3M$3          1.027      0.043     24.107      0.000
    ATTHC3M$4          1.319      0.049     27.104      0.000
    ATTHCURG$1         0.826      0.040     20.804      0.000
    ATTHCURG$2         0.985      0.042     23.495      0.000
    ATTHCURG$3         1.118      0.044     25.269      0.000
    ATTHCURG$4         1.352      0.050     27.307      0.000
    ATTHCPRB$1         1.574      0.056     27.928      0.000
    ATTHCPRB$2         1.735      0.063     27.625      0.000
    ATTHCPRB$3         1.910      0.072     26.658      0.000
    ATTHCPRB$4         2.154      0.088     24.382      0.000
    ATTHCEXP$1         1.661      0.060     27.840      0.000
    ATTHCEXP$2         1.898      0.071     26.744      0.000
    ATTHCEXP$3         2.064      0.081     25.330      0.000
    ATTHCEXP$4         2.321      0.104     22.379      0.000
    ATTHCWOR$1         0.860      0.040     21.418      0.000
    ATTHCWOR$2         1.646      0.059     27.868      0.000
    ATTHCTRY$1         0.921      0.041     22.472      0.000
    ATTHCTRY$2         1.623      0.058     27.900      0.000

 Variances
    F1                 1.000      0.000    999.000    999.000
    F2                 1.000      0.000    999.000    999.000


STDY Standardization

                                                    Two-Tailed
                    Estimate       S.E.  Est./S.E.    P-Value

 F1       BY
    ATTHC3M            1.141      0.159      7.181      0.000
    ATTHCURG           0.527      0.227      2.320      0.020
    ATTHCPRB           0.008      0.031      0.246      0.806
    ATTHCEXP           0.014      0.084      0.168      0.866
    ATTHCWOR          -0.088      0.116     -0.762      0.446
    ATTHCTRY          -0.219      0.169     -1.298      0.194

 F2       BY
    ATTHC3M            0.001      0.001      0.708      0.479
    ATTHCURG           0.435      0.210      2.070      0.038
    ATTHCPRB           0.922      0.042     21.871      0.000
    ATTHCEXP           0.910      0.079     11.474      0.000
    ATTHCWOR           0.588      0.121      4.860      0.000
    ATTHCTRY           0.826      0.168      4.927      0.000

 F2       WITH
    F1                 0.736      0.110      6.713      0.000

 ATTHCTRY WITH
    ATTHCWOR           0.516      0.048     10.709      0.000

 Thresholds
    ATTHC3M$1          0.590      0.037     15.807      0.000
    ATTHC3M$2          0.834      0.040     20.958      0.000
    ATTHC3M$3          1.027      0.043     24.107      0.000
    ATTHC3M$4          1.319      0.049     27.104      0.000
    ATTHCURG$1         0.826      0.040     20.804      0.000
    ATTHCURG$2         0.985      0.042     23.495      0.000
    ATTHCURG$3         1.118      0.044     25.269      0.000
    ATTHCURG$4         1.352      0.050     27.307      0.000
    ATTHCPRB$1         1.574      0.056     27.928      0.000
    ATTHCPRB$2         1.735      0.063     27.625      0.000
    ATTHCPRB$3         1.910      0.072     26.658      0.000
    ATTHCPRB$4         2.154      0.088     24.382      0.000
    ATTHCEXP$1         1.661      0.060     27.840      0.000
    ATTHCEXP$2         1.898      0.071     26.744      0.000
    ATTHCEXP$3         2.064      0.081     25.330      0.000
    ATTHCEXP$4         2.321      0.104     22.379      0.000
    ATTHCWOR$1         0.860      0.040     21.418      0.000
    ATTHCWOR$2         1.646      0.059     27.868      0.000
    ATTHCTRY$1         0.921      0.041     22.472      0.000
    ATTHCTRY$2         1.623      0.058     27.900      0.000

 Variances
    F1                 1.000      0.000    999.000    999.000
    F2                 1.000      0.000    999.000    999.000


STD Standardization

                                                    Two-Tailed
                    Estimate       S.E.  Est./S.E.    P-Value

 F1       BY
    ATTHC3M            1.141      0.159      7.181      0.000
    ATTHCURG           0.527      0.227      2.320      0.020
    ATTHCPRB           0.008      0.031      0.246      0.806
    ATTHCEXP           0.014      0.084      0.168      0.866
    ATTHCWOR          -0.088      0.116     -0.762      0.446
    ATTHCTRY          -0.219      0.169     -1.298      0.194

 F2       BY
    ATTHC3M            0.001      0.001      0.708      0.479
    ATTHCURG           0.435      0.210      2.070      0.038
    ATTHCPRB           0.922      0.042     21.871      0.000
    ATTHCEXP           0.910      0.079     11.474      0.000
    ATTHCWOR           0.588      0.121      4.860      0.000
    ATTHCTRY           0.826      0.168      4.927      0.000

 F2       WITH
    F1                 0.736      0.110      6.713      0.000

 ATTHCTRY WITH
    ATTHCWOR           0.321      0.048      6.620      0.000

 Thresholds
    ATTHC3M$1          0.590      0.037     15.807      0.000
    ATTHC3M$2          0.834      0.040     20.958      0.000
    ATTHC3M$3          1.027      0.043     24.107      0.000
    ATTHC3M$4          1.319      0.049     27.104      0.000
    ATTHCURG$1         0.826      0.040     20.804      0.000
    ATTHCURG$2         0.985      0.042     23.495      0.000
    ATTHCURG$3         1.118      0.044     25.269      0.000
    ATTHCURG$4         1.352      0.050     27.307      0.000
    ATTHCPRB$1         1.574      0.056     27.928      0.000
    ATTHCPRB$2         1.735      0.063     27.625      0.000
    ATTHCPRB$3         1.910      0.072     26.658      0.000
    ATTHCPRB$4         2.154      0.088     24.382      0.000
    ATTHCEXP$1         1.661      0.060     27.840      0.000
    ATTHCEXP$2         1.898      0.071     26.744      0.000
    ATTHCEXP$3         2.064      0.081     25.330      0.000
    ATTHCEXP$4         2.321      0.104     22.379      0.000
    ATTHCWOR$1         0.860      0.040     21.418      0.000
    ATTHCWOR$2         1.646      0.059     27.868      0.000
    ATTHCTRY$1         0.921      0.041     22.472      0.000
    ATTHCTRY$2         1.623      0.058     27.900      0.000

 Variances
    F1                 1.000      0.000    999.000    999.000
    F2                 1.000      0.000    999.000    999.000


R-SQUARE

    Observed                                        Two-Tailed   Residual
    Variable        Estimate       S.E.  Est./S.E.    P-Value    Variance

    ATTHC3M         Undefined   0.13031E+01                       -0.303
    ATTHCURG           0.804      0.091      8.786      0.000      0.196
    ATTHCPRB           0.861      0.048     17.825      0.000      0.139
    ATTHCEXP           0.847      0.053     16.049      0.000      0.153
    ATTHCWOR           0.277      0.053      5.192      0.000      0.723
    ATTHCTRY           0.463      0.070      6.667      0.000      0.537


QUALITY OF NUMERICAL RESULTS

     Condition Number for the Information Matrix              0.305E-04
       (ratio of smallest to largest eigenvalue)


MODEL MODIFICATION INDICES

Minimum M.I. value for printing the modification index    10.000

                                   M.I.     E.P.C.  Std E.P.C.  StdYX E.P.C.

No modification indices above the minimum value.



     Beginning Time:  23:57:46
        Ending Time:  23:57:46
       Elapsed Time:  00:00:00



MUTHEN & MUTHEN
3463 Stoner Ave.
Los Angeles, CA  90066

Tel: (310) 391-9971
Fax: (310) 391-8971
Web: www.StatModel.com
Support: Support@StatModel.com

Copyright (c) 1998-2019 Muthen & Muthen
